#
# There is insufficient memory for the Java Runtime Environment to continue.
# Native memory allocation (mmap) failed to map 112197632 bytes for committing reserved memory.
# Possible reasons:
#   The system is out of physical RAM or swap space
#   In 32 bit mode, the process size limit was hit
# Possible solutions:
#   Reduce memory load on the system
#   Increase physical memory or swap space
#   Check if swap backing store is full
#   Use 64 bit Java on a 64 bit OS
#   Decrease Java heap size (-Xmx/-Xms)
#   Decrease number of Java threads
#   Decrease Java thread stack sizes (-Xss)
#   Set larger code cache with -XX:ReservedCodeCacheSize=
# This output file may be truncated or incomplete.
#
#  Out of Memory Error (os_linux.cpp:2743), pid=41195, tid=0x00007f23cc244700
#
# JRE version: Java(TM) SE Runtime Environment (8.0_191-b12) (build 1.8.0_191-b12)
# Java VM: Java HotSpot(TM) 64-Bit Server VM (25.191-b12 mixed mode linux-amd64 compressed oops)
# Failed to write core dump. Core dumps have been disabled. To enable core dumping, try "ulimit -c unlimited" before starting Java again
#

---------------  T H R E A D  ---------------

Current thread (0x00007f23e0149800):  VMThread [stack: 0x00007f23cc145000,0x00007f23cc245000] [id=41210]

Stack: [0x00007f23cc145000,0x00007f23cc245000],  sp=0x00007f23cc243430,  free space=1017k
Native frames: (J=compiled Java code, j=interpreted, Vv=VM code, C=native code)
V  [libjvm.so+0xace425]  VMError::report_and_die()+0x2c5
V  [libjvm.so+0x4deb77]  report_vm_out_of_memory(char const*, int, unsigned long, VMErrorType, char const*)+0x67
V  [libjvm.so+0x90c570]  os::pd_commit_memory(char*, unsigned long, unsigned long, bool)+0x100
V  [libjvm.so+0x903eaf]  os::commit_memory(char*, unsigned long, unsigned long, bool)+0x1f
V  [libjvm.so+0x988346]  PSVirtualSpace::expand_by(unsigned long)+0x56
V  [libjvm.so+0x9895d8]  PSYoungGen::resize(unsigned long, unsigned long)+0xd8
V  [libjvm.so+0x985d66]  PSScavenge::invoke_no_policy()+0x1356
V  [libjvm.so+0x98610c]  PSScavenge::invoke()+0x4c
V  [libjvm.so+0x935fb8]  ParallelScavengeHeap::failed_mem_allocate(unsigned long)+0x68
V  [libjvm.so+0xacff53]  VM_ParallelGCFailedAllocation::doit()+0x93
V  [libjvm.so+0xad50f6]  VM_Operation::evaluate()+0x46
V  [libjvm.so+0xad347d]  VMThread::evaluate_operation(VM_Operation*) [clone .constprop.44]+0xcd
V  [libjvm.so+0xad3a3b]  VMThread::loop()+0x37b
V  [libjvm.so+0xad3de8]  VMThread::run()+0x78
V  [libjvm.so+0x909c92]  java_start(Thread*)+0x102

VM_Operation (0x00007f23e942d850): ParallelGCFailedAllocation, mode: safepoint, requested by thread 0x00007f23e0014800


---------------  P R O C E S S  ---------------

Java Threads: ( => current thread )
  0x00007f23e17f1000 JavaThread "Idle-Rpc-Conn-Sweeper-pool2-t1" daemon [_thread_blocked, id=41243, stack(0x00007f23b4dfd000,0x00007f23b4efe000)]
  0x00007f23e1379800 JavaThread "org.apache.hadoop.fs.FileSystem$Statistics$StatisticsDataReferenceCleaner" daemon [_thread_blocked, id=41242, stack(0x00007f23b50fe000,0x00007f23b51ff000)]
  0x00007f23e1136800 JavaThread "main-EventThread" daemon [_thread_blocked, id=41239, stack(0x00007f23b53ff000,0x00007f23b5500000)]
  0x00007f23e1135800 JavaThread "main-SendThread(localhost:2181)" daemon [_thread_in_native, id=41238, stack(0x00007f23b5902000,0x00007f23b5a03000)]
  0x00007f23e0fbd800 JavaThread "process reaper" daemon [_thread_blocked, id=41236, stack(0x00007f23b6ff9000,0x00007f23b7032000)]
  0x00007f23e0f7f000 JavaThread "commons-pool-evictor-thread" daemon [_thread_blocked, id=41234, stack(0x00007f23b5c03000,0x00007f23b5d04000)]
  0x00007f23a4001000 JavaThread "Attach Listener" daemon [_thread_blocked, id=41232, stack(0x00007f23b6720000,0x00007f23b6821000)]
  0x00007f23e09d6800 JavaThread "Service Thread" daemon [_thread_blocked, id=41227, stack(0x00007f23b6b22000,0x00007f23b6c23000)]
  0x00007f23e09d3800 JavaThread "C1 CompilerThread2" daemon [_thread_blocked, id=41226, stack(0x00007f23b6e3b000,0x00007f23b6f3b000)]
  0x00007f23e09d1800 JavaThread "C2 CompilerThread1" daemon [_thread_blocked, id=41225, stack(0x00007f23b7033000,0x00007f23b7133000)]
  0x00007f23e09d0800 JavaThread "C2 CompilerThread0" daemon [_thread_blocked, id=41224, stack(0x00007f23b7134000,0x00007f23b7234000)]
  0x00007f23e09cf800 JavaThread "Monitor Ctrl-Break" daemon [_thread_in_native, id=41223, stack(0x00007f23b7234000,0x00007f23b7335000)]
  0x00007f23e0189800 JavaThread "Signal Dispatcher" daemon [_thread_blocked, id=41222, stack(0x00007f23b796a000,0x00007f23b7a6b000)]
  0x00007f23e0156000 JavaThread "Finalizer" daemon [_thread_blocked, id=41214, stack(0x00007f23b7eff000,0x00007f23b8000000)]
  0x00007f23e0153800 JavaThread "Reference Handler" daemon [_thread_blocked, id=41212, stack(0x00007f23cc043000,0x00007f23cc144000)]
  0x00007f23e0014800 JavaThread "main" [_thread_blocked, id=41199, stack(0x00007f23e9330000,0x00007f23e9430000)]

Other Threads:
=>0x00007f23e0149800 VMThread [stack: 0x00007f23cc145000,0x00007f23cc245000] [id=41210]
  0x00007f23e09d9800 WatcherThread [stack: 0x00007f23b6a22000,0x00007f23b6b22000] [id=41228]

VM state:at safepoint (normal execution)

VM Mutex/Monitor currently owned by a thread:  ([mutex/lock_event])
[0x00007f23e0008aa0] Threads_lock - owner thread: 0x00007f23e0149800
[0x00007f23e0008fa0] Heap_lock - owner thread: 0x00007f23e0014800

Heap:
 PSYoungGen      total 311808K, used 37440K [0x0000000793900000, 0x00000007ac280000, 0x00000007c0000000)
  eden space 247296K, 0% used [0x0000000793900000,0x0000000793900000,0x00000007a2a80000)
  from space 64512K, 58% used [0x00000007a2a80000,0x00000007a4f10000,0x00000007a6980000)
  to   space 48128K, 0% used [0x00000007a6980000,0x00000007a6980000,0x00000007a9880000)
 ParOldGen       total 154112K, used 140761K [0x000000073aa00000, 0x0000000744080000, 0x0000000793900000)
  object space 154112K, 91% used [0x000000073aa00000,0x0000000743376628,0x0000000744080000)
 Metaspace       used 27869K, capacity 28078K, committed 28544K, reserved 1075200K
  class space    used 3362K, capacity 3449K, committed 3456K, reserved 1048576K

Card table byte_map: [0x00007f23e59e1000,0x00007f23e5e0d000] byte_map_base: 0x00007f23e200c000

Marking Bits: (ParMarkBitMap*) 0x00007f23e87e0d40
 Begin Bits: [0x00007f23ccd50000, 0x00007f23ceea8000)
 End Bits:   [0x00007f23ceea8000, 0x00007f23d1000000)

Polling page: 0x00007f23e9450000

CodeCache: size=245760Kb used=9641Kb max_used=9652Kb free=236118Kb
 bounds [0x00007f23d1000000, 0x00007f23d1980000, 0x00007f23e0000000]
 total_blobs=2932 nmethods=2479 adapters=366
 compilation: enabled

Compilation events (10 events):
Event: 5.469 Thread 0x00007f23e09d1800 2482 % !   4       cn.edu.zucc.caviar.searchengine.common.vec.Word2VEC::<init> @ 191 (426 bytes)
Event: 5.499 Thread 0x00007f23e09d1800 nmethod 2482% 0x00007f23d196ea10 code [0x00007f23d196eca0, 0x00007f23d1970400]
Event: 5.735 Thread 0x00007f23e09d3800 2483       3       java.util.HashMap::resize (359 bytes)
Event: 5.736 Thread 0x00007f23e09d3800 nmethod 2483 0x00007f23d1937c10 code [0x00007f23d1937e60, 0x00007f23d19390a8]
Event: 5.739 Thread 0x00007f23e09d3800 2484 %     3       java.util.HashMap::resize @ 154 (359 bytes)
Event: 5.740 Thread 0x00007f23e09d3800 nmethod 2484% 0x00007f23d1935d90 code [0x00007f23d1936000, 0x00007f23d1937328]
Event: 5.741 Thread 0x00007f23e09d0800 2485 %     4       java.util.HashMap::resize @ 154 (359 bytes)
Event: 5.746 Thread 0x00007f23e09d0800 nmethod 2485% 0x00007f23d193af50 code [0x00007f23d193b0e0, 0x00007f23d193b688]
Event: 6.331 Thread 0x00007f23e09d3800 2486       3       sun.nio.cs.UTF_8$Decoder::isNotContinuation (17 bytes)
Event: 6.331 Thread 0x00007f23e09d3800 nmethod 2486 0x00007f23d1935a10 code [0x00007f23d1935b80, 0x00007f23d1935d10]

GC Heap History (10 events):
Event: 4.756 GC heap after
Heap after GC invocations=10 (full 1):
 PSYoungGen      total 161792K, used 22009K [0x0000000793900000, 0x00000007a3680000, 0x00000007c0000000)
  eden space 139776K, 0% used [0x0000000793900000,0x0000000793900000,0x000000079c180000)
  from space 22016K, 99% used [0x000000079c180000,0x000000079d6fe580,0x000000079d700000)
  to   space 30720K, 0% used [0x00000007a1880000,0x00000007a1880000,0x00000007a3680000)
 ParOldGen       total 65536K, used 43749K [0x000000073aa00000, 0x000000073ea00000, 0x0000000793900000)
  object space 65536K, 66% used [0x000000073aa00000,0x000000073d4b9508,0x000000073ea00000)
 Metaspace       used 27866K, capacity 28078K, committed 28544K, reserved 1075200K
  class space    used 3362K, capacity 3449K, committed 3456K, reserved 1048576K
}
Event: 4.984 GC heap before
{Heap before GC invocations=11 (full 1):
 PSYoungGen      total 161792K, used 161785K [0x0000000793900000, 0x00000007a3680000, 0x00000007c0000000)
  eden space 139776K, 100% used [0x0000000793900000,0x000000079c180000,0x000000079c180000)
  from space 22016K, 99% used [0x000000079c180000,0x000000079d6fe580,0x000000079d700000)
  to   space 30720K, 0% used [0x00000007a1880000,0x00000007a1880000,0x00000007a3680000)
 ParOldGen       total 65536K, used 43749K [0x000000073aa00000, 0x000000073ea00000, 0x0000000793900000)
  object space 65536K, 66% used [0x000000073aa00000,0x000000073d4b9508,0x000000073ea00000)
 Metaspace       used 27866K, capacity 28078K, committed 28544K, reserved 1075200K
  class space    used 3362K, capacity 3449K, committed 3456K, reserved 1048576K
Event: 5.004 GC heap after
Heap after GC invocations=11 (full 1):
 PSYoungGen      total 219136K, used 30688K [0x0000000793900000, 0x00000007a4d80000, 0x00000007c0000000)
  eden space 188416K, 0% used [0x0000000793900000,0x0000000793900000,0x000000079f100000)
  from space 30720K, 99% used [0x00000007a1880000,0x00000007a3678010,0x00000007a3680000)
  to   space 40448K, 0% used [0x000000079f100000,0x000000079f100000,0x00000007a1880000)
 ParOldGen       total 65536K, used 56861K [0x000000073aa00000, 0x000000073ea00000, 0x0000000793900000)
  object space 65536K, 86% used [0x000000073aa00000,0x000000073e187500,0x000000073ea00000)
 Metaspace       used 27866K, capacity 28078K, committed 28544K, reserved 1075200K
  class space    used 3362K, capacity 3449K, committed 3456K, reserved 1048576K
}
Event: 5.004 GC heap before
{Heap before GC invocations=12 (full 2):
 PSYoungGen      total 219136K, used 30688K [0x0000000793900000, 0x00000007a4d80000, 0x00000007c0000000)
  eden space 188416K, 0% used [0x0000000793900000,0x0000000793900000,0x000000079f100000)
  from space 30720K, 99% used [0x00000007a1880000,0x00000007a3678010,0x00000007a3680000)
  to   space 40448K, 0% used [0x000000079f100000,0x000000079f100000,0x00000007a1880000)
 ParOldGen       total 65536K, used 56861K [0x000000073aa00000, 0x000000073ea00000, 0x0000000793900000)
  object space 65536K, 86% used [0x000000073aa00000,0x000000073e187500,0x000000073ea00000)
 Metaspace       used 27866K, capacity 28078K, committed 28544K, reserved 1075200K
  class space    used 3362K, capacity 3449K, committed 3456K, reserved 1048576K
Event: 5.089 GC heap after
Heap after GC invocations=12 (full 2):
 PSYoungGen      total 219136K, used 14655K [0x0000000793900000, 0x00000007a4d80000, 0x00000007c0000000)
  eden space 188416K, 0% used [0x0000000793900000,0x0000000793900000,0x000000079f100000)
  from space 30720K, 47% used [0x00000007a1880000,0x00000007a26cfc78,0x00000007a3680000)
  to   space 40448K, 0% used [0x000000079f100000,0x000000079f100000,0x00000007a1880000)
 ParOldGen       total 154112K, used 65113K [0x000000073aa00000, 0x0000000744080000, 0x0000000793900000)
  object space 154112K, 42% used [0x000000073aa00000,0x000000073e996618,0x0000000744080000)
 Metaspace       used 27866K, capacity 28078K, committed 28544K, reserved 1075200K
  class space    used 3362K, capacity 3449K, committed 3456K, reserved 1048576K
}
Event: 5.401 GC heap before
{Heap before GC invocations=13 (full 2):
 PSYoungGen      total 219136K, used 203071K [0x0000000793900000, 0x00000007a4d80000, 0x00000007c0000000)
  eden space 188416K, 100% used [0x0000000793900000,0x000000079f100000,0x000000079f100000)
  from space 30720K, 47% used [0x00000007a1880000,0x00000007a26cfc78,0x00000007a3680000)
  to   space 40448K, 0% used [0x000000079f100000,0x000000079f100000,0x00000007a1880000)
 ParOldGen       total 154112K, used 65113K [0x000000073aa00000, 0x0000000744080000, 0x0000000793900000)
  object space 154112K, 42% used [0x000000073aa00000,0x000000073e996618,0x0000000744080000)
 Metaspace       used 27866K, capacity 28078K, committed 28544K, reserved 1075200K
  class space    used 3362K, capacity 3449K, committed 3456K, reserved 1048576K
Event: 5.429 GC heap after
Heap after GC invocations=13 (full 2):
 PSYoungGen      total 228864K, used 40448K [0x0000000793900000, 0x00000007a9880000, 0x00000007c0000000)
  eden space 188416K, 0% used [0x0000000793900000,0x0000000793900000,0x000000079f100000)
  from space 40448K, 100% used [0x000000079f100000,0x00000007a1880000,0x00000007a1880000)
  to   space 48128K, 0% used [0x00000007a6980000,0x00000007a6980000,0x00000007a9880000)
 ParOldGen       total 154112K, used 68137K [0x000000073aa00000, 0x0000000744080000, 0x0000000793900000)
  object space 154112K, 44% used [0x000000073aa00000,0x000000073ec8a618,0x0000000744080000)
 Metaspace       used 27866K, capacity 28078K, committed 28544K, reserved 1075200K
  class space    used 3362K, capacity 3449K, committed 3456K, reserved 1048576K
}
Event: 5.783 GC heap before
{Heap before GC invocations=14 (full 2):
 PSYoungGen      total 228864K, used 228864K [0x0000000793900000, 0x00000007a9880000, 0x00000007c0000000)
  eden space 188416K, 100% used [0x0000000793900000,0x000000079f100000,0x000000079f100000)
  from space 40448K, 100% used [0x000000079f100000,0x00000007a1880000,0x00000007a1880000)
  to   space 48128K, 0% used [0x00000007a6980000,0x00000007a6980000,0x00000007a9880000)
 ParOldGen       total 154112K, used 68137K [0x000000073aa00000, 0x0000000744080000, 0x0000000793900000)
  object space 154112K, 44% used [0x000000073aa00000,0x000000073ec8a618,0x0000000744080000)
 Metaspace       used 27869K, capacity 28078K, committed 28544K, reserved 1075200K
  class space    used 3362K, capacity 3449K, committed 3456K, reserved 1048576K
Event: 5.856 GC heap after
Heap after GC invocations=14 (full 2):
 PSYoungGen      total 295424K, used 48096K [0x0000000793900000, 0x00000007ac280000, 0x00000007c0000000)
  eden space 247296K, 0% used [0x0000000793900000,0x0000000793900000,0x00000007a2a80000)
  from space 48128K, 99% used [0x00000007a6980000,0x00000007a9878010,0x00000007a9880000)
  to   space 64512K, 0% used [0x00000007a2a80000,0x00000007a2a80000,0x00000007a6980000)
 ParOldGen       total 154112K, used 90697K [0x000000073aa00000, 0x0000000744080000, 0x0000000793900000)
  object space 154112K, 58% used [0x000000073aa00000,0x0000000740292618,0x0000000744080000)
 Metaspace       used 27869K, capacity 28078K, committed 28544K, reserved 1075200K
  class space    used 3362K, capacity 3449K, committed 3456K, reserved 1048576K
}
Event: 6.375 GC heap before
{Heap before GC invocations=15 (full 2):
 PSYoungGen      total 295424K, used 295392K [0x0000000793900000, 0x00000007ac280000, 0x00000007c0000000)
  eden space 247296K, 100% used [0x0000000793900000,0x00000007a2a80000,0x00000007a2a80000)
  from space 48128K, 99% used [0x00000007a6980000,0x00000007a9878010,0x00000007a9880000)
  to   space 64512K, 0% used [0x00000007a2a80000,0x00000007a2a80000,0x00000007a6980000)
 ParOldGen       total 154112K, used 90697K [0x000000073aa00000, 0x0000000744080000, 0x0000000793900000)
  object space 154112K, 58% used [0x000000073aa00000,0x0000000740292618,0x0000000744080000)
 Metaspace       used 27869K, capacity 28078K, committed 28544K, reserved 1075200K
  class space    used 3362K, capacity 3449K, committed 3456K, reserved 1048576K

Deoptimization events (10 events):
Event: 2.659 Thread 0x00007f23e0014800 Uncommon trap: reason=class_check action=maybe_recompile pc=0x00007f23d17a0064 method=org.apache.xerces.impl.XMLNSDocumentScannerImpl.scanStartElement()Z @ 827
Event: 2.708 Thread 0x00007f23e0014800 Uncommon trap: reason=unstable_if action=reinterpret pc=0x00007f23d1418d40 method=sun.misc.MetaIndex.mayContain(Ljava/lang/String;)Z @ 38
Event: 3.106 Thread 0x00007f23e0014800 Uncommon trap: reason=unstable_if action=reinterpret pc=0x00007f23d1837954 method=com.google.common.collect.MapMakerInternalMap$Segment.getEntry(Ljava/lang/Object;I)Lcom/google/common/collect/MapMakerInternalMap$ReferenceEntry; @ 40
Event: 3.120 Thread 0x00007f23e0014800 Uncommon trap: reason=unstable_if action=reinterpret pc=0x00007f23d1832be4 method=com.google.common.collect.MapMakerInternalMap$Segment.getEntry(Ljava/lang/Object;I)Lcom/google/common/collect/MapMakerInternalMap$ReferenceEntry; @ 40
Event: 3.139 Thread 0x00007f23e0014800 Uncommon trap: reason=unstable_if action=reinterpret pc=0x00007f23d12055f4 method=java.io.UnixFileSystem.normalize(Ljava/lang/String;)Ljava/lang/String; @ 34
Event: 3.191 Thread 0x00007f23e0014800 Uncommon trap: reason=unstable_if action=reinterpret pc=0x00007f23d1857368 method=java.lang.ThreadLocal$ThreadLocalMap.getEntry(Ljava/lang/ThreadLocal;)Ljava/lang/ThreadLocal$ThreadLocalMap$Entry; @ 29
Event: 3.858 Thread 0x00007f23e0014800 Uncommon trap: reason=unstable_if action=reinterpret pc=0x00007f23d12243dc method=sun.nio.cs.UTF_8$Decoder.decode([BII[C)I @ 30
Event: 5.093 Thread 0x00007f23e0014800 Uncommon trap: reason=unstable_if action=reinterpret pc=0x00007f23d1955134 method=sun.nio.cs.UTF_8$Decoder.decode([BII[C)I @ 67
Event: 5.436 Thread 0x00007f23e0014800 Uncommon trap: reason=unstable_if action=reinterpret pc=0x00007f23d194fb04 method=java.util.HashMap.putVal(ILjava/lang/Object;Ljava/lang/Object;ZZ)Ljava/lang/Object; @ 162
Event: 5.735 Thread 0x00007f23e0014800 Uncommon trap: reason=unstable_if action=reinterpret pc=0x00007f23d186ccb4 method=java.util.HashMap.resize()[Ljava/util/HashMap$Node; @ 206

Classes redefined (0 events):
No events

Internal exceptions (10 events):
Event: 3.828 Thread 0x00007f23e0014800 Exception <a 'java/lang/ClassNotFoundException': cn/edu/zucc/caviar/searchengine/common/utils/RedisUtilBeanInfo> (0x0000000795357af8) thrown at [/HUDSON/workspace/8-2-build-linux-amd64/jdk8u191/11894/hotspot/src/share/vm/classfile/systemDictionary.cpp, li
Event: 3.829 Thread 0x00007f23e0014800 Exception <a 'java/lang/ClassNotFoundException': cn/edu/zucc/caviar/searchengine/common/utils/RedisUtilCustomizer> (0x0000000795387ea8) thrown at [/HUDSON/workspace/8-2-build-linux-amd64/jdk8u191/11894/hotspot/src/share/vm/classfile/systemDictionary.cpp, 
Event: 3.846 Thread 0x00007f23e0014800 Exception <a 'java/lang/ClassNotFoundException': org/springframework/context/event/EventListenerMethodProcessorBeanInfo> (0x0000000795437550) thrown at [/HUDSON/workspace/8-2-build-linux-amd64/jdk8u191/11894/hotspot/src/share/vm/classfile/systemDictionary
Event: 3.846 Thread 0x00007f23e0014800 Exception <a 'java/lang/ClassNotFoundException': org/springframework/context/event/EventListenerMethodProcessorCustomizer> (0x000000079546bfa8) thrown at [/HUDSON/workspace/8-2-build-linux-amd64/jdk8u191/11894/hotspot/src/share/vm/classfile/systemDictiona
Event: 3.846 Thread 0x00007f23e0014800 Exception <a 'java/lang/ClassNotFoundException': org/springframework/beans/factory/SmartInitializingSingletonCustomizer> (0x00000007954a31e8) thrown at [/HUDSON/workspace/8-2-build-linux-amd64/jdk8u191/11894/hotspot/src/share/vm/classfile/systemDictionary
Event: 3.847 Thread 0x00007f23e0014800 Exception <a 'java/lang/ClassNotFoundException': org/springframework/context/ApplicationContextAwareCustomizer> (0x00000007954d29d8) thrown at [/HUDSON/workspace/8-2-build-linux-amd64/jdk8u191/11894/hotspot/src/share/vm/classfile/systemDictionary.cpp, lin
Event: 3.851 Thread 0x00007f23e0014800 Exception <a 'java/lang/ClassNotFoundException': org/springframework/context/event/DefaultEventListenerFactoryBeanInfo> (0x000000079551bd20) thrown at [/HUDSON/workspace/8-2-build-linux-amd64/jdk8u191/11894/hotspot/src/share/vm/classfile/systemDictionary.
Event: 3.852 Thread 0x00007f23e0014800 Exception <a 'java/lang/ClassNotFoundException': org/springframework/context/event/DefaultEventListenerFactoryCustomizer> (0x000000079554fb80) thrown at [/HUDSON/workspace/8-2-build-linux-amd64/jdk8u191/11894/hotspot/src/share/vm/classfile/systemDictionar
Event: 3.853 Thread 0x00007f23e0014800 Exception <a 'java/lang/ClassNotFoundException': org/springframework/context/event/EventListenerFactoryCustomizer> (0x0000000795588240) thrown at [/HUDSON/workspace/8-2-build-linux-amd64/jdk8u191/11894/hotspot/src/share/vm/classfile/systemDictionary.cpp, 
Event: 3.853 Thread 0x00007f23e0014800 Exception <a 'java/lang/ClassNotFoundException': org/springframework/core/OrderedCustomizer> (0x00000007955adc78) thrown at [/HUDSON/workspace/8-2-build-linux-amd64/jdk8u191/11894/hotspot/src/share/vm/classfile/systemDictionary.cpp, line 210]

Events (10 events):
Event: 5.470 Thread 0x00007f23e0014800 DEOPT PACKING pc=0x00007f23d19683ef sp=0x00007f23e942d8a0
Event: 5.470 Thread 0x00007f23e0014800 DEOPT UNPACKING pc=0x00007f23d1047784 sp=0x00007f23e942d6d8 mode 0
Event: 5.471 Thread 0x00007f23e0014800 DEOPT PACKING pc=0x00007f23d19683ef sp=0x00007f23e942d8a0
Event: 5.471 Thread 0x00007f23e0014800 DEOPT UNPACKING pc=0x00007f23d1047784 sp=0x00007f23e942d6d8 mode 0
Event: 5.735 Thread 0x00007f23e0014800 Uncommon trap: trap_request=0xffffff65 fr.pc=0x00007f23d186ccb4
Event: 5.735 Thread 0x00007f23e0014800 DEOPT PACKING pc=0x00007f23d186ccb4 sp=0x00007f23e942d950
Event: 5.735 Thread 0x00007f23e0014800 DEOPT UNPACKING pc=0x00007f23d104573a sp=0x00007f23e942d8d8 mode 2
Event: 5.783 Executing VM operation: ParallelGCFailedAllocation
Event: 5.856 Executing VM operation: ParallelGCFailedAllocation done
Event: 6.375 Executing VM operation: ParallelGCFailedAllocation


Dynamic libraries:
00400000-00401000 r-xp 00000000 08:01 271761                             /usr/lib/jdk/jdk1.8/bin/java
00600000-00601000 r--p 00000000 08:01 271761                             /usr/lib/jdk/jdk1.8/bin/java
00601000-00602000 rw-p 00001000 08:01 271761                             /usr/lib/jdk/jdk1.8/bin/java
00ae4000-00b05000 rw-p 00000000 00:00 0                                  [heap]
73aa00000-744080000 rw-p 00000000 00:00 0 
744080000-793900000 ---p 00000000 00:00 0 
793900000-7ac280000 rw-p 00000000 00:00 0 
7b2d80000-7c0000000 ---p 00000000 00:00 0 
7c0000000-7c0360000 rw-p 00000000 00:00 0 
7c0360000-800000000 ---p 00000000 00:00 0 
7f236c000000-7f236c021000 rw-p 00000000 00:00 0 
7f236c021000-7f2370000000 ---p 00000000 00:00 0 
7f2374000000-7f2374021000 rw-p 00000000 00:00 0 
7f2374021000-7f2378000000 ---p 00000000 00:00 0 
7f2378000000-7f2378021000 rw-p 00000000 00:00 0 
7f2378021000-7f237c000000 ---p 00000000 00:00 0 
7f237c000000-7f237c021000 rw-p 00000000 00:00 0 
7f237c021000-7f2380000000 ---p 00000000 00:00 0 
7f2380000000-7f2380021000 rw-p 00000000 00:00 0 
7f2380021000-7f2384000000 ---p 00000000 00:00 0 
7f2384000000-7f2384021000 rw-p 00000000 00:00 0 
7f2384021000-7f2388000000 ---p 00000000 00:00 0 
7f2388000000-7f2388021000 rw-p 00000000 00:00 0 
7f2388021000-7f238c000000 ---p 00000000 00:00 0 
7f238c000000-7f238c021000 rw-p 00000000 00:00 0 
7f238c021000-7f2390000000 ---p 00000000 00:00 0 
7f2390000000-7f2390021000 rw-p 00000000 00:00 0 
7f2390021000-7f2394000000 ---p 00000000 00:00 0 
7f2394000000-7f2394c94000 rw-p 00000000 00:00 0 
7f2394c94000-7f2398000000 ---p 00000000 00:00 0 
7f2398fff000-7f239c000000 rw-p 00000000 00:00 0 
7f239c000000-7f239d895000 rw-p 00000000 00:00 0 
7f239d895000-7f23a0000000 ---p 00000000 00:00 0 
7f23a0000000-7f23a1f34000 rw-p 00000000 00:00 0 
7f23a1f34000-7f23a4000000 ---p 00000000 00:00 0 
7f23a4000000-7f23a4021000 rw-p 00000000 00:00 0 
7f23a4021000-7f23a8000000 ---p 00000000 00:00 0 
7f23a8000000-7f23a82a5000 rw-p 00000000 00:00 0 
7f23a82a5000-7f23ac000000 ---p 00000000 00:00 0 
7f23ac000000-7f23ac021000 rw-p 00000000 00:00 0 
7f23ac021000-7f23b0000000 ---p 00000000 00:00 0 
7f23b0000000-7f23b0021000 rw-p 00000000 00:00 0 
7f23b0021000-7f23b4000000 ---p 00000000 00:00 0 
7f23b4961000-7f23b49e1000 rw-p 00000000 00:00 0 
7f23b49e1000-7f23b4b61000 ---p 00000000 00:00 0 
7f23b4dfd000-7f23b4e00000 ---p 00000000 00:00 0 
7f23b4e00000-7f23b50fe000 rw-p 00000000 00:00 0 
7f23b50fe000-7f23b5101000 ---p 00000000 00:00 0 
7f23b5101000-7f23b53ff000 rw-p 00000000 00:00 0 
7f23b53ff000-7f23b5402000 ---p 00000000 00:00 0 
7f23b5402000-7f23b5700000 rw-p 00000000 00:00 0 
7f23b5700000-7f23b5701000 r-xp 00000000 08:01 399339                     /usr/lib/jdk/jdk1.8/jre/lib/amd64/libjaas_unix.so
7f23b5701000-7f23b5900000 ---p 00001000 08:01 399339                     /usr/lib/jdk/jdk1.8/jre/lib/amd64/libjaas_unix.so
7f23b5900000-7f23b5901000 r--p 00000000 08:01 399339                     /usr/lib/jdk/jdk1.8/jre/lib/amd64/libjaas_unix.so
7f23b5901000-7f23b5902000 rw-p 00001000 08:01 399339                     /usr/lib/jdk/jdk1.8/jre/lib/amd64/libjaas_unix.so
7f23b5902000-7f23b5905000 ---p 00000000 00:00 0 
7f23b5905000-7f23b5c03000 rw-p 00000000 00:00 0 
7f23b5c03000-7f23b5c06000 ---p 00000000 00:00 0 
7f23b5c06000-7f23b5d04000 rw-p 00000000 00:00 0 
7f23b5d04000-7f23b5d15000 r-xp 00000000 08:01 399445                     /usr/lib/jdk/jdk1.8/jre/lib/amd64/libnio.so
7f23b5d15000-7f23b5f14000 ---p 00011000 08:01 399445                     /usr/lib/jdk/jdk1.8/jre/lib/amd64/libnio.so
7f23b5f14000-7f23b5f15000 r--p 00010000 08:01 399445                     /usr/lib/jdk/jdk1.8/jre/lib/amd64/libnio.so
7f23b5f15000-7f23b5f16000 rw-p 00011000 08:01 399445                     /usr/lib/jdk/jdk1.8/jre/lib/amd64/libnio.so
7f23b5f16000-7f23b5f1e000 r-xp 00000000 08:01 399476                     /usr/lib/jdk/jdk1.8/jre/lib/amd64/libmanagement.so
7f23b5f1e000-7f23b611e000 ---p 00008000 08:01 399476                     /usr/lib/jdk/jdk1.8/jre/lib/amd64/libmanagement.so
7f23b611e000-7f23b611f000 r--p 00008000 08:01 399476                     /usr/lib/jdk/jdk1.8/jre/lib/amd64/libmanagement.so
7f23b611f000-7f23b6120000 rw-p 00009000 08:01 399476                     /usr/lib/jdk/jdk1.8/jre/lib/amd64/libmanagement.so
7f23b6120000-7f23b6320000 rw-p 00000000 00:00 0 
7f23b6320000-7f23b6520000 rw-p 00000000 00:00 0 
7f23b6520000-7f23b6720000 rw-p 00000000 00:00 0 
7f23b6720000-7f23b6723000 ---p 00000000 00:00 0 
7f23b6723000-7f23b6a21000 rw-p 00000000 00:00 0 
7f23b6a21000-7f23b6a22000 ---p 00000000 00:00 0 
7f23b6a22000-7f23b6b22000 rw-p 00000000 00:00 0 
7f23b6b22000-7f23b6b25000 ---p 00000000 00:00 0 
7f23b6b25000-7f23b6c23000 rw-p 00000000 00:00 0 
7f23b6c23000-7f23b6c39000 r-xp 00000000 08:01 399392                     /usr/lib/jdk/jdk1.8/jre/lib/amd64/libnet.so
7f23b6c39000-7f23b6e38000 ---p 00016000 08:01 399392                     /usr/lib/jdk/jdk1.8/jre/lib/amd64/libnet.so
7f23b6e38000-7f23b6e39000 r--p 00015000 08:01 399392                     /usr/lib/jdk/jdk1.8/jre/lib/amd64/libnet.so
7f23b6e39000-7f23b6e3a000 rw-p 00016000 08:01 399392                     /usr/lib/jdk/jdk1.8/jre/lib/amd64/libnet.so
7f23b6e3a000-7f23b6e3b000 ---p 00000000 00:00 0 
7f23b6e3b000-7f23b6e3e000 ---p 00000000 00:00 0 
7f23b6e3e000-7f23b6f3b000 rw-p 00000000 00:00 0 
7f23b6feb000-7f23b6fed000 r--s 00009000 08:01 395066                     /usr/lib/jdk/jdk1.8/jre/lib/ext/sunec.jar
7f23b6fed000-7f23b6ff1000 r--s 0003a000 08:01 395073                     /usr/lib/jdk/jdk1.8/jre/lib/ext/sunpkcs11.jar
7f23b6ff1000-7f23b6ff4000 r--s 0001a000 08:01 399522                     /usr/lib/jdk/jdk1.8/jre/lib/jce.jar
7f23b6ff4000-7f23b6ff9000 r--s 000a0000 08:01 395064                     /usr/lib/jdk/jdk1.8/jre/lib/jsse.jar
7f23b6ff9000-7f23b6ffc000 ---p 00000000 00:00 0 
7f23b6ffc000-7f23b7032000 rw-p 00000000 00:00 0 
7f23b7032000-7f23b7033000 ---p 00000000 00:00 0 
7f23b7033000-7f23b7036000 ---p 00000000 00:00 0 
7f23b7036000-7f23b7133000 rw-p 00000000 00:00 0 
7f23b7133000-7f23b7134000 ---p 00000000 00:00 0 
7f23b7134000-7f23b7137000 ---p 00000000 00:00 0 
7f23b7137000-7f23b7234000 rw-p 00000000 00:00 0 
7f23b7234000-7f23b7237000 ---p 00000000 00:00 0 
7f23b7237000-7f23b7335000 rw-p 00000000 00:00 0 
7f23b7335000-7f23b7337000 r--s 0001b000 08:01 525752                     /opt/idea/lib/idea_rt.jar
7f23b7337000-7f23b733c000 r--s 0001e000 08:01 1196508                    /home/shiro/.m2/repository/org/springframework/amqp/spring-amqp/2.1.6.RELEASE/spring-amqp-2.1.6.RELEASE.jar
7f23b733c000-7f23b7344000 r--s 00095000 08:01 301873                     /home/shiro/.m2/repository/com/alibaba/fastjson/1.2.58/fastjson-1.2.58.jar
7f23b7344000-7f23b7348000 r--s 0001c000 08:01 1204095                    /home/shiro/.m2/repository/org/springframework/retry/spring-retry/1.2.2.RELEASE/spring-retry-1.2.2.RELEASE.jar
7f23b7348000-7f23b734d000 r--s 0002b000 08:01 1204090                    /home/shiro/.m2/repository/org/springframework/kafka/spring-kafka/1.3.5.RELEASE/spring-kafka-1.3.5.RELEASE.jar
7f23b734d000-7f23b734f000 r--s 001eb000 08:01 439016                     /home/shiro/.m2/repository/org/xerial/snappy/snappy-java/1.1.7.2/snappy-java-1.1.7.2.jar
7f23b734f000-7f23b7352000 r--s 0007a000 08:01 274401                     /home/shiro/.m2/repository/org/lz4/lz4-java/1.5.0/lz4-java-1.5.0.jar
7f23b7352000-7f23b7354000 r--s 00389000 08:01 275448                     /home/shiro/.m2/repository/com/github/luben/zstd-jni/1.3.5-4/zstd-jni-1.3.5-4.jar
7f23b7354000-7f23b7374000 r--s 001ae000 08:01 439014                     /home/shiro/.m2/repository/org/apache/kafka/kafka-clients/2.1.0/kafka-clients-2.1.0.jar
7f23b7374000-7f23b7376000 r--s 00011000 08:01 349099                     /home/shiro/.m2/repository/org/junit/platform/junit-platform-commons/1.3.2/junit-platform-commons-1.3.2.jar
7f23b7376000-7f23b7377000 r--s 00001000 08:01 349097                     /home/shiro/.m2/repository/org/opentest4j/opentest4j/1.1.1/opentest4j-1.1.1.jar
7f23b7377000-7f23b7378000 r--s 00000000 08:01 349089                     /home/shiro/.m2/repository/org/apiguardian/apiguardian-api/1.0.0/apiguardian-api-1.0.0.jar
7f23b7378000-7f23b737c000 r--s 00019000 08:01 349092                     /home/shiro/.m2/repository/org/junit/jupiter/junit-jupiter-api/5.3.2/junit-jupiter-api-5.3.2.jar
7f23b737c000-7f23b737d000 r--s 00216000 08:01 275650                     /home/shiro/.m2/repository/com/huaban/jieba-analysis/1.0.2/jieba-analysis-1.0.2.jar
7f23b737d000-7f23b7391000 r--s 00787000 08:01 275642                     /home/shiro/.m2/repository/com/hankcs/hanlp/portable-1.7.2/hanlp-portable-1.7.2.jar
7f23b7391000-7f23b7396000 r--s 00036000 08:01 701609                     /home/shiro/.m2/repository/com/google/code/gson/gson/2.8.5/gson-2.8.5.jar
7f23b7396000-7f23b7398000 r--s 00003000 08:01 348813                     /home/shiro/.m2/repository/org/slf4j/jcl-over-slf4j/1.7.21/jcl-over-slf4j-1.7.21.jar
7f23b7398000-7f23b739a000 r--s 00013000 08:01 1203834                    /home/shiro/.m2/repository/org/springframework/spring-oxm/4.2.6.RELEASE/spring-oxm-4.2.6.RELEASE.jar
7f23b739a000-7f23b73ab000 r--s 00098000 08:01 1203826                    /home/shiro/.m2/repository/org/springframework/data/spring-data-commons/1.12.2.RELEASE/spring-data-commons-1.12.2.RELEASE.jar
7f23b73ab000-7f23b73af000 r--s 00016000 08:01 1203820                    /home/shiro/.m2/repository/org/springframework/data/spring-data-keyvalue/1.1.2.RELEASE/spring-data-keyvalue-1.1.2.RELEASE.jar
7f23b73af000-7f23b73c8000 r--s 000f9000 08:01 1203824                    /home/shiro/.m2/repository/org/springframework/data/spring-data-redis/1.7.2.RELEASE/spring-data-redis-1.7.2.RELEASE.jar
7f23b73c8000-7f23b73d4000 r--s 00077000 08:01 301459                     /home/shiro/.m2/repository/redis/clients/jedis/2.8.0/jedis-2.8.0.jar
7f23b73d4000-7f23b73ed000 r--s 00164000 08:01 693578                     /home/shiro/.m2/repository/org/apache/hadoop/hadoop-mapreduce-client-core/2.7.4/hadoop-mapreduce-client-core-2.7.4.jar
7f23b73ed000-7f23b73f1000 r--s 00014000 08:01 659846                     /home/shiro/.m2/repository/org/tukaani/xz/1.0/xz-1.0.jar
7f23b73f1000-7f23b73f6000 r--s 00036000 08:01 659845                     /home/shiro/.m2/repository/org/apache/commons/commons-compress/1.4.1/commons-compress-1.4.1.jar
7f23b73f6000-7f23b73fe000 r--s 0003b000 08:01 701597                     /home/shiro/.m2/repository/org/apache/curator/curator-recipes/2.7.1/curator-recipes-2.7.1.jar
7f23b73fe000-7f23b7403000 r--s 00040000 08:01 659724                     /home/shiro/.m2/repository/com/jcraft/jsch/0.1.54/jsch-0.1.54.jar
7f23b7403000-7f23b7407000 r--s 0002f000 08:01 701602                     /home/shiro/.m2/repository/commons-beanutils/commons-beanutils-core/1.8.0/commons-beanutils-core-1.8.0.jar
7f23b7407000-7f23b740c000 r--s 0002a000 08:01 310065                     /home/shiro/.m2/repository/commons-beanutils/commons-beanutils/1.7.0/commons-beanutils-1.7.0.jar
7f23b740c000-7f23b7410000 r--s 00020000 08:01 310066                     /home/shiro/.m2/repository/commons-digester/commons-digester/1.8/commons-digester-1.8.jar
7f23b7410000-7f23b7416000 r--s 00043000 08:01 701634                     /home/shiro/.m2/repository/commons-configuration/commons-configuration/1.6/commons-configuration-1.6.jar
7f23b7416000-7f23b7417000 r--s 00004000 08:01 693859                     /home/shiro/.m2/repository/org/mortbay/jetty/jetty-sslengine/6.1.26/jetty-sslengine-6.1.26.jar
7f23b7417000-7f23b741c000 r--s 0003e000 08:01 701630                     /home/shiro/.m2/repository/commons-net/commons-net/3.1/commons-net-3.1.jar
7f23b741c000-7f23b7422000 r--s 00045000 08:01 693866                     /home/shiro/.m2/repository/commons-httpclient/commons-httpclient/3.1/commons-httpclient-3.1.jar
7f23b7422000-7f23b7423000 r--s 00003000 08:01 701626                     /home/shiro/.m2/repository/xmlenc/xmlenc/0.52/xmlenc-0.52.jar
7f23b7423000-7f23b7440000 r--s 0016a000 08:01 659714                     /home/shiro/.m2/repository/org/apache/commons/commons-math3/3.1.1/commons-math3-3.1.1.jar
7f23b7440000-7f23b7442000 r--s 00009000 08:01 659712                     /home/shiro/.m2/repository/commons-cli/commons-cli/1.2/commons-cli-1.2.jar
7f23b7442000-7f23b74bb000 r--s 010fb000 08:01 276382                     /usr/lib/jdk/jdk1.8/lib/tools.jar
7f23b74bb000-7f23b74bd000 r--s 00009000 08:01 701639                     /home/shiro/.m2/repository/org/apache/hadoop/hadoop-annotations/2.7.4/hadoop-annotations-2.7.4.jar
7f23b74bd000-7f23b74f4000 r--s 00320000 08:01 693543                     /home/shiro/.m2/repository/org/apache/hadoop/hadoop-common/2.7.4/hadoop-common-2.7.4.jar
7f23b74f4000-7f23b74f7000 r--s 00012000 08:01 426767                     /home/shiro/.m2/repository/com/yammer/metrics/metrics-core/2.2.0/metrics-core-2.2.0.jar
7f23b74f7000-7f23b74fa000 r--s 0002b000 08:01 693583                     /home/shiro/.m2/repository/org/jruby/joni/joni/2.1.2/joni-2.1.2.jar
7f23b74fa000-7f23b7503000 r--s 00133000 08:01 693593                     /home/shiro/.m2/repository/org/jruby/jcodings/jcodings/1.0.8/jcodings-1.0.8.jar
7f23b7503000-7f23b7507000 r--s 00035000 08:01 659791                     /home/shiro/.m2/repository/org/codehaus/jackson/jackson-core-asl/1.9.13/jackson-core-asl-1.9.13.jar
7f23b7507000-7f23b7515000 r--s 000b1000 08:01 659792                     /home/shiro/.m2/repository/org/codehaus/jackson/jackson-mapper-asl/1.9.13/jackson-mapper-asl-1.9.13.jar
7f23b7515000-7f23b752e000 r--s 00150000 08:01 693579                     /home/shiro/.m2/repository/org/apache/htrace/htrace-core/3.1.0-incubating/htrace-core-3.1.0-incubating.jar
7f23b752e000-7f23b756c000 r--s 00333000 08:01 693573                     /home/shiro/.m2/repository/io/netty/netty-all/4.1.8.Final/netty-all-4.1.8.Final.jar
7f23b756c000-7f23b7574000 r--s 0007b000 08:01 659803                     /home/shiro/.m2/repository/com/google/protobuf/protobuf-java/2.5.0/protobuf-java-2.5.0.jar
7f23b7574000-7f23b7579000 r--s 00041000 08:01 348893                     /home/shiro/.m2/repository/commons-lang/commons-lang/2.6/commons-lang-2.6.jar
7f23b7579000-7f23b75ba000 r--s 00472000 08:01 693523                     /home/shiro/.m2/repository/org/apache/hbase/hbase-protocol/1.4.9/hbase-protocol-1.4.9.jar
7f23b75ba000-7f23b75bc000 r--s 00006000 08:01 659794                     /home/shiro/.m2/repository/com/thoughtworks/paranamer/paranamer/2.3/paranamer-2.3.jar
7f23b75bc000-7f23b75c5000 r--s 00062000 08:01 659753                     /home/shiro/.m2/repository/org/apache/avro/avro/1.7.7/avro-1.7.7.jar
7f23b75c5000-7f23b75c9000 r--s 00028000 08:01 693528                     /home/shiro/.m2/repository/org/mortbay/jetty/jetty-util/6.1.26/jetty-util-6.1.26.jar
7f23b75c9000-7f23b75d6000 r--s 00083000 08:01 659779                     /home/shiro/.m2/repository/commons-collections/commons-collections/3.2.2/commons-collections-3.2.2.jar
7f23b75d6000-7f23b75e1000 r--s 0008d000 08:01 693519                     /home/shiro/.m2/repository/org/apache/hbase/hbase-common/1.4.9/hbase-common-1.4.9.jar
7f23b75e1000-7f23b75e3000 r--s 00002000 08:01 693532                     /home/shiro/.m2/repository/com/github/stephenc/findbugs/findbugs-annotations/1.3.9-1/findbugs-annotations-1.3.9-1.jar
7f23b75e3000-7f23b75e5000 r--s 00004000 08:01 693559                     /home/shiro/.m2/repository/org/apache/hbase/hbase-annotations/1.4.9/hbase-annotations-1.4.9.jar
7f23b75e5000-7f23b75f9000 r--s 00143000 08:01 693527                     /home/shiro/.m2/repository/org/apache/hbase/hbase-client/1.4.9/hbase-client-1.4.9.jar
7f23b75f9000-7f23b75fc000 r--s 00006000 08:01 659708                     /home/shiro/.m2/repository/com/google/code/findbugs/jsr305/1.3.9/jsr305-1.3.9.jar
7f23b75fc000-7f23b761d000 r--s 00172000 08:01 659828                     /home/shiro/.m2/repository/com/google/guava/guava/11.0.2/guava-11.0.2.jar
7f23b761d000-7f23b761f000 r--s 00006000 08:01 659881                     /home/shiro/.m2/repository/org/apache/kerby/kerby-xdr/1.0.1/kerby-xdr-1.0.1.jar
7f23b761f000-7f23b7620000 r--s 00004000 08:01 659878                     /home/shiro/.m2/repository/org/apache/kerby/kerb-identity/1.0.1/kerb-identity-1.0.1.jar
7f23b7620000-7f23b7623000 r--s 00012000 08:01 659875                     /home/shiro/.m2/repository/org/apache/kerby/kerb-server/1.0.1/kerb-server-1.0.1.jar
7f23b7623000-7f23b7626000 r--s 00011000 08:01 659873                     /home/shiro/.m2/repository/org/apache/kerby/kerb-admin/1.0.1/kerb-admin-1.0.1.jar
7f23b7626000-7f23b7627000 r--s 00004000 08:01 659855                     /home/shiro/.m2/repository/org/apache/kerby/token-provider/1.0.1/token-provider-1.0.1.jar
7f23b7627000-7f23b7628000 r--s 00008000 08:01 659872                     /home/shiro/.m2/repository/org/apache/kerby/kerb-util/1.0.1/kerb-util-1.0.1.jar
7f23b7628000-7f23b762c000 r--s 00019000 08:01 659871                     /home/shiro/.m2/repository/org/apache/kerby/kerb-crypto/1.0.1/kerb-crypto-1.0.1.jar
7f23b762c000-7f23b762e000 r--s 0000e000 08:01 659869                     /home/shiro/.m2/repository/org/apache/kerby/kerb-common/1.0.1/kerb-common-1.0.1.jar
7f23b762e000-7f23b762f000 r--s 00009000 08:01 659865                     /home/shiro/.m2/repository/org/apache/kerby/kerby-util/1.0.1/kerby-util-1.0.1.jar
7f23b762f000-7f23b7631000 r--s 00017000 08:01 659856                     /home/shiro/.m2/repository/org/apache/kerby/kerby-asn1/1.0.1/kerby-asn1-1.0.1.jar
7f23b7631000-7f23b7638000 r--s 0002b000 08:01 659854                     /home/shiro/.m2/repository/org/apache/kerby/kerby-pkix/1.0.1/kerby-pkix-1.0.1.jar
7f23b7638000-7f23b763f000 r--s 00031000 08:01 659826                     /home/shiro/.m2/repository/org/apache/kerby/kerb-core/1.0.1/kerb-core-1.0.1.jar
7f23b763f000-7f23b7641000 r--s 00006000 08:01 659857                     /home/shiro/.m2/repository/org/apache/kerby/kerby-config/1.0.1/kerby-config-1.0.1.jar
7f23b7641000-7f23b7644000 r--s 00019000 08:01 659851                     /home/shiro/.m2/repository/org/apache/kerby/kerb-client/1.0.1/kerb-client-1.0.1.jar
7f23b7644000-7f23b7645000 r--s 00004000 08:01 659849                     /home/shiro/.m2/repository/org/apache/kerby/kerb-simplekdc/1.0.1/kerb-simplekdc-1.0.1.jar
7f23b7645000-7f23b767c000 r--s 00219000 08:01 659824                     /home/shiro/.m2/repository/org/apache/curator/curator-client/2.12.0/curator-client-2.12.0.jar
7f23b767c000-7f23b7682000 r--s 0002c000 08:01 659834                     /home/shiro/.m2/repository/org/apache/curator/curator-framework/2.12.0/curator-framework-2.12.0.jar
7f23b7682000-7f23b769b000 r--s 00123000 08:01 659842                     /home/shiro/.m2/repository/io/netty/netty/3.10.6.Final/netty-3.10.6.Final.jar
7f23b769b000-7f23b769c000 r--s 00004000 08:01 659721                     /home/shiro/.m2/repository/org/apache/yetus/audience-annotations/0.5.0/audience-annotations-0.5.0.jar
7f23b769c000-7f23b76a9000 r--s 000d1000 08:01 659838                     /home/shiro/.m2/repository/org/apache/zookeeper/zookeeper/3.4.13/zookeeper-3.4.13.jar
7f23b76a9000-7f23b76ab000 r--s 00006000 08:01 659816                     /home/shiro/.m2/repository/net/minidev/accessors-smart/1.2/accessors-smart-1.2.jar
7f23b76ab000-7f23b76ae000 r--s 0001b000 08:01 659815                     /home/shiro/.m2/repository/net/minidev/json-smart/2.3/json-smart-2.3.jar
7f23b76ae000-7f23b76b0000 r--s 00000000 08:01 659789                     /home/shiro/.m2/repository/com/github/stephenc/jcip/jcip-annotations/1.0-1/jcip-annotations-1.0-1.jar
7f23b76b0000-7f23b76b6000 r--s 00044000 08:01 659731                     /home/shiro/.m2/repository/com/nimbusds/nimbus-jose-jwt/4.41.1/nimbus-jose-jwt-4.41.1.jar
7f23b76b6000-7f23b76bd000 r--s 00049000 08:01 659718                     /home/shiro/.m2/repository/org/apache/httpcomponents/httpcore/4.4.4/httpcore-4.4.4.jar
7f23b76bd000-7f23b76ca000 r--s 000a7000 08:01 659804                     /home/shiro/.m2/repository/org/apache/httpcomponents/httpclient/4.5.2/httpclient-4.5.2.jar
7f23b76ca000-7f23b76d1000 r--s 0004b000 08:01 659808                     /home/shiro/.m2/repository/commons-codec/commons-codec/1.11/commons-codec-1.11.jar
7f23b76d1000-7f23b76d3000 r--s 00020000 08:01 659806                     /home/shiro/.m2/repository/org/apache/hadoop/hadoop-auth/3.2.0/hadoop-auth-3.2.0.jar
7f23b76d3000-7f23b76d5000 r--s 00003000 08:01 1203959                    /home/shiro/.m2/repository/org/springframework/data/spring-data-hadoop-batch/2.5.0.RELEASE/spring-data-hadoop-batch-2.5.0.RELEASE.jar
7f23b76d5000-7f23b76d7000 r--s 00005000 08:01 1203961                    /home/shiro/.m2/repository/org/springframework/data/spring-data-hadoop-pig/2.5.0.RELEASE/spring-data-hadoop-pig-2.5.0.RELEASE.jar
7f23b76d7000-7f23b76d9000 r--s 00005000 08:01 1203960                    /home/shiro/.m2/repository/org/springframework/data/spring-data-hadoop-hbase/2.5.0.RELEASE/spring-data-hadoop-hbase-2.5.0.RELEASE.jar
7f23b76d9000-7f23b76de000 r--s 00029000 08:01 1203991                    /home/shiro/.m2/repository/org/springframework/spring-context-support/4.3.9.RELEASE/spring-context-support-4.3.9.RELEASE.jar
7f23b76de000-7f23b76e8000 r--s 00054000 08:01 1203966                    /home/shiro/.m2/repository/org/springframework/batch/spring-batch-infrastructure/3.0.7.RELEASE/spring-batch-infrastructure-3.0.7.RELEASE.jar
7f23b76e8000-7f23b76ea000 r--s 00010000 08:01 703860                     /home/shiro/.m2/repository/org/codehaus/jettison/jettison/1.2/jettison-1.2.jar
7f23b76ea000-7f23b76ec000 r--s 00005000 08:01 1189258                    /home/shiro/.m2/repository/xpp3/xpp3_min/1.1.4c/xpp3_min-1.1.4c.jar
7f23b76ec000-7f23b76ed000 r--s 00001000 08:01 1189256                    /home/shiro/.m2/repository/xmlpull/xmlpull/1.1.3.1/xmlpull-1.1.3.1.jar
7f23b76ed000-7f23b76fa000 r--s 00075000 08:01 1203950                    /home/shiro/.m2/repository/com/thoughtworks/xstream/xstream/1.4.7/xstream-1.4.7.jar
7f23b76fa000-7f23b76fd000 r--s 00006000 08:01 301524                     /home/shiro/.m2/repository/javax/batch/javax.batch-api/1.0/javax.batch-api-1.0.jar
7f23b76fd000-7f23b76fe000 r--s 00000000 08:01 301522                     /home/shiro/.m2/repository/com/ibm/jbatch/com.ibm.jbatch-tck-spi/1.0/com.ibm.jbatch-tck-spi-1.0.jar
7f23b76fe000-7f23b7710000 r--s 000b0000 08:01 1203958                    /home/shiro/.m2/repository/org/springframework/batch/spring-batch-core/3.0.7.RELEASE/spring-batch-core-3.0.7.RELEASE.jar
7f23b7710000-7f23b7712000 r--s 00005000 08:01 1203948                    /home/shiro/.m2/repository/org/springframework/data/spring-data-hadoop-hive/2.5.0.RELEASE/spring-data-hadoop-hive-2.5.0.RELEASE.jar
7f23b7712000-7f23b7720000 r--s 000a2000 08:01 1315827                    /home/shiro/.m2/repository/org/apache/hadoop/hadoop-yarn-server-nodemanager/2.7.3/hadoop-yarn-server-nodemanager-2.7.3.jar
7f23b7720000-7f23b7722000 r--s 00010000 08:01 1315822                    /home/shiro/.m2/repository/org/apache/hadoop/hadoop-mapreduce-client-shuffle/2.7.3/hadoop-mapreduce-client-shuffle-2.7.3.jar
7f23b7722000-7f23b7729000 r--s 00058000 08:01 1315821                    /home/shiro/.m2/repository/org/apache/hadoop/hadoop-yarn-server-common/2.7.3/hadoop-yarn-server-common-2.7.3.jar
7f23b7729000-7f23b772c000 r--s 00026000 08:01 703864                     /home/shiro/.m2/repository/org/apache/hadoop/hadoop-yarn-client/2.7.3/hadoop-yarn-client-2.7.3.jar
7f23b772c000-7f23b7739000 r--s 000b1000 08:01 703839                     /home/shiro/.m2/repository/org/apache/hadoop/hadoop-mapreduce-client-common/2.7.3/hadoop-mapreduce-client-common-2.7.3.jar
7f23b7739000-7f23b773b000 r--s 0000e000 08:01 703833                     /home/shiro/.m2/repository/org/apache/hadoop/hadoop-mapreduce-client-jobclient/2.7.3/hadoop-mapreduce-client-jobclient-2.7.3.jar
7f23b773b000-7f23b773e000 r--s 000fd000 08:01 660135                     /home/shiro/.m2/repository/org/fusesource/leveldbjni/leveldbjni-all/1.8/leveldbjni-all-1.8.jar
7f23b773e000-7f23b7746000 r--s 00028000 08:01 310024                     /home/shiro/.m2/repository/xml-apis/xml-apis/1.3.04/xml-apis-1.3.04.jar
7f23b7746000-7f23b775e000 r--s 00115000 08:01 310022                     /home/shiro/.m2/repository/xerces/xercesImpl/2.9.1/xercesImpl-2.9.1.jar
7f23b775e000-7f23b775f000 r--s 00005000 08:01 660129                     /home/shiro/.m2/repository/commons-daemon/commons-daemon/1.0.13/commons-daemon-1.0.13.jar
7f23b775f000-7f23b7766000 r--s 0007d000 08:01 693879                     /home/shiro/.m2/repository/org/mortbay/jetty/jetty/6.1.26/jetty-6.1.26.jar
7f23b7766000-7f23b77d1000 r--s 00784000 08:01 703858                     /home/shiro/.m2/repository/org/apache/hadoop/hadoop-hdfs/2.7.3/hadoop-hdfs-2.7.3.jar
7f23b77d1000-7f23b77d3000 r--s 0001e000 08:01 703825                     /home/shiro/.m2/repository/org/apache/hadoop/hadoop-distcp/2.7.3/hadoop-distcp-2.7.3.jar
7f23b77d3000-7f23b77d4000 r--s 00003000 08:01 703861                     /home/shiro/.m2/repository/com/sun/jersey/contribs/jersey-guice/1.9/jersey-guice-1.9.jar
7f23b77d4000-7f23b77e7000 r--s 000c7000 08:01 659760                     /home/shiro/.m2/repository/com/sun/xml/bind/jaxb-impl/2.2.3-1/jaxb-impl-2.2.3-1.jar
7f23b77e7000-7f23b77eb000 r--s 00021000 08:01 703853                     /home/shiro/.m2/repository/com/sun/jersey/jersey-json/1.9/jersey-json-1.9.jar
7f23b77eb000-7f23b77ec000 r--s 0000a000 08:01 703837                     /home/shiro/.m2/repository/asm/asm/3.1/asm-3.1.jar
7f23b77ec000-7f23b77fe000 r--s 0009d000 08:01 693875                     /home/shiro/.m2/repository/com/sun/jersey/jersey-server/1.9/jersey-server-1.9.jar
7f23b77fe000-7f23b77ff000 r--s 00000000 08:01 301513                     /home/shiro/.m2/repository/javax/inject/javax.inject/1/javax.inject-1.jar
7f23b77ff000-7f23b780e000 r--s 0009f000 08:01 703379                     /home/shiro/.m2/repository/com/google/inject/guice/3.0/guice-3.0.jar
7f23b780e000-7f23b7810000 r--s 0000e000 08:01 703832                     /home/shiro/.m2/repository/com/google/inject/extensions/guice-servlet/3.0/guice-servlet-3.0.jar
7f23b7810000-7f23b7811000 r--s 00006000 08:01 703830                     /home/shiro/.m2/repository/org/codehaus/jackson/jackson-xc/1.9.13/jackson-xc-1.9.13.jar
7f23b7811000-7f23b7812000 r--s 00004000 08:01 693885                     /home/shiro/.m2/repository/org/codehaus/jackson/jackson-jaxrs/1.9.13/jackson-jaxrs-1.9.13.jar
7f23b7812000-7f23b7815000 r--s 0001d000 08:01 703868                     /home/shiro/.m2/repository/com/sun/jersey/jersey-client/1.9/jersey-client-1.9.jar
7f23b7815000-7f23b781f000 r--s 00066000 08:01 693865                     /home/shiro/.m2/repository/com/sun/jersey/jersey-core/1.9/jersey-core-1.9.jar
7f23b781f000-7f23b7821000 r--s 00018000 08:01 310057                     /home/shiro/.m2/repository/javax/servlet/servlet-api/2.5/servlet-api-2.5.jar
7f23b7821000-7f23b7823000 r--s 0000e000 08:01 659765                     /home/shiro/.m2/repository/javax/activation/activation/1.1/activation-1.1.jar
7f23b7823000-7f23b7825000 r--s 00004000 08:01 659763                     /home/shiro/.m2/repository/javax/xml/stream/stax-api/1.0-2/stax-api-1.0-2.jar
7f23b7825000-7f23b7828000 r--s 00017000 08:01 659734                     /home/shiro/.m2/repository/javax/xml/bind/jaxb-api/2.2.2/jaxb-api-2.2.2.jar
7f23b7828000-7f23b7845000 r--s 001d5000 08:01 703854                     /home/shiro/.m2/repository/org/apache/hadoop/hadoop-yarn-api/2.7.3/hadoop-yarn-api-2.7.3.jar
7f23b7845000-7f23b785c000 r--s 00183000 08:01 703857                     /home/shiro/.m2/repository/org/apache/hadoop/hadoop-yarn-common/2.7.3/hadoop-yarn-common-2.7.3.jar
7f23b785c000-7f23b785e000 r--s 0001e000 08:01 703821                     /home/shiro/.m2/repository/org/apache/hadoop/hadoop-streaming/2.7.3/hadoop-streaming-2.7.3.jar
7f23b785e000-7f23b7861000 r--s 0001f000 08:01 1203951                    /home/shiro/.m2/repository/org/springframework/data/spring-data-hadoop-core/2.5.0.RELEASE/spring-data-hadoop-core-2.5.0.RELEASE.jar
7f23b7861000-7f23b786a000 r--s 00055000 08:01 1203985                    /home/shiro/.m2/repository/org/springframework/spring-messaging/4.3.9.RELEASE/spring-messaging-4.3.9.RELEASE.jar
7f23b786a000-7f23b786c000 r--s 00013000 08:01 1203942                    /home/shiro/.m2/repository/org/springframework/data/spring-data-hadoop/2.5.0.RELEASE/spring-data-hadoop-2.5.0.RELEASE.jar
7f23b786c000-7f23b7870000 r--s 00031000 08:01 1190226                    /home/shiro/.m2/repository/commons-io/commons-io/2.6/commons-io-2.6.jar
7f23b7870000-7f23b7873000 r--s 0000f000 08:01 1317777                    /home/shiro/.m2/repository/commons-fileupload/commons-fileupload/1.3.3/commons-fileupload-1.3.3.jar
7f23b7873000-7f23b7880000 r--s 000b2000 08:01 2104772                    /home/shiro/.m2/repository/org/springframework/security/spring-security-config/5.1.5.RELEASE/spring-security-config-5.1.5.RELEASE.jar
7f23b7880000-7f23b788f000 r--s 00075000 08:01 2104759                    /home/shiro/.m2/repository/org/springframework/security/spring-security-web/5.1.5.RELEASE/spring-security-web-5.1.5.RELEASE.jar
7f23b788f000-7f23b789b000 r--s 0005e000 08:01 2104761                    /home/shiro/.m2/repository/org/springframework/security/spring-security-core/5.1.5.RELEASE/spring-security-core-5.1.5.RELEASE.jar
7f23b789b000-7f23b789e000 r--s 00016000 08:01 659732                     /home/shiro/.m2/repository/javax/servlet/jsp/jsp-api/2.1/jsp-api-2.1.jar
7f23b789e000-7f23b78a7000 r--s 00073000 08:01 1190197                    /home/shiro/.m2/repository/org/apache/commons/commons-lang3/3.9/commons-lang3-3.9.jar
7f23b78a7000-7f23b78aa000 r--s 0000e000 08:01 363524                     /home/shiro/.m2/repository/com/fasterxml/jackson/core/jackson-annotations/2.9.9/jackson-annotations-2.9.9.jar
7f23b78aa000-7f23b78ae000 r--s 0004c000 08:01 363522                     /home/shiro/.m2/repository/com/fasterxml/jackson/core/jackson-core/2.9.9/jackson-core-2.9.9.jar
7f23b78ae000-7f23b78c1000 r--s 00137000 08:01 363520                     /home/shiro/.m2/repository/com/fasterxml/jackson/core/jackson-databind/2.9.9/jackson-databind-2.9.9.jar
7f23b78c1000-7f23b78c3000 r--s 00008000 08:01 1190085                    /home/shiro/.m2/repository/org/apache/taglibs/taglibs-standard-spec/1.2.5/taglibs-standard-spec-1.2.5.jar
7f23b78c3000-7f23b78c8000 r--s 0002e000 08:01 1190172                    /home/shiro/.m2/repository/org/apache/taglibs/taglibs-standard-impl/1.2.5/taglibs-standard-impl-1.2.5.jar
7f23b78c8000-7f23b78cb000 r--s 0001d000 08:01 1189705                    /home/shiro/.m2/repository/org/apache/commons/commons-pool2/2.6.2/commons-pool2-2.6.2.jar
7f23b78cb000-7f23b78cf000 r--s 0002f000 08:01 1189681                    /home/shiro/.m2/repository/org/apache/commons/commons-dbcp2/2.6.0/commons-dbcp2-2.6.0.jar
7f23b78cf000-7f23b78d8000 r--s 000ed000 08:01 1189661                    /home/shiro/.m2/repository/mysql/mysql-connector-java/5.1.47/mysql-connector-java-5.1.47.jar
7f23b78d8000-7f23b78db000 r--s 0003a000 08:01 1189647                    /home/shiro/.m2/repository/ognl/ognl/3.2.10/ognl-3.2.10.jar
7f23b78db000-7f23b78dd000 r--s 0000f000 08:01 1189600                    /home/shiro/.m2/repository/org/mybatis/mybatis-spring/2.0.1/mybatis-spring-2.0.1.jar
7f23b78dd000-7f23b78f8000 r--s 00183000 08:01 1189606                    /home/shiro/.m2/repository/org/mybatis/mybatis/3.5.1/mybatis-3.5.1.jar
7f23b78f8000-7f23b7901000 r--s 0006f000 08:01 349031                     /home/shiro/.m2/repository/log4j/log4j/1.2.17/log4j-1.2.17.jar
7f23b7901000-7f23b7902000 r--s 00002000 08:01 1189618                    /home/shiro/.m2/repository/org/slf4j/slf4j-log4j12/1.7.26/slf4j-log4j12-1.7.26.jar
7f23b7902000-7f23b7908000 r--s 0003c000 08:01 1189866                    /home/shiro/.m2/repository/org/apache/logging/log4j/log4j-api/2.11.2/log4j-api-2.11.2.jar
7f23b7908000-7f23b7929000 r--s 0016d000 08:01 1189854                    /home/shiro/.m2/repository/org/apache/logging/log4j/log4j-core/2.11.2/log4j-core-2.11.2.jar
7f23b7929000-7f23b7934000 r--s 000b4000 08:01 1189608                    /home/shiro/.m2/repository/org/javassist/javassist/3.25.0-GA/javassist-3.25.0-GA.jar
7f23b7934000-7f23b793a000 r--s 00045000 08:01 1189620                    /home/shiro/.m2/repository/cglib/cglib/3.2.11/cglib-3.2.11.jar
7f23b793a000-7f23b7959000 r--s 001ff000 08:01 1189596                    /home/shiro/.m2/repository/org/apache/ant/ant/1.10.5/ant-1.10.5.jar
7f23b7959000-7f23b796a000 r--s 000d0000 08:01 1189597                    /home/shiro/.m2/repository/org/springframework/spring-webmvc/4.3.18.RELEASE/spring-webmvc-4.3.18.RELEASE.jar
7f23b796a000-7f23b796d000 ---p 00000000 00:00 0 
7f23b796d000-7f23b7a6b000 rw-p 00000000 00:00 0 
7f23b7a6b000-7f23b7eff000 r--p 00000000 08:01 262377                     /usr/lib/locale/locale-archive
7f23b7eff000-7f23b7f02000 ---p 00000000 00:00 0 
7f23b7f02000-7f23b8000000 rw-p 00000000 00:00 0 
7f23b8000000-7f23b8021000 rw-p 00000000 00:00 0 
7f23b8021000-7f23bc000000 ---p 00000000 00:00 0 
7f23bc000000-7f23bc29d000 rw-p 00000000 00:00 0 
7f23bc29d000-7f23c0000000 ---p 00000000 00:00 0 
7f23c0000000-7f23c0021000 rw-p 00000000 00:00 0 
7f23c0021000-7f23c4000000 ---p 00000000 00:00 0 
7f23c4000000-7f23c4021000 rw-p 00000000 00:00 0 
7f23c4021000-7f23c8000000 ---p 00000000 00:00 0 
7f23c8000000-7f23c8023000 rw-p 00000000 00:00 0 
7f23c8023000-7f23cc000000 ---p 00000000 00:00 0 
7f23cc000000-7f23cc002000 r--s 00009000 08:01 1189633                    /home/shiro/.m2/repository/org/slf4j/slf4j-api/1.7.26/slf4j-api-1.7.26.jar
7f23cc002000-7f23cc014000 r--s 000b9000 08:01 1189609                    /home/shiro/.m2/repository/org/springframework/spring-web/4.3.18.RELEASE/spring-web-4.3.18.RELEASE.jar
7f23cc014000-7f23cc01c000 r--s 0003a000 08:01 1189595                    /home/shiro/.m2/repository/org/springframework/spring-tx/4.3.18.RELEASE/spring-tx-4.3.18.RELEASE.jar
7f23cc01c000-7f23cc026000 r--s 00060000 08:01 1189605                    /home/shiro/.m2/repository/org/springframework/spring-jdbc/4.3.18.RELEASE/spring-jdbc-4.3.18.RELEASE.jar
7f23cc026000-7f23cc02c000 r--s 0003e000 08:01 1189626                    /home/shiro/.m2/repository/org/springframework/spring-expression/4.3.18.RELEASE/spring-expression-4.3.18.RELEASE.jar
7f23cc02c000-7f23cc043000 r--s 000fe000 08:01 1189624                    /home/shiro/.m2/repository/org/springframework/spring-core/4.3.18.RELEASE/spring-core-4.3.18.RELEASE.jar
7f23cc043000-7f23cc046000 ---p 00000000 00:00 0 
7f23cc046000-7f23cc144000 rw-p 00000000 00:00 0 
7f23cc144000-7f23cc145000 ---p 00000000 00:00 0 
7f23cc145000-7f23d1000000 rw-p 00000000 00:00 0 
7f23d1000000-7f23d1980000 rwxp 00000000 00:00 0 
7f23d1980000-7f23e0000000 ---p 00000000 00:00 0 
7f23e0000000-7f23e19d4000 rw-p 00000000 00:00 0 
7f23e19d4000-7f23e4000000 ---p 00000000 00:00 0 
7f23e4000000-7f23e4002000 r--s 0000e000 08:01 275762                     /home/shiro/.m2/repository/commons-logging/commons-logging/1.2/commons-logging-1.2.jar
7f23e4002000-7f23e4004000 r--s 0001b000 08:01 1189603                    /home/shiro/.m2/repository/org/ow2/asm/asm/7.1/asm-7.1.jar
7f23e4004000-7f23e401d000 r--s 000fe000 08:01 1189621                    /home/shiro/.m2/repository/org/springframework/spring-context/4.3.18.RELEASE/spring-context-4.3.18.RELEASE.jar
7f23e401d000-7f23e402b000 r--s 000ad000 08:01 1189616                    /home/shiro/.m2/repository/org/springframework/spring-beans/4.3.18.RELEASE/spring-beans-4.3.18.RELEASE.jar
7f23e402b000-7f23e402e000 r--s 0000c000 08:01 1189601                    /home/shiro/.m2/repository/org/springframework/spring-aspects/4.3.18.RELEASE/spring-aspects-4.3.18.RELEASE.jar
7f23e402e000-7f23e4037000 r--s 00054000 08:01 1189614                    /home/shiro/.m2/repository/org/springframework/spring-aop/4.3.18.RELEASE/spring-aop-4.3.18.RELEASE.jar
7f23e4037000-7f23e4050000 r--s 001de000 08:01 1189599                    /home/shiro/.m2/repository/org/aspectj/aspectjweaver/1.9.2/aspectjweaver-1.9.2.jar
7f23e4050000-7f23e4063000 r--s 00345000 08:01 395044                     /usr/lib/jdk/jdk1.8/jre/lib/resources.jar
7f23e4063000-7f23e4076000 r--s 000d6000 08:01 394948                     /usr/lib/jdk/jdk1.8/jre/lib/plugin.jar
7f23e4076000-7f23e407b000 r--s 000a0000 08:01 395064                     /usr/lib/jdk/jdk1.8/jre/lib/jsse.jar
7f23e407b000-7f23e4096000 r--s 0020c000 08:01 394924                     /usr/lib/jdk/jdk1.8/jre/lib/deploy.jar
7f23e4096000-7f23e449a000 rw-p 00000000 00:00 0 
7f23e449a000-7f23e4674000 r--s 03d6c000 08:01 395006                     /usr/lib/jdk/jdk1.8/jre/lib/rt.jar
7f23e4674000-7f23e5315000 rw-p 00000000 00:00 0 
7f23e5315000-7f23e5316000 ---p 00000000 00:00 0 
7f23e5316000-7f23e5416000 rw-p 00000000 00:00 0 
7f23e5416000-7f23e5417000 ---p 00000000 00:00 0 
7f23e5417000-7f23e5517000 rw-p 00000000 00:00 0 
7f23e5517000-7f23e5518000 ---p 00000000 00:00 0 
7f23e5518000-7f23e5618000 rw-p 00000000 00:00 0 
7f23e5618000-7f23e5619000 ---p 00000000 00:00 0 
7f23e5619000-7f23e5765000 rw-p 00000000 00:00 0 
7f23e5765000-7f23e59e1000 ---p 00000000 00:00 0 
7f23e59e1000-7f23e5a2d000 rw-p 00000000 00:00 0 
7f23e5a2d000-7f23e5ca8000 ---p 00000000 00:00 0 
7f23e5ca8000-7f23e5d6e000 rw-p 00000000 00:00 0 
7f23e5d6e000-7f23e5e0c000 ---p 00000000 00:00 0 
7f23e5e0c000-7f23e5e33000 rw-p 00000000 00:00 0 
7f23e5e33000-7f23e61cd000 ---p 00000000 00:00 0 
7f23e61cd000-7f23e61e7000 r-xp 00000000 08:01 399373                     /usr/lib/jdk/jdk1.8/jre/lib/amd64/libzip.so
7f23e61e7000-7f23e63e7000 ---p 0001a000 08:01 399373                     /usr/lib/jdk/jdk1.8/jre/lib/amd64/libzip.so
7f23e63e7000-7f23e63e8000 r--p 0001a000 08:01 399373                     /usr/lib/jdk/jdk1.8/jre/lib/amd64/libzip.so
7f23e63e8000-7f23e63e9000 rw-p 0001b000 08:01 399373                     /usr/lib/jdk/jdk1.8/jre/lib/amd64/libzip.so
7f23e63e9000-7f23e63f4000 r-xp 00000000 08:01 394856                     /lib/x86_64-linux-gnu/libnss_files-2.27.so
7f23e63f4000-7f23e65f3000 ---p 0000b000 08:01 394856                     /lib/x86_64-linux-gnu/libnss_files-2.27.so
7f23e65f3000-7f23e65f4000 r--p 0000a000 08:01 394856                     /lib/x86_64-linux-gnu/libnss_files-2.27.so
7f23e65f4000-7f23e65f5000 rw-p 0000b000 08:01 394856                     /lib/x86_64-linux-gnu/libnss_files-2.27.so
7f23e65f5000-7f23e65fb000 rw-p 00000000 00:00 0 
7f23e65fb000-7f23e6612000 r-xp 00000000 08:01 394853                     /lib/x86_64-linux-gnu/libnsl-2.27.so
7f23e6612000-7f23e6811000 ---p 00017000 08:01 394853                     /lib/x86_64-linux-gnu/libnsl-2.27.so
7f23e6811000-7f23e6812000 r--p 00016000 08:01 394853                     /lib/x86_64-linux-gnu/libnsl-2.27.so
7f23e6812000-7f23e6813000 rw-p 00017000 08:01 394853                     /lib/x86_64-linux-gnu/libnsl-2.27.so
7f23e6813000-7f23e6815000 rw-p 00000000 00:00 0 
7f23e6815000-7f23e6820000 r-xp 00000000 08:01 399556                     /lib/x86_64-linux-gnu/libnss_nis-2.27.so
7f23e6820000-7f23e6a1f000 ---p 0000b000 08:01 399556                     /lib/x86_64-linux-gnu/libnss_nis-2.27.so
7f23e6a1f000-7f23e6a20000 r--p 0000a000 08:01 399556                     /lib/x86_64-linux-gnu/libnss_nis-2.27.so
7f23e6a20000-7f23e6a21000 rw-p 0000b000 08:01 399556                     /lib/x86_64-linux-gnu/libnss_nis-2.27.so
7f23e6a21000-7f23e6a29000 r-xp 00000000 08:01 394854                     /lib/x86_64-linux-gnu/libnss_compat-2.27.so
7f23e6a29000-7f23e6c29000 ---p 00008000 08:01 394854                     /lib/x86_64-linux-gnu/libnss_compat-2.27.so
7f23e6c29000-7f23e6c2a000 r--p 00008000 08:01 394854                     /lib/x86_64-linux-gnu/libnss_compat-2.27.so
7f23e6c2a000-7f23e6c2b000 rw-p 00009000 08:01 394854                     /lib/x86_64-linux-gnu/libnss_compat-2.27.so
7f23e6c2b000-7f23e6c35000 r-xp 00000000 08:01 399449                     /usr/lib/jdk/jdk1.8/jre/lib/amd64/libinstrument.so
7f23e6c35000-7f23e6e34000 ---p 0000a000 08:01 399449                     /usr/lib/jdk/jdk1.8/jre/lib/amd64/libinstrument.so
7f23e6e34000-7f23e6e35000 r--p 00009000 08:01 399449                     /usr/lib/jdk/jdk1.8/jre/lib/amd64/libinstrument.so
7f23e6e35000-7f23e6e36000 rw-p 0000a000 08:01 399449                     /usr/lib/jdk/jdk1.8/jre/lib/amd64/libinstrument.so
7f23e6e36000-7f23e6e63000 r-xp 00000000 08:01 399348                     /usr/lib/jdk/jdk1.8/jre/lib/amd64/libjava.so
7f23e6e63000-7f23e7062000 ---p 0002d000 08:01 399348                     /usr/lib/jdk/jdk1.8/jre/lib/amd64/libjava.so
7f23e7062000-7f23e7063000 r--p 0002c000 08:01 399348                     /usr/lib/jdk/jdk1.8/jre/lib/amd64/libjava.so
7f23e7063000-7f23e7065000 rw-p 0002d000 08:01 399348                     /usr/lib/jdk/jdk1.8/jre/lib/amd64/libjava.so
7f23e7065000-7f23e7072000 r-xp 00000000 08:01 399372                     /usr/lib/jdk/jdk1.8/jre/lib/amd64/libverify.so
7f23e7072000-7f23e7271000 ---p 0000d000 08:01 399372                     /usr/lib/jdk/jdk1.8/jre/lib/amd64/libverify.so
7f23e7271000-7f23e7273000 r--p 0000c000 08:01 399372                     /usr/lib/jdk/jdk1.8/jre/lib/amd64/libverify.so
7f23e7273000-7f23e7274000 rw-p 0000e000 08:01 399372                     /usr/lib/jdk/jdk1.8/jre/lib/amd64/libverify.so
7f23e7274000-7f23e727b000 r-xp 00000000 08:01 400378                     /lib/x86_64-linux-gnu/librt-2.27.so
7f23e727b000-7f23e747a000 ---p 00007000 08:01 400378                     /lib/x86_64-linux-gnu/librt-2.27.so
7f23e747a000-7f23e747b000 r--p 00006000 08:01 400378                     /lib/x86_64-linux-gnu/librt-2.27.so
7f23e747b000-7f23e747c000 rw-p 00007000 08:01 400378                     /lib/x86_64-linux-gnu/librt-2.27.so
7f23e747c000-7f23e7619000 r-xp 00000000 08:01 394850                     /lib/x86_64-linux-gnu/libm-2.27.so
7f23e7619000-7f23e7818000 ---p 0019d000 08:01 394850                     /lib/x86_64-linux-gnu/libm-2.27.so
7f23e7818000-7f23e7819000 r--p 0019c000 08:01 394850                     /lib/x86_64-linux-gnu/libm-2.27.so
7f23e7819000-7f23e781a000 rw-p 0019d000 08:01 394850                     /lib/x86_64-linux-gnu/libm-2.27.so
7f23e781a000-7f23e84fc000 r-xp 00000000 08:01 399105                     /usr/lib/jdk/jdk1.8/jre/lib/amd64/server/libjvm.so
7f23e84fc000-7f23e86fc000 ---p 00ce2000 08:01 399105                     /usr/lib/jdk/jdk1.8/jre/lib/amd64/server/libjvm.so
7f23e86fc000-7f23e8792000 r--p 00ce2000 08:01 399105                     /usr/lib/jdk/jdk1.8/jre/lib/amd64/server/libjvm.so
7f23e8792000-7f23e87c3000 rw-p 00d78000 08:01 399105                     /usr/lib/jdk/jdk1.8/jre/lib/amd64/server/libjvm.so
7f23e87c3000-7f23e87fe000 rw-p 00000000 00:00 0 
7f23e87fe000-7f23e89e5000 r-xp 00000000 08:01 394846                     /lib/x86_64-linux-gnu/libc-2.27.so
7f23e89e5000-7f23e8be5000 ---p 001e7000 08:01 394846                     /lib/x86_64-linux-gnu/libc-2.27.so
7f23e8be5000-7f23e8be9000 r--p 001e7000 08:01 394846                     /lib/x86_64-linux-gnu/libc-2.27.so
7f23e8be9000-7f23e8beb000 rw-p 001eb000 08:01 394846                     /lib/x86_64-linux-gnu/libc-2.27.so
7f23e8beb000-7f23e8bef000 rw-p 00000000 00:00 0 
7f23e8bef000-7f23e8bf2000 r-xp 00000000 08:01 394849                     /lib/x86_64-linux-gnu/libdl-2.27.so
7f23e8bf2000-7f23e8df1000 ---p 00003000 08:01 394849                     /lib/x86_64-linux-gnu/libdl-2.27.so
7f23e8df1000-7f23e8df2000 r--p 00002000 08:01 394849                     /lib/x86_64-linux-gnu/libdl-2.27.so
7f23e8df2000-7f23e8df3000 rw-p 00003000 08:01 394849                     /lib/x86_64-linux-gnu/libdl-2.27.so
7f23e8df3000-7f23e8e0a000 r-xp 00000000 08:01 394905                     /usr/lib/jdk/jdk1.8/lib/amd64/jli/libjli.so
7f23e8e0a000-7f23e9009000 ---p 00017000 08:01 394905                     /usr/lib/jdk/jdk1.8/lib/amd64/jli/libjli.so
7f23e9009000-7f23e900a000 r--p 00016000 08:01 394905                     /usr/lib/jdk/jdk1.8/lib/amd64/jli/libjli.so
7f23e900a000-7f23e900b000 rw-p 00017000 08:01 394905                     /usr/lib/jdk/jdk1.8/lib/amd64/jli/libjli.so
7f23e900b000-7f23e9025000 r-xp 00000000 08:01 399705                     /lib/x86_64-linux-gnu/libpthread-2.27.so
7f23e9025000-7f23e9224000 ---p 0001a000 08:01 399705                     /lib/x86_64-linux-gnu/libpthread-2.27.so
7f23e9224000-7f23e9225000 r--p 00019000 08:01 399705                     /lib/x86_64-linux-gnu/libpthread-2.27.so
7f23e9225000-7f23e9226000 rw-p 0001a000 08:01 399705                     /lib/x86_64-linux-gnu/libpthread-2.27.so
7f23e9226000-7f23e922a000 rw-p 00000000 00:00 0 
7f23e922a000-7f23e9251000 r-xp 00000000 08:01 394842                     /lib/x86_64-linux-gnu/ld-2.27.so
7f23e9251000-7f23e9252000 r--s 00004000 08:01 1189617                    /home/shiro/.m2/repository/org/apache/ant/ant-launcher/1.10.5/ant-launcher-1.10.5.jar
7f23e9252000-7f23e9254000 r--s 00000000 08:01 696948                     /home/shiro/.m2/repository/aopalliance/aopalliance/1.0/aopalliance-1.0.jar
7f23e9254000-7f23e9256000 r--s 00007000 08:01 399527                     /usr/lib/jdk/jdk1.8/jre/lib/jfxswt.jar
7f23e9256000-7f23e925b000 r--s 00084000 08:01 394923                     /usr/lib/jdk/jdk1.8/jre/lib/jfr.jar
7f23e925b000-7f23e932f000 rw-p 00000000 00:00 0 
7f23e932f000-7f23e9330000 ---p 00000000 00:00 0 
7f23e9330000-7f23e9333000 ---p 00000000 00:00 0 
7f23e9333000-7f23e9434000 rw-p 00000000 00:00 0 
7f23e9434000-7f23e9435000 r--s 00000000 08:01 394930                     /usr/lib/jdk/jdk1.8/jre/lib/management-agent.jar
7f23e9435000-7f23e9438000 r--s 0001a000 08:01 399522                     /usr/lib/jdk/jdk1.8/jre/lib/jce.jar
7f23e9438000-7f23e9442000 r--s 0006e000 08:01 394933                     /usr/lib/jdk/jdk1.8/jre/lib/javaws.jar
7f23e9442000-7f23e9447000 r--s 002f9000 08:01 395004                     /usr/lib/jdk/jdk1.8/jre/lib/charsets.jar
7f23e9447000-7f23e944f000 rw-s 00000000 08:01 446                        /tmp/hsperfdata_shiro/41195
7f23e944f000-7f23e9450000 rw-p 00000000 00:00 0 
7f23e9450000-7f23e9451000 ---p 00000000 00:00 0 
7f23e9451000-7f23e9452000 r--p 00027000 08:01 394842                     /lib/x86_64-linux-gnu/ld-2.27.so
7f23e9452000-7f23e9453000 rw-p 00028000 08:01 394842                     /lib/x86_64-linux-gnu/ld-2.27.so
7f23e9453000-7f23e9454000 rw-p 00000000 00:00 0 
7ffd52e65000-7ffd52e8a000 rw-p 00000000 00:00 0                          [stack]
7ffd52fcc000-7ffd52fcf000 r--p 00000000 00:00 0                          [vvar]
7ffd52fcf000-7ffd52fd1000 r-xp 00000000 00:00 0                          [vdso]
ffffffffff600000-ffffffffff601000 r-xp 00000000 00:00 0                  [vsyscall]

VM Arguments:
jvm_args: -javaagent:/opt/idea/lib/idea_rt.jar=33311:/opt/idea/bin -Dfile.encoding=UTF-8 
java_command: cn.edu.zucc.caviar.searchengine.core.service.impl.NoteServiceImpl
java_class_path (initial): /usr/lib/jdk/jdk1.8/jre/lib/charsets.jar:/usr/lib/jdk/jdk1.8/jre/lib/deploy.jar:/usr/lib/jdk/jdk1.8/jre/lib/ext/cldrdata.jar:/usr/lib/jdk/jdk1.8/jre/lib/ext/dnsns.jar:/usr/lib/jdk/jdk1.8/jre/lib/ext/jaccess.jar:/usr/lib/jdk/jdk1.8/jre/lib/ext/jfxrt.jar:/usr/lib/jdk/jdk1.8/jre/lib/ext/localedata.jar:/usr/lib/jdk/jdk1.8/jre/lib/ext/nashorn.jar:/usr/lib/jdk/jdk1.8/jre/lib/ext/sunec.jar:/usr/lib/jdk/jdk1.8/jre/lib/ext/sunjce_provider.jar:/usr/lib/jdk/jdk1.8/jre/lib/ext/sunpkcs11.jar:/usr/lib/jdk/jdk1.8/jre/lib/ext/zipfs.jar:/usr/lib/jdk/jdk1.8/jre/lib/javaws.jar:/usr/lib/jdk/jdk1.8/jre/lib/jce.jar:/usr/lib/jdk/jdk1.8/jre/lib/jfr.jar:/usr/lib/jdk/jdk1.8/jre/lib/jfxswt.jar:/usr/lib/jdk/jdk1.8/jre/lib/jsse.jar:/usr/lib/jdk/jdk1.8/jre/lib/management-agent.jar:/usr/lib/jdk/jdk1.8/jre/lib/plugin.jar:/usr/lib/jdk/jdk1.8/jre/lib/resources.jar:/usr/lib/jdk/jdk1.8/jre/lib/rt.jar:/home/shiro/IdeaProjects/caviar/target/classes:/home/shiro/.IntelliJIdea2019.1/config/javascript/extLibs/http_cdn.bootcss.com_jquery-cookie_1.4.1_jquery.cookie.js:/home/shiro/.m2/repository/aopalliance/aopalliance/1.0/aopalliance-1.0.jar:/home/shiro/.m2/repository/org/aspectj/aspectjweaver/1.9.2/aspectjweaver-1.9.2.jar:/home/shiro/.m2/repository/org/springframework/spring-aop/4.3.18.RELEASE/spring-aop-4.3.18.RELEASE.jar:/home/shiro/.m2/repository/org/springframework/spring-aspects/4.3.18.RELEASE/spring-aspects-4.3.18.RELEASE.jar:/home/shiro/.m2/repository/org/springframework/spring-beans/4.3.18.RELEASE/spring-beans-4.3.18.RELEASE.jar:/home/shiro/.m2/repository/org/springframework/spring-context/4.3.18.RELEASE/spring-context-4.3.18.RELEASE.jar:/home/shiro/.m2/repository/org/springframework/spring-core/4.3.18.RELEASE/spring-core-4.3.18.RELEASE.jar:/home/shiro/.m2/repository/org/springframework/spring-expression/4.3.18.RELEASE/spring-expression-4.3.18.RELEASE.jar:/home/shiro/.m2/repository/org/springframework/spring-jdbc/4.3.18.RELEASE/spring-jdbc-4.3.18.RELEASE.jar:/home/shiro/.
Launcher Type: SUN_STANDARD

Environment Variables:
JAVA_HOME=/usr/lib/jdk/jdk1.8
JRE_HOME=/usr/lib/jdk/jdk1.8/jre
CLASSPATH=/opt/idea/lib/bootstrap.jar:/opt/idea/lib/extensions.jar:/opt/idea/lib/util.jar:/opt/idea/lib/jdom.jar:/opt/idea/lib/log4j.jar:/opt/idea/lib/trove4j.jar:/opt/idea/lib/jna.jar:/opt/idea/jre64/lib/tools.jar
PATH=/home/shiro/bin:/home/shiro/.local/bin:.:/usr/lib/jdk/jdk1.8/bin:/opt/hadoop/bin:.:/usr/lib/jdk/jdk1.8/bin:/usr/local/sbin:/usr/local/bin:/usr/sbin:/usr/bin:/sbin:/bin:/usr/games:/usr/local/games:/snap/bin:/opt/scala/bin:/bin:/opt/kafka/bin:/opt/idea/bin:/opt/hbase/bin:/opt/hive/bin:/opt/browserDriver/chromedriver:/opt/browserDriver/geckodriver:/opt/browserDriver/phantomjs
USERNAME=shiro
SHELL=/bin/bash
DISPLAY=:0

Signal Handlers:
SIGSEGV: [libjvm.so+0xaced60], sa_mask[0]=11111111011111111101111111111110, sa_flags=SA_RESTART|SA_SIGINFO
SIGBUS: [libjvm.so+0xaced60], sa_mask[0]=11111111011111111101111111111110, sa_flags=SA_RESTART|SA_SIGINFO
SIGFPE: [libjvm.so+0x907ca0], sa_mask[0]=11111111011111111101111111111110, sa_flags=SA_RESTART|SA_SIGINFO
SIGPIPE: [libjvm.so+0x907ca0], sa_mask[0]=11111111011111111101111111111110, sa_flags=SA_RESTART|SA_SIGINFO
SIGXFSZ: [libjvm.so+0x907ca0], sa_mask[0]=11111111011111111101111111111110, sa_flags=SA_RESTART|SA_SIGINFO
SIGILL: [libjvm.so+0x907ca0], sa_mask[0]=11111111011111111101111111111110, sa_flags=SA_RESTART|SA_SIGINFO
SIGUSR1: SIG_DFL, sa_mask[0]=00000000000000000000000000000000, sa_flags=none
SIGUSR2: [libjvm.so+0x907b70], sa_mask[0]=00100000000000000000000000000000, sa_flags=SA_RESTART|SA_SIGINFO
SIGHUP: [libjvm.so+0x908190], sa_mask[0]=11111111011111111101111111111110, sa_flags=SA_RESTART|SA_SIGINFO
SIGINT: [libjvm.so+0x908190], sa_mask[0]=11111111011111111101111111111110, sa_flags=SA_RESTART|SA_SIGINFO
SIGTERM: [libjvm.so+0x908190], sa_mask[0]=11111111011111111101111111111110, sa_flags=SA_RESTART|SA_SIGINFO
SIGQUIT: [libjvm.so+0x908190], sa_mask[0]=11111111011111111101111111111110, sa_flags=SA_RESTART|SA_SIGINFO


---------------  S Y S T E M  ---------------

OS:DISTRIB_ID=Ubuntu
DISTRIB_RELEASE=18.04
DISTRIB_CODENAME=bionic
DISTRIB_DESCRIPTION="Ubuntu 18.04.2 LTS"

uname:Linux 4.15.0-50-generic #54-Ubuntu SMP Mon May 6 18:46:08 UTC 2019 x86_64
libc:glibc 2.27 NPTL 2.27 
rlimit: STACK 8192k, CORE 0k, NPROC 33953, NOFILE 1048576, AS infinity
load average:1.80 1.39 1.03

/proc/meminfo:
MemTotal:        8736296 kB
MemFree:          185980 kB
MemAvailable:     104120 kB
Buffers:            1272 kB
Cached:            93020 kB
SwapCached:            0 kB
Active:          7418368 kB
Inactive:          82512 kB
Active(anon):    7408520 kB
Inactive(anon):    52440 kB
Active(file):       9848 kB
Inactive(file):    30072 kB
Unevictable:          32 kB
Mlocked:              32 kB
SwapTotal:             0 kB
SwapFree:              0 kB
Dirty:               244 kB
Writeback:             0 kB
AnonPages:       7407008 kB
Mapped:            80004 kB
Shmem:             53984 kB
Slab:             237192 kB
SReclaimable:      74660 kB
SUnreclaim:       162532 kB
KernelStack:       26112 kB
PageTables:        69776 kB
NFS_Unstable:          0 kB
Bounce:                0 kB
WritebackTmp:          0 kB
CommitLimit:     4368148 kB
Committed_AS:   14943668 kB
VmallocTotal:   34359738367 kB
VmallocUsed:           0 kB
VmallocChunk:          0 kB
HardwareCorrupted:     0 kB
AnonHugePages:         0 kB
ShmemHugePages:        0 kB
ShmemPmdMapped:        0 kB
CmaTotal:              0 kB
CmaFree:               0 kB
HugePages_Total:       0
HugePages_Free:        0
HugePages_Rsvd:        0
HugePages_Surp:        0
Hugepagesize:       2048 kB
DirectMap4k:      454464 kB
DirectMap2M:     8536064 kB
DirectMap1G:           0 kB

container (cgroup) information:
container_type: cgroupv1
cpu_cpuset_cpus: 0-3
cpu_memory_nodes: 0
active_processor_count: 4
cpu_quota: -1
cpu_period: 100000
cpu_shares: -1
memory_limit_in_bytes: -1
memory_and_swap_limit_in_bytes: -2
memory_soft_limit_in_bytes: -1
memory_usage_in_bytes: 7065063424
memory_max_usage_in_bytes: 7170859008


CPU:total 4 (initial active 4) (2 cores per cpu, 1 threads per core) family 6 model 142 stepping 10, cmov, cx8, fxsr, mmx, sse, sse2, sse3, ssse3, sse4.1, sse4.2, popcnt, avx, avx2, aes, clmul, erms, 3dnowpref, lzcnt, tsc, tscinvbit, bmi1, bmi2, adx

/proc/cpuinfo:
processor	: 0
vendor_id	: GenuineIntel
cpu family	: 6
model		: 142
model name	: Intel(R) Core(TM) i7-8550U CPU @ 1.80GHz
stepping	: 10
microcode	: 0x96
cpu MHz		: 2001.000
cache size	: 8192 KB
physical id	: 0
siblings	: 2
core id		: 0
cpu cores	: 2
apicid		: 0
initial apicid	: 0
fpu		: yes
fpu_exception	: yes
cpuid level	: 22
wp		: yes
flags		: fpu vme de pse tsc msr pae mce cx8 apic sep mtrr pge mca cmov pat pse36 clflush mmx fxsr sse sse2 ss ht syscall nx pdpe1gb rdtscp lm constant_tsc arch_perfmon nopl xtopology tsc_reliable nonstop_tsc cpuid pni pclmulqdq ssse3 fma cx16 pcid sse4_1 sse4_2 x2apic movbe popcnt tsc_deadline_timer aes xsave avx f16c rdrand hypervisor lahf_lm abm 3dnowprefetch cpuid_fault invpcid_single pti ssbd ibrs ibpb stibp fsgsbase tsc_adjust bmi1 avx2 smep bmi2 invpcid mpx rdseed adx smap clflushopt xsaveopt xsavec xsaves arat flush_l1d arch_capabilities
bugs		: cpu_meltdown spectre_v1 spectre_v2 spec_store_bypass l1tf mds
bogomips	: 4002.00
clflush size	: 64
cache_alignment	: 64
address sizes	: 43 bits physical, 48 bits virtual
power management:

processor	: 1
vendor_id	: GenuineIntel
cpu family	: 6
model		: 142
model name	: Intel(R) Core(TM) i7-8550U CPU @ 1.80GHz
stepping	: 10
microcode	: 0x96
cpu MHz		: 2001.000
cache size	: 8192 KB
physical id	: 0
siblings	: 2
core id		: 1
cpu cores	: 2
apicid		: 1
initial apicid	: 1
fpu		: yes
fpu_exception	: yes
cpuid level	: 22
wp		: yes
flags		: fpu vme de pse tsc msr pae mce cx8 apic sep mtrr pge mca cmov pat pse36 clflush mmx fxsr sse sse2 ss ht syscall nx pdpe1gb rdtscp lm constant_tsc arch_perfmon nopl xtopology tsc_reliable nonstop_tsc cpuid pni pclmulqdq ssse3 fma cx16 pcid sse4_1 sse4_2 x2apic movbe popcnt tsc_deadline_timer aes xsave avx f16c rdrand hypervisor lahf_lm abm 3dnowprefetch cpuid_fault invpcid_single pti ssbd ibrs ibpb stibp fsgsbase tsc_adjust bmi1 avx2 smep bmi2 invpcid mpx rdseed adx smap clflushopt xsaveopt xsavec xsaves arat flush_l1d arch_capabilities
bugs		: cpu_meltdown spectre_v1 spectre_v2 spec_store_bypass l1tf mds
bogomips	: 4002.00
clflush size	: 64
cache_alignment	: 64
address sizes	: 43 bits physical, 48 bits virtual
power management:

processor	: 2
vendor_id	: GenuineIntel
cpu family	: 6
model		: 142
model name	: Intel(R) Core(TM) i7-8550U CPU @ 1.80GHz
stepping	: 10
microcode	: 0x96
cpu MHz		: 2001.000
cache size	: 8192 KB
physical id	: 1
siblings	: 2
core id		: 0
cpu cores	: 2
apicid		: 2
initial apicid	: 2
fpu		: yes
fpu_exception	: yes
cpuid level	: 22
wp		: yes
flags		: fpu vme de pse tsc msr pae mce cx8 apic sep mtrr pge mca cmov pat pse36 clflush mmx fxsr sse sse2 ss ht syscall nx pdpe1gb rdtscp lm constant_tsc arch_perfmon nopl xtopology tsc_reliable nonstop_tsc cpuid pni pclmulqdq ssse3 fma cx16 pcid sse4_1 sse4_2 x2apic movbe popcnt tsc_deadline_timer aes xsave avx f16c rdrand hypervisor lahf_lm abm 3dnowprefetch cpuid_fault invpcid_single pti ssbd ibrs ibpb stibp fsgsbase tsc_adjust bmi1 avx2 smep bmi2 invpcid mpx rdseed adx smap clflushopt xsaveopt xsavec xsaves arat flush_l1d arch_capabilities
bugs		: cpu_meltdown spectre_v1 spectre_v2 spec_store_bypass l1tf mds
bogomips	: 4002.00
clflush size	: 64
cache_alignment	: 64
address sizes	: 43 bits physical, 48 bits virtual
power management:

processor	: 3
vendor_id	: GenuineIntel
cpu family	: 6
model		: 142
model name	: Intel(R) Core(TM) i7-8550U CPU @ 1.80GHz
stepping	: 10
microcode	: 0x96
cpu MHz		: 2001.000
cache size	: 8192 KB
physical id	: 1
siblings	: 2
core id		: 1
cpu cores	: 2
apicid		: 3
initial apicid	: 3
fpu		: yes
fpu_exception	: yes
cpuid level	: 22
wp		: yes
flags		: fpu vme de pse tsc msr pae mce cx8 apic sep mtrr pge mca cmov pat pse36 clflush mmx fxsr sse sse2 ss ht syscall nx pdpe1gb rdtscp lm constant_tsc arch_perfmon nopl xtopology tsc_reliable nonstop_tsc cpuid pni pclmulqdq ssse3 fma cx16 pcid sse4_1 sse4_2 x2apic movbe popcnt tsc_deadline_timer aes xsave avx f16c rdrand hypervisor lahf_lm abm 3dnowprefetch cpuid_fault invpcid_single pti ssbd ibrs ibpb stibp fsgsbase tsc_adjust bmi1 avx2 smep bmi2 invpcid mpx rdseed adx smap clflushopt xsaveopt xsavec xsaves arat flush_l1d arch_capabilities
bugs		: cpu_meltdown spectre_v1 spectre_v2 spec_store_bypass l1tf mds
bogomips	: 4002.00
clflush size	: 64
cache_alignment	: 64
address sizes	: 43 bits physical, 48 bits virtual
power management:



Memory: 4k page, physical 8736296k(179408k free), swap 0k(0k free)

vm_info: Java HotSpot(TM) 64-Bit Server VM (25.191-b12) for linux-amd64 JRE (1.8.0_191-b12), built on Oct  6 2018 05:43:09 by "java_re" with gcc 7.3.0

time: Mon Jun  3 21:49:25 2019
elapsed time: 8 seconds (0d 0h 0m 8s)

