#
# There is insufficient memory for the Java Runtime Environment to continue.
# Native memory allocation (mmap) failed to map 264241152 bytes for committing reserved memory.
# Possible reasons:
#   The system is out of physical RAM or swap space
#   In 32 bit mode, the process size limit was hit
# Possible solutions:
#   Reduce memory load on the system
#   Increase physical memory or swap space
#   Check if swap backing store is full
#   Use 64 bit Java on a 64 bit OS
#   Decrease Java heap size (-Xmx/-Xms)
#   Decrease number of Java threads
#   Decrease Java thread stack sizes (-Xss)
#   Set larger code cache with -XX:ReservedCodeCacheSize=
# This output file may be truncated or incomplete.
#
#  Out of Memory Error (os_linux.cpp:2743), pid=76183, tid=0x00007fb91f2f2700
#
# JRE version: Java(TM) SE Runtime Environment (8.0_191-b12) (build 1.8.0_191-b12)
# Java VM: Java HotSpot(TM) 64-Bit Server VM (25.191-b12 mixed mode linux-amd64 compressed oops)
# Failed to write core dump. Core dumps have been disabled. To enable core dumping, try "ulimit -c unlimited" before starting Java again
#

---------------  T H R E A D  ---------------

Current thread (0x00007fb93814a000):  VMThread [stack: 0x00007fb91f1f3000,0x00007fb91f2f3000] [id=76192]

Stack: [0x00007fb91f1f3000,0x00007fb91f2f3000],  sp=0x00007fb91f2f1410,  free space=1017k
Native frames: (J=compiled Java code, j=interpreted, Vv=VM code, C=native code)
V  [libjvm.so+0xace425]  VMError::report_and_die()+0x2c5
V  [libjvm.so+0x4deb77]  report_vm_out_of_memory(char const*, int, unsigned long, VMErrorType, char const*)+0x67
V  [libjvm.so+0x90c570]  os::pd_commit_memory(char*, unsigned long, unsigned long, bool)+0x100
V  [libjvm.so+0x903eaf]  os::commit_memory(char*, unsigned long, unsigned long, bool)+0x1f
V  [libjvm.so+0x988346]  PSVirtualSpace::expand_by(unsigned long)+0x56
V  [libjvm.so+0x97768b]  PSOldGen::expand_by(unsigned long) [clone .part.28]+0x1b
V  [libjvm.so+0x977848]  PSOldGen::expand(unsigned long) [clone .part.29]+0xa8
V  [libjvm.so+0x9783f1]  PSOldGen::resize(unsigned long)+0xe1
V  [libjvm.so+0x97e506]  PSParallelCompact::invoke_no_policy(bool) [clone .part.118]+0xa06
V  [libjvm.so+0x9862d5]  PSScavenge::invoke()+0x215
V  [libjvm.so+0x935fb8]  ParallelScavengeHeap::failed_mem_allocate(unsigned long)+0x68
V  [libjvm.so+0xacff53]  VM_ParallelGCFailedAllocation::doit()+0x93
V  [libjvm.so+0xad50f6]  VM_Operation::evaluate()+0x46
V  [libjvm.so+0xad347d]  VMThread::evaluate_operation(VM_Operation*) [clone .constprop.44]+0xcd
V  [libjvm.so+0xad3a3b]  VMThread::loop()+0x37b
V  [libjvm.so+0xad3de8]  VMThread::run()+0x78
V  [libjvm.so+0x909c92]  java_start(Thread*)+0x102

VM_Operation (0x00007fb9404fea00): ParallelGCFailedAllocation, mode: safepoint, requested by thread 0x00007fb938015000


---------------  P R O C E S S  ---------------

Java Threads: ( => current thread )
  0x00007fb93935b000 JavaThread "Idle-Rpc-Conn-Sweeper-pool2-t1" daemon [_thread_blocked, id=76222, stack(0x00007fb914efe000,0x00007fb914fff000)]
  0x00007fb9392a1800 JavaThread "org.apache.hadoop.fs.FileSystem$Statistics$StatisticsDataReferenceCleaner" daemon [_thread_blocked, id=76221, stack(0x00007fb91c078000,0x00007fb91c179000)]
  0x00007fb939162800 JavaThread "main-EventThread" daemon [_thread_blocked, id=76220, stack(0x00007fb91c579000,0x00007fb91c67a000)]
  0x00007fb939162000 JavaThread "main-SendThread(localhost:2181)" daemon [_thread_in_native, id=76219, stack(0x00007fb91ca8a000,0x00007fb91cb8b000)]
  0x00007fb939024800 JavaThread "process reaper" daemon [_thread_blocked, id=76217, stack(0x00007fb91cb8b000,0x00007fb91cbc4000)]
  0x00007fb9382ca000 JavaThread "commons-pool-evictor-thread" daemon [_thread_blocked, id=76213, stack(0x00007fb91cdc4000,0x00007fb91cec5000)]
  0x00007fb8f8001000 JavaThread "Attach Listener" daemon [_thread_blocked, id=76211, stack(0x00007fb91d8e1000,0x00007fb91d9e2000)]
  0x00007fb9381c6000 JavaThread "Service Thread" daemon [_thread_blocked, id=76206, stack(0x00007fb91e33f000,0x00007fb91e440000)]
  0x00007fb9381b3000 JavaThread "C1 CompilerThread2" daemon [_thread_blocked, id=76205, stack(0x00007fb91e658000,0x00007fb91e758000)]
  0x00007fb9381b1800 JavaThread "C2 CompilerThread1" daemon [_thread_blocked, id=76204, stack(0x00007fb91e759000,0x00007fb91e859000)]
  0x00007fb9381ab000 JavaThread "C2 CompilerThread0" daemon [_thread_blocked, id=76203, stack(0x00007fb91e85a000,0x00007fb91e95a000)]
  0x00007fb9381a9800 JavaThread "Monitor Ctrl-Break" daemon [_thread_in_native, id=76202, stack(0x00007fb91e95a000,0x00007fb91ea5b000)]
  0x00007fb93818a000 JavaThread "Signal Dispatcher" daemon [_thread_blocked, id=76201, stack(0x00007fb91ea5b000,0x00007fb91eb5c000)]
  0x00007fb938156000 JavaThread "Finalizer" daemon [_thread_blocked, id=76194, stack(0x00007fb91eff0000,0x00007fb91f0f1000)]
  0x00007fb938153800 JavaThread "Reference Handler" daemon [_thread_blocked, id=76193, stack(0x00007fb91f0f1000,0x00007fb91f1f2000)]
  0x00007fb938015000 JavaThread "main" [_thread_blocked, id=76184, stack(0x00007fb940402000,0x00007fb940502000)]

Other Threads:
=>0x00007fb93814a000 VMThread [stack: 0x00007fb91f1f3000,0x00007fb91f2f3000] [id=76192]
  0x00007fb9381cb000 WatcherThread [stack: 0x00007fb91e23f000,0x00007fb91e33f000] [id=76207]

VM state:at safepoint (normal execution)

VM Mutex/Monitor currently owned by a thread:  ([mutex/lock_event])
[0x00007fb938008670] ExpandHeap_lock - owner thread: 0x00007fb93814a000
[0x00007fb938008cf0] Threads_lock - owner thread: 0x00007fb93814a000
[0x00007fb9380091f0] Heap_lock - owner thread: 0x00007fb938015000

Heap:
 PSYoungGen      total 572416K, used 21402K [0x0000000793900000, 0x00000007c0000000, 0x00000007c0000000)
  eden space 457728K, 0% used [0x0000000793900000,0x0000000793900000,0x00000007af800000)
  from space 114688K, 18% used [0x00000007b9000000,0x00000007ba4e6b10,0x00000007c0000000)
  to   space 135168K, 0% used [0x00000007af800000,0x00000007af800000,0x00000007b7c00000)
 ParOldGen       total 620544K, used 620375K [0x000000073aa00000, 0x0000000760800000, 0x0000000793900000)
  object space 620544K, 99% used [0x000000073aa00000,0x00000007607d5f88,0x0000000760800000)
 Metaspace       used 28261K, capacity 28478K, committed 28928K, reserved 1075200K
  class space    used 3424K, capacity 3513K, committed 3584K, reserved 1048576K

Card table byte_map: [0x00007fb93cab3000,0x00007fb93cedf000] byte_map_base: 0x00007fb9390de000

Marking Bits: (ParMarkBitMap*) 0x00007fb93f8b2d40
 Begin Bits: [0x00007fb924d50000, 0x00007fb926ea8000)
 End Bits:   [0x00007fb926ea8000, 0x00007fb929000000)

Polling page: 0x00007fb940522000

CodeCache: size=245760Kb used=9964Kb max_used=9993Kb free=235795Kb
 bounds [0x00007fb929000000, 0x00007fb9299d0000, 0x00007fb938000000]
 total_blobs=2966 nmethods=2509 adapters=370
 compilation: enabled

Compilation events (10 events):
Event: 7.913 Thread 0x00007fb9381ab000 2515       4       sun.nio.cs.UTF_8$Decoder::isMalformed3 (45 bytes)
Event: 7.914 Thread 0x00007fb9381ab000 nmethod 2515 0x00007fb92999d8d0 code [0x00007fb92999da20, 0x00007fb92999dab8]
Event: 7.927 Thread 0x00007fb9381b1800 2516       4       sun.nio.cs.UTF_8$Decoder::decode (779 bytes)
Event: 7.950 Thread 0x00007fb9381b1800 nmethod 2516 0x00007fb9299c9750 code [0x00007fb9299c9a20, 0x00007fb9299cadf8]
Event: 8.734 Thread 0x00007fb9381b3000 2517       3       java.util.concurrent.locks.AbstractQueuedSynchronizer::compareAndSetState (13 bytes)
Event: 8.734 Thread 0x00007fb9381b3000 nmethod 2517 0x00007fb929956e50 code [0x00007fb929956fa0, 0x00007fb929957110]
Event: 9.913 Thread 0x00007fb9381b3000 2518       3       sun.nio.cs.UTF_8$Decoder::isMalformed4 (39 bytes)
Event: 9.913 Thread 0x00007fb9381b3000 nmethod 2518 0x00007fb9299b4bd0 code [0x00007fb9299b4d40, 0x00007fb9299b4f50]
Event: 9.913 Thread 0x00007fb9381b3000 2519       3       java.lang.Character::isSupplementaryCodePoint (18 bytes)
Event: 9.913 Thread 0x00007fb9381b3000 nmethod 2519 0x00007fb929102350 code [0x00007fb9291024c0, 0x00007fb929102690]

GC Heap History (10 events):
Event: 8.360 GC heap after
Heap after GC invocations=23 (full 4):
 PSYoungGen      total 523264K, used 65536K [0x0000000793900000, 0x00000007bf280000, 0x00000007c0000000)
  eden space 434176K, 0% used [0x0000000793900000,0x0000000793900000,0x00000007ae100000)
  from space 89088K, 73% used [0x00000007ae100000,0x00000007b2100000,0x00000007b3800000)
  to   space 95232K, 0% used [0x00000007b9580000,0x00000007b9580000,0x00000007bf280000)
 ParOldGen       total 418304K, used 362798K [0x000000073aa00000, 0x0000000754280000, 0x0000000793900000)
  object space 418304K, 86% used [0x000000073aa00000,0x0000000750c4bac0,0x0000000754280000)
 Metaspace       used 28261K, capacity 28478K, committed 28928K, reserved 1075200K
  class space    used 3424K, capacity 3513K, committed 3584K, reserved 1048576K
}
Event: 8.360 GC heap before
{Heap before GC invocations=24 (full 5):
 PSYoungGen      total 523264K, used 65536K [0x0000000793900000, 0x00000007bf280000, 0x00000007c0000000)
  eden space 434176K, 0% used [0x0000000793900000,0x0000000793900000,0x00000007ae100000)
  from space 89088K, 73% used [0x00000007ae100000,0x00000007b2100000,0x00000007b3800000)
  to   space 95232K, 0% used [0x00000007b9580000,0x00000007b9580000,0x00000007bf280000)
 ParOldGen       total 418304K, used 362798K [0x000000073aa00000, 0x0000000754280000, 0x0000000793900000)
  object space 418304K, 86% used [0x000000073aa00000,0x0000000750c4bac0,0x0000000754280000)
 Metaspace       used 28261K, capacity 28478K, committed 28928K, reserved 1075200K
  class space    used 3424K, capacity 3513K, committed 3584K, reserved 1048576K
Event: 8.522 GC heap after
Heap after GC invocations=24 (full 5):
 PSYoungGen      total 523264K, used 3998K [0x0000000793900000, 0x00000007bf280000, 0x00000007c0000000)
  eden space 434176K, 0% used [0x0000000793900000,0x0000000793900000,0x00000007ae100000)
  from space 89088K, 4% used [0x00000007ae100000,0x00000007ae4e7b90,0x00000007b3800000)
  to   space 95232K, 0% used [0x00000007b9580000,0x00000007b9580000,0x00000007bf280000)
 ParOldGen       total 620544K, used 418229K [0x000000073aa00000, 0x0000000760800000, 0x0000000793900000)
  object space 620544K, 67% used [0x000000073aa00000,0x000000075426d7a8,0x0000000760800000)
 Metaspace       used 28261K, capacity 28478K, committed 28928K, reserved 1075200K
  class space    used 3424K, capacity 3513K, committed 3584K, reserved 1048576K
}
Event: 9.037 GC heap before
{Heap before GC invocations=25 (full 5):
 PSYoungGen      total 523264K, used 438174K [0x0000000793900000, 0x00000007bf280000, 0x00000007c0000000)
  eden space 434176K, 100% used [0x0000000793900000,0x00000007ae100000,0x00000007ae100000)
  from space 89088K, 4% used [0x00000007ae100000,0x00000007ae4e7b90,0x00000007b3800000)
  to   space 95232K, 0% used [0x00000007b9580000,0x00000007b9580000,0x00000007bf280000)
 ParOldGen       total 620544K, used 418229K [0x000000073aa00000, 0x0000000760800000, 0x0000000793900000)
  object space 620544K, 67% used [0x000000073aa00000,0x000000075426d7a8,0x0000000760800000)
 Metaspace       used 28261K, capacity 28478K, committed 28928K, reserved 1075200K
  class space    used 3424K, capacity 3513K, committed 3584K, reserved 1048576K
Event: 9.088 GC heap after
Heap after GC invocations=25 (full 5):
 PSYoungGen      total 607744K, used 65536K [0x0000000793900000, 0x00000007bf180000, 0x00000007c0000000)
  eden space 513536K, 0% used [0x0000000793900000,0x0000000793900000,0x00000007b2e80000)
  from space 94208K, 69% used [0x00000007b9580000,0x00000007bd580000,0x00000007bf180000)
  to   space 99840K, 0% used [0x00000007b2e80000,0x00000007b2e80000,0x00000007b9000000)
 ParOldGen       total 620544K, used 422445K [0x000000073aa00000, 0x0000000760800000, 0x0000000793900000)
  object space 620544K, 68% used [0x000000073aa00000,0x000000075468b7a8,0x0000000760800000)
 Metaspace       used 28261K, capacity 28478K, committed 28928K, reserved 1075200K
  class space    used 3424K, capacity 3513K, committed 3584K, reserved 1048576K
}
Event: 9.807 GC heap before
{Heap before GC invocations=26 (full 5):
 PSYoungGen      total 607744K, used 579072K [0x0000000793900000, 0x00000007bf180000, 0x00000007c0000000)
  eden space 513536K, 100% used [0x0000000793900000,0x00000007b2e80000,0x00000007b2e80000)
  from space 94208K, 69% used [0x00000007b9580000,0x00000007bd580000,0x00000007bf180000)
  to   space 99840K, 0% used [0x00000007b2e80000,0x00000007b2e80000,0x00000007b9000000)
 ParOldGen       total 620544K, used 422445K [0x000000073aa00000, 0x0000000760800000, 0x0000000793900000)
  object space 620544K, 68% used [0x000000073aa00000,0x000000075468b7a8,0x0000000760800000)
 Metaspace       used 28261K, capacity 28478K, committed 28928K, reserved 1075200K
  class space    used 3424K, capacity 3513K, committed 3584K, reserved 1048576K
Event: 9.879 GC heap after
Heap after GC invocations=26 (full 5):
 PSYoungGen      total 613376K, used 99808K [0x0000000793900000, 0x00000007c0000000, 0x00000007c0000000)
  eden space 513536K, 0% used [0x0000000793900000,0x0000000793900000,0x00000007b2e80000)
  from space 99840K, 99% used [0x00000007b2e80000,0x00000007b8ff8010,0x00000007b9000000)
  to   space 114688K, 0% used [0x00000007b9000000,0x00000007b9000000,0x00000007c0000000)
 ParOldGen       total 620544K, used 470941K [0x000000073aa00000, 0x0000000760800000, 0x0000000793900000)
  object space 620544K, 75% used [0x000000073aa00000,0x00000007575e77a8,0x0000000760800000)
 Metaspace       used 28261K, capacity 28478K, committed 28928K, reserved 1075200K
  class space    used 3424K, capacity 3513K, committed 3584K, reserved 1048576K
}
Event: 10.498 GC heap before
{Heap before GC invocations=27 (full 5):
 PSYoungGen      total 613376K, used 613344K [0x0000000793900000, 0x00000007c0000000, 0x00000007c0000000)
  eden space 513536K, 100% used [0x0000000793900000,0x00000007b2e80000,0x00000007b2e80000)
  from space 99840K, 99% used [0x00000007b2e80000,0x00000007b8ff8010,0x00000007b9000000)
  to   space 114688K, 0% used [0x00000007b9000000,0x00000007b9000000,0x00000007c0000000)
 ParOldGen       total 620544K, used 470941K [0x000000073aa00000, 0x0000000760800000, 0x0000000793900000)
  object space 620544K, 75% used [0x000000073aa00000,0x00000007575e77a8,0x0000000760800000)
 Metaspace       used 28261K, capacity 28478K, committed 28928K, reserved 1075200K
  class space    used 3424K, capacity 3513K, committed 3584K, reserved 1048576K
Event: 10.557 GC heap after
Heap after GC invocations=27 (full 5):
 PSYoungGen      total 572416K, used 77472K [0x0000000793900000, 0x00000007c0000000, 0x00000007c0000000)
  eden space 457728K, 0% used [0x0000000793900000,0x0000000793900000,0x00000007af800000)
  from space 114688K, 67% used [0x00000007b9000000,0x00000007bdba8000,0x00000007c0000000)
  to   space 135168K, 0% used [0x00000007af800000,0x00000007af800000,0x00000007b7c00000)
 ParOldGen       total 620544K, used 574709K [0x000000073aa00000, 0x0000000760800000, 0x0000000793900000)
  object space 620544K, 92% used [0x000000073aa00000,0x000000075db3d7b8,0x0000000760800000)
 Metaspace       used 28261K, capacity 28478K, committed 28928K, reserved 1075200K
  class space    used 3424K, capacity 3513K, committed 3584K, reserved 1048576K
}
Event: 10.557 GC heap before
{Heap before GC invocations=28 (full 6):
 PSYoungGen      total 572416K, used 77472K [0x0000000793900000, 0x00000007c0000000, 0x00000007c0000000)
  eden space 457728K, 0% used [0x0000000793900000,0x0000000793900000,0x00000007af800000)
  from space 114688K, 67% used [0x00000007b9000000,0x00000007bdba8000,0x00000007c0000000)
  to   space 135168K, 0% used [0x00000007af800000,0x00000007af800000,0x00000007b7c00000)
 ParOldGen       total 620544K, used 574709K [0x000000073aa00000, 0x0000000760800000, 0x0000000793900000)
  object space 620544K, 92% used [0x000000073aa00000,0x000000075db3d7b8,0x0000000760800000)
 Metaspace       used 28261K, capacity 28478K, committed 28928K, reserved 1075200K
  class space    used 3424K, capacity 3513K, committed 3584K, reserved 1048576K

Deoptimization events (10 events):
Event: 4.336 Thread 0x00007fb938015000 Uncommon trap: reason=unstable_if action=reinterpret pc=0x00007fb9291fcd1c method=sun.nio.cs.UTF_8$Decoder.decode([BII[C)I @ 30
Event: 4.478 Thread 0x00007fb938015000 Uncommon trap: reason=unstable_if action=reinterpret pc=0x00007fb92995be0c method=sun.nio.cs.UTF_8$Decoder.decode([BII[C)I @ 218
Event: 5.186 Thread 0x00007fb938015000 Uncommon trap: reason=unstable_if action=reinterpret pc=0x00007fb92996b2cc method=sun.nio.cs.UTF_8$Decoder.decode([BII[C)I @ 67
Event: 5.421 Thread 0x00007fb938015000 Uncommon trap: reason=unstable_if action=reinterpret pc=0x00007fb929952af4 method=java.util.HashMap.putVal(ILjava/lang/Object;Ljava/lang/Object;ZZ)Ljava/lang/Object; @ 162
Event: 5.670 Thread 0x00007fb938015000 Uncommon trap: reason=unstable_if action=reinterpret pc=0x00007fb92988c5f4 method=java.util.HashMap.resize()[Ljava/util/HashMap$Node; @ 206
Event: 6.312 Thread 0x00007fb938015000 Uncommon trap: reason=unstable_if action=reinterpret pc=0x00007fb9299a61d0 method=cn.edu.zucc.caviar.searchengine.common.vec.Word2VEC.readString(Ljava/io/DataInputStream;)Ljava/lang/String; @ 48
Event: 6.313 Thread 0x00007fb938015000 Uncommon trap: reason=unstable_if action=reinterpret pc=0x00007fb92999558c method=sun.nio.cs.UTF_8$Decoder.decode([BII[C)I @ 226
Event: 6.939 Thread 0x00007fb938015000 Uncommon trap: reason=unstable_if action=reinterpret pc=0x00007fb929969424 method=cn.edu.zucc.caviar.searchengine.common.vec.Word2VEC.readString(Ljava/io/DataInputStream;)Ljava/lang/String; @ 48
Event: 7.892 Thread 0x00007fb938015000 Uncommon trap: reason=unstable_if action=reinterpret pc=0x00007fb9299b7b00 method=sun.nio.cs.UTF_8$Decoder.isMalformed3(III)Z @ 3
Event: 7.892 Thread 0x00007fb938015000 Uncommon trap: reason=unstable_if action=reinterpret pc=0x00007fb92994ef44 method=sun.nio.cs.UTF_8$Decoder.isMalformed3(III)Z @ 3

Classes redefined (0 events):
No events

Internal exceptions (10 events):
Event: 4.316 Thread 0x00007fb938015000 Exception <a 'java/lang/ClassNotFoundException': cn/edu/zucc/caviar/searchengine/common/utils/RedisUtilBeanInfo> (0x00000007961fbb48) thrown at [/HUDSON/workspace/8-2-build-linux-amd64/jdk8u191/11894/hotspot/src/share/vm/classfile/systemDictionary.cpp, li
Event: 4.316 Thread 0x00007fb938015000 Exception <a 'java/lang/ClassNotFoundException': cn/edu/zucc/caviar/searchengine/common/utils/RedisUtilCustomizer> (0x000000079622e818) thrown at [/HUDSON/workspace/8-2-build-linux-amd64/jdk8u191/11894/hotspot/src/share/vm/classfile/systemDictionary.cpp, 
Event: 4.324 Thread 0x00007fb938015000 Exception <a 'java/lang/ClassNotFoundException': org/springframework/context/event/EventListenerMethodProcessorBeanInfo> (0x00000007962cbee0) thrown at [/HUDSON/workspace/8-2-build-linux-amd64/jdk8u191/11894/hotspot/src/share/vm/classfile/systemDictionary
Event: 4.324 Thread 0x00007fb938015000 Exception <a 'java/lang/ClassNotFoundException': org/springframework/context/event/EventListenerMethodProcessorCustomizer> (0x0000000796303720) thrown at [/HUDSON/workspace/8-2-build-linux-amd64/jdk8u191/11894/hotspot/src/share/vm/classfile/systemDictiona
Event: 4.325 Thread 0x00007fb938015000 Exception <a 'java/lang/ClassNotFoundException': org/springframework/beans/factory/SmartInitializingSingletonCustomizer> (0x000000079633d460) thrown at [/HUDSON/workspace/8-2-build-linux-amd64/jdk8u191/11894/hotspot/src/share/vm/classfile/systemDictionary
Event: 4.326 Thread 0x00007fb938015000 Exception <a 'java/lang/ClassNotFoundException': org/springframework/context/ApplicationContextAwareCustomizer> (0x000000079636f4a0) thrown at [/HUDSON/workspace/8-2-build-linux-amd64/jdk8u191/11894/hotspot/src/share/vm/classfile/systemDictionary.cpp, lin
Event: 4.329 Thread 0x00007fb938015000 Exception <a 'java/lang/ClassNotFoundException': org/springframework/context/event/DefaultEventListenerFactoryBeanInfo> (0x00000007963bb2e8) thrown at [/HUDSON/workspace/8-2-build-linux-amd64/jdk8u191/11894/hotspot/src/share/vm/classfile/systemDictionary.
Event: 4.330 Thread 0x00007fb938015000 Exception <a 'java/lang/ClassNotFoundException': org/springframework/context/event/DefaultEventListenerFactoryCustomizer> (0x00000007963f1ef0) thrown at [/HUDSON/workspace/8-2-build-linux-amd64/jdk8u191/11894/hotspot/src/share/vm/classfile/systemDictionar
Event: 4.331 Thread 0x00007fb938015000 Exception <a 'java/lang/ClassNotFoundException': org/springframework/context/event/EventListenerFactoryCustomizer> (0x000000079642cef0) thrown at [/HUDSON/workspace/8-2-build-linux-amd64/jdk8u191/11894/hotspot/src/share/vm/classfile/systemDictionary.cpp, 
Event: 4.332 Thread 0x00007fb938015000 Exception <a 'java/lang/ClassNotFoundException': org/springframework/core/OrderedCustomizer> (0x0000000796454a38) thrown at [/HUDSON/workspace/8-2-build-linux-amd64/jdk8u191/11894/hotspot/src/share/vm/classfile/systemDictionary.cpp, line 210]

Events (10 events):
Event: 9.879 Executing VM operation: ParallelGCFailedAllocation done
Event: 9.913 Thread 0x00007fb9381b3000 flushing nmethod 0x00007fb929102350
Event: 9.913 Thread 0x00007fb9381b3000 flushing nmethod 0x00007fb929103510
Event: 9.913 Thread 0x00007fb9381b3000 flushing nmethod 0x00007fb929104d90
Event: 9.913 Thread 0x00007fb9381b3000 flushing nmethod 0x00007fb929105110
Event: 9.913 Thread 0x00007fb9381b3000 flushing nmethod 0x00007fb929112290
Event: 9.913 Thread 0x00007fb9381b3000 flushing nmethod 0x00007fb929116050
Event: 9.913 Thread 0x00007fb9381b3000 flushing nmethod 0x00007fb9291166d0
Event: 9.913 Thread 0x00007fb9381b3000 flushing nmethod 0x00007fb92914ca50
Event: 10.498 Executing VM operation: ParallelGCFailedAllocation


Dynamic libraries:
00400000-00401000 r-xp 00000000 08:01 271761                             /usr/lib/jdk/jdk1.8/bin/java
00600000-00601000 r--p 00000000 08:01 271761                             /usr/lib/jdk/jdk1.8/bin/java
00601000-00602000 rw-p 00001000 08:01 271761                             /usr/lib/jdk/jdk1.8/bin/java
01a2c000-01a4d000 rw-p 00000000 00:00 0                                  [heap]
73aa00000-760800000 rw-p 00000000 00:00 0 
770400000-793900000 ---p 00000000 00:00 0 
793900000-7c0000000 rw-p 00000000 00:00 0 
7c0000000-7c0380000 rw-p 00000000 00:00 0 
7c0380000-800000000 ---p 00000000 00:00 0 
7fb8c8000000-7fb8c8021000 rw-p 00000000 00:00 0 
7fb8c8021000-7fb8cc000000 ---p 00000000 00:00 0 
7fb8cc000000-7fb8cc021000 rw-p 00000000 00:00 0 
7fb8cc021000-7fb8d0000000 ---p 00000000 00:00 0 
7fb8d0000000-7fb8d0021000 rw-p 00000000 00:00 0 
7fb8d0021000-7fb8d4000000 ---p 00000000 00:00 0 
7fb8d4000000-7fb8d4021000 rw-p 00000000 00:00 0 
7fb8d4021000-7fb8d8000000 ---p 00000000 00:00 0 
7fb8d8000000-7fb8d8021000 rw-p 00000000 00:00 0 
7fb8d8021000-7fb8dc000000 ---p 00000000 00:00 0 
7fb8dc000000-7fb8dc021000 rw-p 00000000 00:00 0 
7fb8dc021000-7fb8e0000000 ---p 00000000 00:00 0 
7fb8e0000000-7fb8e0021000 rw-p 00000000 00:00 0 
7fb8e0021000-7fb8e4000000 ---p 00000000 00:00 0 
7fb8e4000000-7fb8e4021000 rw-p 00000000 00:00 0 
7fb8e4021000-7fb8e8000000 ---p 00000000 00:00 0 
7fb8e8000000-7fb8e86f7000 rw-p 00000000 00:00 0 
7fb8e86f7000-7fb8ec000000 ---p 00000000 00:00 0 
7fb8ec000000-7fb8ec021000 rw-p 00000000 00:00 0 
7fb8ec021000-7fb8f0000000 ---p 00000000 00:00 0 
7fb8f0000000-7fb8f11f5000 rw-p 00000000 00:00 0 
7fb8f11f5000-7fb8f4000000 ---p 00000000 00:00 0 
7fb8f4000000-7fb8f499a000 rw-p 00000000 00:00 0 
7fb8f499a000-7fb8f8000000 ---p 00000000 00:00 0 
7fb8f8000000-7fb8f8021000 rw-p 00000000 00:00 0 
7fb8f8021000-7fb8fc000000 ---p 00000000 00:00 0 
7fb8fc000000-7fb8fc021000 rw-p 00000000 00:00 0 
7fb8fc021000-7fb900000000 ---p 00000000 00:00 0 
7fb900000000-7fb900021000 rw-p 00000000 00:00 0 
7fb900021000-7fb904000000 ---p 00000000 00:00 0 
7fb904000000-7fb904021000 rw-p 00000000 00:00 0 
7fb904021000-7fb908000000 ---p 00000000 00:00 0 
7fb908000000-7fb908021000 rw-p 00000000 00:00 0 
7fb908021000-7fb90c000000 ---p 00000000 00:00 0 
7fb90c000000-7fb90c2d4000 rw-p 00000000 00:00 0 
7fb90c2d4000-7fb910000000 ---p 00000000 00:00 0 
7fb910000000-7fb910021000 rw-p 00000000 00:00 0 
7fb910021000-7fb914000000 ---p 00000000 00:00 0 
7fb914cfe000-7fb914dbe000 rw-p 00000000 00:00 0 
7fb914dbe000-7fb914efe000 ---p 00000000 00:00 0 
7fb914efe000-7fb914f01000 ---p 00000000 00:00 0 
7fb914f01000-7fb918000000 rw-p 00000000 00:00 0 
7fb918000000-7fb918021000 rw-p 00000000 00:00 0 
7fb918021000-7fb91c000000 ---p 00000000 00:00 0 
7fb91c078000-7fb91c07b000 ---p 00000000 00:00 0 
7fb91c07b000-7fb91c379000 rw-p 00000000 00:00 0 
7fb91c379000-7fb91c579000 rw-p 00000000 00:00 0 
7fb91c579000-7fb91c57c000 ---p 00000000 00:00 0 
7fb91c57c000-7fb91c67a000 rw-p 00000000 00:00 0 
7fb91c67a000-7fb91c67c000 r--s 00009000 08:01 395066                     /usr/lib/jdk/jdk1.8/jre/lib/ext/sunec.jar
7fb91c67c000-7fb91c680000 r--s 0003a000 08:01 395073                     /usr/lib/jdk/jdk1.8/jre/lib/ext/sunpkcs11.jar
7fb91c680000-7fb91c683000 r--s 0001a000 08:01 399522                     /usr/lib/jdk/jdk1.8/jre/lib/jce.jar
7fb91c683000-7fb91c688000 r--s 000a0000 08:01 395064                     /usr/lib/jdk/jdk1.8/jre/lib/jsse.jar
7fb91c688000-7fb91c689000 r-xp 00000000 08:01 399339                     /usr/lib/jdk/jdk1.8/jre/lib/amd64/libjaas_unix.so
7fb91c689000-7fb91c888000 ---p 00001000 08:01 399339                     /usr/lib/jdk/jdk1.8/jre/lib/amd64/libjaas_unix.so
7fb91c888000-7fb91c889000 r--p 00000000 08:01 399339                     /usr/lib/jdk/jdk1.8/jre/lib/amd64/libjaas_unix.so
7fb91c889000-7fb91c88a000 rw-p 00001000 08:01 399339                     /usr/lib/jdk/jdk1.8/jre/lib/amd64/libjaas_unix.so
7fb91c88a000-7fb91ca8a000 rw-p 00000000 00:00 0 
7fb91ca8a000-7fb91ca8d000 ---p 00000000 00:00 0 
7fb91ca8d000-7fb91cb8b000 rw-p 00000000 00:00 0 
7fb91cb8b000-7fb91cb8e000 ---p 00000000 00:00 0 
7fb91cb8e000-7fb91cdc4000 rw-p 00000000 00:00 0 
7fb91cdc4000-7fb91cdc7000 ---p 00000000 00:00 0 
7fb91cdc7000-7fb91cec5000 rw-p 00000000 00:00 0 
7fb91cec5000-7fb91ced6000 r-xp 00000000 08:01 399445                     /usr/lib/jdk/jdk1.8/jre/lib/amd64/libnio.so
7fb91ced6000-7fb91d0d5000 ---p 00011000 08:01 399445                     /usr/lib/jdk/jdk1.8/jre/lib/amd64/libnio.so
7fb91d0d5000-7fb91d0d6000 r--p 00010000 08:01 399445                     /usr/lib/jdk/jdk1.8/jre/lib/amd64/libnio.so
7fb91d0d6000-7fb91d0d7000 rw-p 00011000 08:01 399445                     /usr/lib/jdk/jdk1.8/jre/lib/amd64/libnio.so
7fb91d0d7000-7fb91d0df000 r-xp 00000000 08:01 399476                     /usr/lib/jdk/jdk1.8/jre/lib/amd64/libmanagement.so
7fb91d0df000-7fb91d2df000 ---p 00008000 08:01 399476                     /usr/lib/jdk/jdk1.8/jre/lib/amd64/libmanagement.so
7fb91d2df000-7fb91d2e0000 r--p 00008000 08:01 399476                     /usr/lib/jdk/jdk1.8/jre/lib/amd64/libmanagement.so
7fb91d2e0000-7fb91d2e1000 rw-p 00009000 08:01 399476                     /usr/lib/jdk/jdk1.8/jre/lib/amd64/libmanagement.so
7fb91d2e1000-7fb91d4e1000 rw-p 00000000 00:00 0 
7fb91d4e1000-7fb91d6e1000 rw-p 00000000 00:00 0 
7fb91d6e1000-7fb91d8e1000 rw-p 00000000 00:00 0 
7fb91d8e1000-7fb91d8e4000 ---p 00000000 00:00 0 
7fb91d8e4000-7fb91dbe2000 rw-p 00000000 00:00 0 
7fb91dbe2000-7fb91dbea000 r--s 00095000 08:01 301873                     /home/shiro/.m2/repository/com/alibaba/fastjson/1.2.58/fastjson-1.2.58.jar
7fb91dbea000-7fb91dbee000 r--s 0001c000 08:01 1204095                    /home/shiro/.m2/repository/org/springframework/retry/spring-retry/1.2.2.RELEASE/spring-retry-1.2.2.RELEASE.jar
7fb91dbee000-7fb91dbf3000 r--s 0002b000 08:01 1204090                    /home/shiro/.m2/repository/org/springframework/kafka/spring-kafka/1.3.5.RELEASE/spring-kafka-1.3.5.RELEASE.jar
7fb91dbf3000-7fb91dbf5000 r--s 001eb000 08:01 439016                     /home/shiro/.m2/repository/org/xerial/snappy/snappy-java/1.1.7.2/snappy-java-1.1.7.2.jar
7fb91dbf5000-7fb91dbf8000 r--s 0007a000 08:01 274401                     /home/shiro/.m2/repository/org/lz4/lz4-java/1.5.0/lz4-java-1.5.0.jar
7fb91dbf8000-7fb91dbfa000 r--s 00389000 08:01 275448                     /home/shiro/.m2/repository/com/github/luben/zstd-jni/1.3.5-4/zstd-jni-1.3.5-4.jar
7fb91dbfa000-7fb91dc1a000 r--s 001ae000 08:01 439014                     /home/shiro/.m2/repository/org/apache/kafka/kafka-clients/2.1.0/kafka-clients-2.1.0.jar
7fb91dc1a000-7fb91dc1c000 r--s 00011000 08:01 349099                     /home/shiro/.m2/repository/org/junit/platform/junit-platform-commons/1.3.2/junit-platform-commons-1.3.2.jar
7fb91dc1c000-7fb91dc1d000 r--s 00001000 08:01 349097                     /home/shiro/.m2/repository/org/opentest4j/opentest4j/1.1.1/opentest4j-1.1.1.jar
7fb91dc1d000-7fb91dc1e000 r--s 00000000 08:01 349089                     /home/shiro/.m2/repository/org/apiguardian/apiguardian-api/1.0.0/apiguardian-api-1.0.0.jar
7fb91dc1e000-7fb91dc22000 r--s 00019000 08:01 349092                     /home/shiro/.m2/repository/org/junit/jupiter/junit-jupiter-api/5.3.2/junit-jupiter-api-5.3.2.jar
7fb91dc22000-7fb91dc23000 r--s 00216000 08:01 275650                     /home/shiro/.m2/repository/com/huaban/jieba-analysis/1.0.2/jieba-analysis-1.0.2.jar
7fb91dc23000-7fb91dc37000 r--s 00787000 08:01 275642                     /home/shiro/.m2/repository/com/hankcs/hanlp/portable-1.7.2/hanlp-portable-1.7.2.jar
7fb91dc37000-7fb91dc3c000 r--s 00036000 08:01 701609                     /home/shiro/.m2/repository/com/google/code/gson/gson/2.8.5/gson-2.8.5.jar
7fb91dc3c000-7fb91dc3e000 r--s 00003000 08:01 348813                     /home/shiro/.m2/repository/org/slf4j/jcl-over-slf4j/1.7.21/jcl-over-slf4j-1.7.21.jar
7fb91dc3e000-7fb91dc40000 r--s 00013000 08:01 1203834                    /home/shiro/.m2/repository/org/springframework/spring-oxm/4.2.6.RELEASE/spring-oxm-4.2.6.RELEASE.jar
7fb91dc40000-7fb91dc51000 r--s 00098000 08:01 1203826                    /home/shiro/.m2/repository/org/springframework/data/spring-data-commons/1.12.2.RELEASE/spring-data-commons-1.12.2.RELEASE.jar
7fb91dc51000-7fb91dc55000 r--s 00016000 08:01 1203820                    /home/shiro/.m2/repository/org/springframework/data/spring-data-keyvalue/1.1.2.RELEASE/spring-data-keyvalue-1.1.2.RELEASE.jar
7fb91dc55000-7fb91dc6e000 r--s 000f9000 08:01 1203824                    /home/shiro/.m2/repository/org/springframework/data/spring-data-redis/1.7.2.RELEASE/spring-data-redis-1.7.2.RELEASE.jar
7fb91dc6e000-7fb91dc7a000 r--s 00077000 08:01 301459                     /home/shiro/.m2/repository/redis/clients/jedis/2.8.0/jedis-2.8.0.jar
7fb91dc7a000-7fb91dc93000 r--s 00164000 08:01 693578                     /home/shiro/.m2/repository/org/apache/hadoop/hadoop-mapreduce-client-core/2.7.4/hadoop-mapreduce-client-core-2.7.4.jar
7fb91dc93000-7fb91dc97000 r--s 00014000 08:01 659846                     /home/shiro/.m2/repository/org/tukaani/xz/1.0/xz-1.0.jar
7fb91dc97000-7fb91dc9c000 r--s 00036000 08:01 659845                     /home/shiro/.m2/repository/org/apache/commons/commons-compress/1.4.1/commons-compress-1.4.1.jar
7fb91dc9c000-7fb91dca4000 r--s 0003b000 08:01 701597                     /home/shiro/.m2/repository/org/apache/curator/curator-recipes/2.7.1/curator-recipes-2.7.1.jar
7fb91dca4000-7fb91dca9000 r--s 00040000 08:01 659724                     /home/shiro/.m2/repository/com/jcraft/jsch/0.1.54/jsch-0.1.54.jar
7fb91dca9000-7fb91dcad000 r--s 0002f000 08:01 701602                     /home/shiro/.m2/repository/commons-beanutils/commons-beanutils-core/1.8.0/commons-beanutils-core-1.8.0.jar
7fb91dcad000-7fb91dcb2000 r--s 0002a000 08:01 310065                     /home/shiro/.m2/repository/commons-beanutils/commons-beanutils/1.7.0/commons-beanutils-1.7.0.jar
7fb91dcb2000-7fb91dcb6000 r--s 00020000 08:01 310066                     /home/shiro/.m2/repository/commons-digester/commons-digester/1.8/commons-digester-1.8.jar
7fb91dcb6000-7fb91dcbc000 r--s 00043000 08:01 701634                     /home/shiro/.m2/repository/commons-configuration/commons-configuration/1.6/commons-configuration-1.6.jar
7fb91dcbc000-7fb91dcbd000 r--s 00004000 08:01 693859                     /home/shiro/.m2/repository/org/mortbay/jetty/jetty-sslengine/6.1.26/jetty-sslengine-6.1.26.jar
7fb91dcbd000-7fb91dcc2000 r--s 0003e000 08:01 701630                     /home/shiro/.m2/repository/commons-net/commons-net/3.1/commons-net-3.1.jar
7fb91dcc2000-7fb91dcc8000 r--s 00045000 08:01 693866                     /home/shiro/.m2/repository/commons-httpclient/commons-httpclient/3.1/commons-httpclient-3.1.jar
7fb91dcc8000-7fb91dcc9000 r--s 00003000 08:01 701626                     /home/shiro/.m2/repository/xmlenc/xmlenc/0.52/xmlenc-0.52.jar
7fb91dcc9000-7fb91dce6000 r--s 0016a000 08:01 659714                     /home/shiro/.m2/repository/org/apache/commons/commons-math3/3.1.1/commons-math3-3.1.1.jar
7fb91dce6000-7fb91dce8000 r--s 00009000 08:01 659712                     /home/shiro/.m2/repository/commons-cli/commons-cli/1.2/commons-cli-1.2.jar
7fb91dce8000-7fb91dd61000 r--s 010fb000 08:01 276382                     /usr/lib/jdk/jdk1.8/lib/tools.jar
7fb91dd61000-7fb91dd63000 r--s 00009000 08:01 701639                     /home/shiro/.m2/repository/org/apache/hadoop/hadoop-annotations/2.7.4/hadoop-annotations-2.7.4.jar
7fb91dd63000-7fb91dd9a000 r--s 00320000 08:01 693543                     /home/shiro/.m2/repository/org/apache/hadoop/hadoop-common/2.7.4/hadoop-common-2.7.4.jar
7fb91dd9a000-7fb91dd9d000 r--s 00012000 08:01 426767                     /home/shiro/.m2/repository/com/yammer/metrics/metrics-core/2.2.0/metrics-core-2.2.0.jar
7fb91dd9d000-7fb91dda0000 r--s 0002b000 08:01 693583                     /home/shiro/.m2/repository/org/jruby/joni/joni/2.1.2/joni-2.1.2.jar
7fb91dda0000-7fb91dda9000 r--s 00133000 08:01 693593                     /home/shiro/.m2/repository/org/jruby/jcodings/jcodings/1.0.8/jcodings-1.0.8.jar
7fb91dda9000-7fb91ddad000 r--s 00035000 08:01 659791                     /home/shiro/.m2/repository/org/codehaus/jackson/jackson-core-asl/1.9.13/jackson-core-asl-1.9.13.jar
7fb91ddad000-7fb91ddbb000 r--s 000b1000 08:01 659792                     /home/shiro/.m2/repository/org/codehaus/jackson/jackson-mapper-asl/1.9.13/jackson-mapper-asl-1.9.13.jar
7fb91ddbb000-7fb91ddd4000 r--s 00150000 08:01 693579                     /home/shiro/.m2/repository/org/apache/htrace/htrace-core/3.1.0-incubating/htrace-core-3.1.0-incubating.jar
7fb91ddd4000-7fb91de12000 r--s 00333000 08:01 693573                     /home/shiro/.m2/repository/io/netty/netty-all/4.1.8.Final/netty-all-4.1.8.Final.jar
7fb91de12000-7fb91de1a000 r--s 0007b000 08:01 659803                     /home/shiro/.m2/repository/com/google/protobuf/protobuf-java/2.5.0/protobuf-java-2.5.0.jar
7fb91de1a000-7fb91de1f000 r--s 00041000 08:01 348893                     /home/shiro/.m2/repository/commons-lang/commons-lang/2.6/commons-lang-2.6.jar
7fb91de1f000-7fb91de60000 r--s 00472000 08:01 693523                     /home/shiro/.m2/repository/org/apache/hbase/hbase-protocol/1.4.9/hbase-protocol-1.4.9.jar
7fb91de60000-7fb91de62000 r--s 00006000 08:01 659794                     /home/shiro/.m2/repository/com/thoughtworks/paranamer/paranamer/2.3/paranamer-2.3.jar
7fb91de62000-7fb91de6b000 r--s 00062000 08:01 659753                     /home/shiro/.m2/repository/org/apache/avro/avro/1.7.7/avro-1.7.7.jar
7fb91de6b000-7fb91de6f000 r--s 00028000 08:01 693528                     /home/shiro/.m2/repository/org/mortbay/jetty/jetty-util/6.1.26/jetty-util-6.1.26.jar
7fb91de6f000-7fb91de7c000 r--s 00083000 08:01 659779                     /home/shiro/.m2/repository/commons-collections/commons-collections/3.2.2/commons-collections-3.2.2.jar
7fb91de7c000-7fb91de87000 r--s 0008d000 08:01 693519                     /home/shiro/.m2/repository/org/apache/hbase/hbase-common/1.4.9/hbase-common-1.4.9.jar
7fb91de87000-7fb91de89000 r--s 00002000 08:01 693532                     /home/shiro/.m2/repository/com/github/stephenc/findbugs/findbugs-annotations/1.3.9-1/findbugs-annotations-1.3.9-1.jar
7fb91de89000-7fb91de8b000 r--s 00004000 08:01 693559                     /home/shiro/.m2/repository/org/apache/hbase/hbase-annotations/1.4.9/hbase-annotations-1.4.9.jar
7fb91de8b000-7fb91de9f000 r--s 00143000 08:01 693527                     /home/shiro/.m2/repository/org/apache/hbase/hbase-client/1.4.9/hbase-client-1.4.9.jar
7fb91de9f000-7fb91dea2000 r--s 00006000 08:01 659708                     /home/shiro/.m2/repository/com/google/code/findbugs/jsr305/1.3.9/jsr305-1.3.9.jar
7fb91dea2000-7fb91dec3000 r--s 00172000 08:01 659828                     /home/shiro/.m2/repository/com/google/guava/guava/11.0.2/guava-11.0.2.jar
7fb91dec3000-7fb91dec5000 r--s 00006000 08:01 659881                     /home/shiro/.m2/repository/org/apache/kerby/kerby-xdr/1.0.1/kerby-xdr-1.0.1.jar
7fb91dec5000-7fb91dec6000 r--s 00004000 08:01 659878                     /home/shiro/.m2/repository/org/apache/kerby/kerb-identity/1.0.1/kerb-identity-1.0.1.jar
7fb91dec6000-7fb91dec9000 r--s 00012000 08:01 659875                     /home/shiro/.m2/repository/org/apache/kerby/kerb-server/1.0.1/kerb-server-1.0.1.jar
7fb91dec9000-7fb91decc000 r--s 00011000 08:01 659873                     /home/shiro/.m2/repository/org/apache/kerby/kerb-admin/1.0.1/kerb-admin-1.0.1.jar
7fb91decc000-7fb91decd000 r--s 00004000 08:01 659855                     /home/shiro/.m2/repository/org/apache/kerby/token-provider/1.0.1/token-provider-1.0.1.jar
7fb91decd000-7fb91dece000 r--s 00008000 08:01 659872                     /home/shiro/.m2/repository/org/apache/kerby/kerb-util/1.0.1/kerb-util-1.0.1.jar
7fb91dece000-7fb91ded2000 r--s 00019000 08:01 659871                     /home/shiro/.m2/repository/org/apache/kerby/kerb-crypto/1.0.1/kerb-crypto-1.0.1.jar
7fb91ded2000-7fb91ded4000 r--s 0000e000 08:01 659869                     /home/shiro/.m2/repository/org/apache/kerby/kerb-common/1.0.1/kerb-common-1.0.1.jar
7fb91ded4000-7fb91ded5000 r--s 00009000 08:01 659865                     /home/shiro/.m2/repository/org/apache/kerby/kerby-util/1.0.1/kerby-util-1.0.1.jar
7fb91ded5000-7fb91ded7000 r--s 00017000 08:01 659856                     /home/shiro/.m2/repository/org/apache/kerby/kerby-asn1/1.0.1/kerby-asn1-1.0.1.jar
7fb91ded7000-7fb91dede000 r--s 0002b000 08:01 659854                     /home/shiro/.m2/repository/org/apache/kerby/kerby-pkix/1.0.1/kerby-pkix-1.0.1.jar
7fb91dede000-7fb91dee5000 r--s 00031000 08:01 659826                     /home/shiro/.m2/repository/org/apache/kerby/kerb-core/1.0.1/kerb-core-1.0.1.jar
7fb91dee5000-7fb91dee7000 r--s 00006000 08:01 659857                     /home/shiro/.m2/repository/org/apache/kerby/kerby-config/1.0.1/kerby-config-1.0.1.jar
7fb91dee7000-7fb91deea000 r--s 00019000 08:01 659851                     /home/shiro/.m2/repository/org/apache/kerby/kerb-client/1.0.1/kerb-client-1.0.1.jar
7fb91deea000-7fb91deeb000 r--s 00004000 08:01 659849                     /home/shiro/.m2/repository/org/apache/kerby/kerb-simplekdc/1.0.1/kerb-simplekdc-1.0.1.jar
7fb91deeb000-7fb91df22000 r--s 00219000 08:01 659824                     /home/shiro/.m2/repository/org/apache/curator/curator-client/2.12.0/curator-client-2.12.0.jar
7fb91df22000-7fb91df28000 r--s 0002c000 08:01 659834                     /home/shiro/.m2/repository/org/apache/curator/curator-framework/2.12.0/curator-framework-2.12.0.jar
7fb91df28000-7fb91df41000 r--s 00123000 08:01 659842                     /home/shiro/.m2/repository/io/netty/netty/3.10.6.Final/netty-3.10.6.Final.jar
7fb91df41000-7fb91df42000 r--s 00004000 08:01 659721                     /home/shiro/.m2/repository/org/apache/yetus/audience-annotations/0.5.0/audience-annotations-0.5.0.jar
7fb91df42000-7fb91df4f000 r--s 000d1000 08:01 659838                     /home/shiro/.m2/repository/org/apache/zookeeper/zookeeper/3.4.13/zookeeper-3.4.13.jar
7fb91df4f000-7fb91df51000 r--s 00006000 08:01 659816                     /home/shiro/.m2/repository/net/minidev/accessors-smart/1.2/accessors-smart-1.2.jar
7fb91df51000-7fb91df54000 r--s 0001b000 08:01 659815                     /home/shiro/.m2/repository/net/minidev/json-smart/2.3/json-smart-2.3.jar
7fb91df54000-7fb91df56000 r--s 00000000 08:01 659789                     /home/shiro/.m2/repository/com/github/stephenc/jcip/jcip-annotations/1.0-1/jcip-annotations-1.0-1.jar
7fb91df56000-7fb91df5c000 r--s 00044000 08:01 659731                     /home/shiro/.m2/repository/com/nimbusds/nimbus-jose-jwt/4.41.1/nimbus-jose-jwt-4.41.1.jar
7fb91df5c000-7fb91df63000 r--s 00049000 08:01 659718                     /home/shiro/.m2/repository/org/apache/httpcomponents/httpcore/4.4.4/httpcore-4.4.4.jar
7fb91df63000-7fb91df70000 r--s 000a7000 08:01 659804                     /home/shiro/.m2/repository/org/apache/httpcomponents/httpclient/4.5.2/httpclient-4.5.2.jar
7fb91df70000-7fb91df77000 r--s 0004b000 08:01 659808                     /home/shiro/.m2/repository/commons-codec/commons-codec/1.11/commons-codec-1.11.jar
7fb91df77000-7fb91df79000 r--s 00020000 08:01 659806                     /home/shiro/.m2/repository/org/apache/hadoop/hadoop-auth/3.2.0/hadoop-auth-3.2.0.jar
7fb91df79000-7fb91df7b000 r--s 00003000 08:01 1203959                    /home/shiro/.m2/repository/org/springframework/data/spring-data-hadoop-batch/2.5.0.RELEASE/spring-data-hadoop-batch-2.5.0.RELEASE.jar
7fb91df7b000-7fb91df7d000 r--s 00005000 08:01 1203961                    /home/shiro/.m2/repository/org/springframework/data/spring-data-hadoop-pig/2.5.0.RELEASE/spring-data-hadoop-pig-2.5.0.RELEASE.jar
7fb91df7d000-7fb91df7f000 r--s 00005000 08:01 1203960                    /home/shiro/.m2/repository/org/springframework/data/spring-data-hadoop-hbase/2.5.0.RELEASE/spring-data-hadoop-hbase-2.5.0.RELEASE.jar
7fb91df7f000-7fb91df84000 r--s 00029000 08:01 1203991                    /home/shiro/.m2/repository/org/springframework/spring-context-support/4.3.9.RELEASE/spring-context-support-4.3.9.RELEASE.jar
7fb91df84000-7fb91df8e000 r--s 00054000 08:01 1203966                    /home/shiro/.m2/repository/org/springframework/batch/spring-batch-infrastructure/3.0.7.RELEASE/spring-batch-infrastructure-3.0.7.RELEASE.jar
7fb91df8e000-7fb91df90000 r--s 00010000 08:01 703860                     /home/shiro/.m2/repository/org/codehaus/jettison/jettison/1.2/jettison-1.2.jar
7fb91df90000-7fb91df92000 r--s 00005000 08:01 1189258                    /home/shiro/.m2/repository/xpp3/xpp3_min/1.1.4c/xpp3_min-1.1.4c.jar
7fb91df92000-7fb91df93000 r--s 00001000 08:01 1189256                    /home/shiro/.m2/repository/xmlpull/xmlpull/1.1.3.1/xmlpull-1.1.3.1.jar
7fb91df93000-7fb91dfa0000 r--s 00075000 08:01 1203950                    /home/shiro/.m2/repository/com/thoughtworks/xstream/xstream/1.4.7/xstream-1.4.7.jar
7fb91dfa0000-7fb91dfa3000 r--s 00006000 08:01 301524                     /home/shiro/.m2/repository/javax/batch/javax.batch-api/1.0/javax.batch-api-1.0.jar
7fb91dfa3000-7fb91dfa4000 r--s 00000000 08:01 301522                     /home/shiro/.m2/repository/com/ibm/jbatch/com.ibm.jbatch-tck-spi/1.0/com.ibm.jbatch-tck-spi-1.0.jar
7fb91dfa4000-7fb91dfb6000 r--s 000b0000 08:01 1203958                    /home/shiro/.m2/repository/org/springframework/batch/spring-batch-core/3.0.7.RELEASE/spring-batch-core-3.0.7.RELEASE.jar
7fb91dfb6000-7fb91dfb8000 r--s 00005000 08:01 1203948                    /home/shiro/.m2/repository/org/springframework/data/spring-data-hadoop-hive/2.5.0.RELEASE/spring-data-hadoop-hive-2.5.0.RELEASE.jar
7fb91dfb8000-7fb91dfc6000 r--s 000a2000 08:01 1315827                    /home/shiro/.m2/repository/org/apache/hadoop/hadoop-yarn-server-nodemanager/2.7.3/hadoop-yarn-server-nodemanager-2.7.3.jar
7fb91dfc6000-7fb91dfc8000 r--s 00010000 08:01 1315822                    /home/shiro/.m2/repository/org/apache/hadoop/hadoop-mapreduce-client-shuffle/2.7.3/hadoop-mapreduce-client-shuffle-2.7.3.jar
7fb91dfc8000-7fb91dfcf000 r--s 00058000 08:01 1315821                    /home/shiro/.m2/repository/org/apache/hadoop/hadoop-yarn-server-common/2.7.3/hadoop-yarn-server-common-2.7.3.jar
7fb91dfcf000-7fb91dfd2000 r--s 00026000 08:01 703864                     /home/shiro/.m2/repository/org/apache/hadoop/hadoop-yarn-client/2.7.3/hadoop-yarn-client-2.7.3.jar
7fb91dfd2000-7fb91dfdf000 r--s 000b1000 08:01 703839                     /home/shiro/.m2/repository/org/apache/hadoop/hadoop-mapreduce-client-common/2.7.3/hadoop-mapreduce-client-common-2.7.3.jar
7fb91dfdf000-7fb91dfe1000 r--s 0000e000 08:01 703833                     /home/shiro/.m2/repository/org/apache/hadoop/hadoop-mapreduce-client-jobclient/2.7.3/hadoop-mapreduce-client-jobclient-2.7.3.jar
7fb91dfe1000-7fb91dfe4000 r--s 000fd000 08:01 660135                     /home/shiro/.m2/repository/org/fusesource/leveldbjni/leveldbjni-all/1.8/leveldbjni-all-1.8.jar
7fb91dfe4000-7fb91dfec000 r--s 00028000 08:01 310024                     /home/shiro/.m2/repository/xml-apis/xml-apis/1.3.04/xml-apis-1.3.04.jar
7fb91dfec000-7fb91e004000 r--s 00115000 08:01 310022                     /home/shiro/.m2/repository/xerces/xercesImpl/2.9.1/xercesImpl-2.9.1.jar
7fb91e004000-7fb91e005000 r--s 00005000 08:01 660129                     /home/shiro/.m2/repository/commons-daemon/commons-daemon/1.0.13/commons-daemon-1.0.13.jar
7fb91e005000-7fb91e00c000 r--s 0007d000 08:01 693879                     /home/shiro/.m2/repository/org/mortbay/jetty/jetty/6.1.26/jetty-6.1.26.jar
7fb91e00c000-7fb91e077000 r--s 00784000 08:01 703858                     /home/shiro/.m2/repository/org/apache/hadoop/hadoop-hdfs/2.7.3/hadoop-hdfs-2.7.3.jar
7fb91e077000-7fb91e079000 r--s 0001e000 08:01 703825                     /home/shiro/.m2/repository/org/apache/hadoop/hadoop-distcp/2.7.3/hadoop-distcp-2.7.3.jar
7fb91e079000-7fb91e07a000 r--s 00003000 08:01 703861                     /home/shiro/.m2/repository/com/sun/jersey/contribs/jersey-guice/1.9/jersey-guice-1.9.jar
7fb91e07a000-7fb91e08d000 r--s 000c7000 08:01 659760                     /home/shiro/.m2/repository/com/sun/xml/bind/jaxb-impl/2.2.3-1/jaxb-impl-2.2.3-1.jar
7fb91e08d000-7fb91e091000 r--s 00021000 08:01 703853                     /home/shiro/.m2/repository/com/sun/jersey/jersey-json/1.9/jersey-json-1.9.jar
7fb91e091000-7fb91e092000 r--s 0000a000 08:01 703837                     /home/shiro/.m2/repository/asm/asm/3.1/asm-3.1.jar
7fb91e092000-7fb91e0a4000 r--s 0009d000 08:01 693875                     /home/shiro/.m2/repository/com/sun/jersey/jersey-server/1.9/jersey-server-1.9.jar
7fb91e0a4000-7fb91e0a5000 r--s 00000000 08:01 301513                     /home/shiro/.m2/repository/javax/inject/javax.inject/1/javax.inject-1.jar
7fb91e0a5000-7fb91e0b4000 r--s 0009f000 08:01 703379                     /home/shiro/.m2/repository/com/google/inject/guice/3.0/guice-3.0.jar
7fb91e0b4000-7fb91e0b6000 r--s 0000e000 08:01 703832                     /home/shiro/.m2/repository/com/google/inject/extensions/guice-servlet/3.0/guice-servlet-3.0.jar
7fb91e0b6000-7fb91e0b7000 r--s 00006000 08:01 703830                     /home/shiro/.m2/repository/org/codehaus/jackson/jackson-xc/1.9.13/jackson-xc-1.9.13.jar
7fb91e0b7000-7fb91e0b8000 r--s 00004000 08:01 693885                     /home/shiro/.m2/repository/org/codehaus/jackson/jackson-jaxrs/1.9.13/jackson-jaxrs-1.9.13.jar
7fb91e0b8000-7fb91e0bb000 r--s 0001d000 08:01 703868                     /home/shiro/.m2/repository/com/sun/jersey/jersey-client/1.9/jersey-client-1.9.jar
7fb91e0bb000-7fb91e0c5000 r--s 00066000 08:01 693865                     /home/shiro/.m2/repository/com/sun/jersey/jersey-core/1.9/jersey-core-1.9.jar
7fb91e0c5000-7fb91e0c7000 r--s 00018000 08:01 310057                     /home/shiro/.m2/repository/javax/servlet/servlet-api/2.5/servlet-api-2.5.jar
7fb91e0c7000-7fb91e0c9000 r--s 0000e000 08:01 659765                     /home/shiro/.m2/repository/javax/activation/activation/1.1/activation-1.1.jar
7fb91e0c9000-7fb91e0cb000 r--s 00004000 08:01 659763                     /home/shiro/.m2/repository/javax/xml/stream/stax-api/1.0-2/stax-api-1.0-2.jar
7fb91e0cb000-7fb91e0ce000 r--s 00017000 08:01 659734                     /home/shiro/.m2/repository/javax/xml/bind/jaxb-api/2.2.2/jaxb-api-2.2.2.jar
7fb91e0ce000-7fb91e0eb000 r--s 001d5000 08:01 703854                     /home/shiro/.m2/repository/org/apache/hadoop/hadoop-yarn-api/2.7.3/hadoop-yarn-api-2.7.3.jar
7fb91e0eb000-7fb91e102000 r--s 00183000 08:01 703857                     /home/shiro/.m2/repository/org/apache/hadoop/hadoop-yarn-common/2.7.3/hadoop-yarn-common-2.7.3.jar
7fb91e102000-7fb91e104000 r--s 0001e000 08:01 703821                     /home/shiro/.m2/repository/org/apache/hadoop/hadoop-streaming/2.7.3/hadoop-streaming-2.7.3.jar
7fb91e104000-7fb91e107000 r--s 0001f000 08:01 1203951                    /home/shiro/.m2/repository/org/springframework/data/spring-data-hadoop-core/2.5.0.RELEASE/spring-data-hadoop-core-2.5.0.RELEASE.jar
7fb91e107000-7fb91e110000 r--s 00055000 08:01 1203985                    /home/shiro/.m2/repository/org/springframework/spring-messaging/4.3.9.RELEASE/spring-messaging-4.3.9.RELEASE.jar
7fb91e110000-7fb91e112000 r--s 00013000 08:01 1203942                    /home/shiro/.m2/repository/org/springframework/data/spring-data-hadoop/2.5.0.RELEASE/spring-data-hadoop-2.5.0.RELEASE.jar
7fb91e112000-7fb91e116000 r--s 00031000 08:01 1190226                    /home/shiro/.m2/repository/commons-io/commons-io/2.6/commons-io-2.6.jar
7fb91e116000-7fb91e119000 r--s 0000f000 08:01 1317777                    /home/shiro/.m2/repository/commons-fileupload/commons-fileupload/1.3.3/commons-fileupload-1.3.3.jar
7fb91e119000-7fb91e126000 r--s 000b2000 08:01 2104772                    /home/shiro/.m2/repository/org/springframework/security/spring-security-config/5.1.5.RELEASE/spring-security-config-5.1.5.RELEASE.jar
7fb91e126000-7fb91e135000 r--s 00075000 08:01 2104759                    /home/shiro/.m2/repository/org/springframework/security/spring-security-web/5.1.5.RELEASE/spring-security-web-5.1.5.RELEASE.jar
7fb91e135000-7fb91e141000 r--s 0005e000 08:01 2104761                    /home/shiro/.m2/repository/org/springframework/security/spring-security-core/5.1.5.RELEASE/spring-security-core-5.1.5.RELEASE.jar
7fb91e141000-7fb91e144000 r--s 00016000 08:01 659732                     /home/shiro/.m2/repository/javax/servlet/jsp/jsp-api/2.1/jsp-api-2.1.jar
7fb91e144000-7fb91e147000 r--s 00015000 08:01 1190201                    /home/shiro/.m2/repository/javax/servlet/javax.servlet-api/4.0.1/javax.servlet-api-4.0.1.jar
7fb91e147000-7fb91e150000 r--s 00073000 08:01 1190197                    /home/shiro/.m2/repository/org/apache/commons/commons-lang3/3.9/commons-lang3-3.9.jar
7fb91e150000-7fb91e153000 r--s 0000e000 08:01 1190191                    /home/shiro/.m2/repository/com/fasterxml/jackson/core/jackson-annotations/2.9.8/jackson-annotations-2.9.8.jar
7fb91e153000-7fb91e157000 r--s 0004c000 08:01 1190176                    /home/shiro/.m2/repository/com/fasterxml/jackson/core/jackson-core/2.9.8/jackson-core-2.9.8.jar
7fb91e157000-7fb91e169000 r--s 00137000 08:01 1190189                    /home/shiro/.m2/repository/com/fasterxml/jackson/core/jackson-databind/2.9.8/jackson-databind-2.9.8.jar
7fb91e169000-7fb91e16b000 r--s 00008000 08:01 1190085                    /home/shiro/.m2/repository/org/apache/taglibs/taglibs-standard-spec/1.2.5/taglibs-standard-spec-1.2.5.jar
7fb91e16b000-7fb91e170000 r--s 0002e000 08:01 1190172                    /home/shiro/.m2/repository/org/apache/taglibs/taglibs-standard-impl/1.2.5/taglibs-standard-impl-1.2.5.jar
7fb91e170000-7fb91e173000 r--s 0001d000 08:01 1189705                    /home/shiro/.m2/repository/org/apache/commons/commons-pool2/2.6.2/commons-pool2-2.6.2.jar
7fb91e173000-7fb91e177000 r--s 0002f000 08:01 1189681                    /home/shiro/.m2/repository/org/apache/commons/commons-dbcp2/2.6.0/commons-dbcp2-2.6.0.jar
7fb91e177000-7fb91e180000 r--s 000ed000 08:01 1189661                    /home/shiro/.m2/repository/mysql/mysql-connector-java/5.1.47/mysql-connector-java-5.1.47.jar
7fb91e180000-7fb91e183000 r--s 0003a000 08:01 1189647                    /home/shiro/.m2/repository/ognl/ognl/3.2.10/ognl-3.2.10.jar
7fb91e183000-7fb91e185000 r--s 0000f000 08:01 1189600                    /home/shiro/.m2/repository/org/mybatis/mybatis-spring/2.0.1/mybatis-spring-2.0.1.jar
7fb91e185000-7fb91e1a0000 r--s 00183000 08:01 1189606                    /home/shiro/.m2/repository/org/mybatis/mybatis/3.5.1/mybatis-3.5.1.jar
7fb91e1a0000-7fb91e1a9000 r--s 0006f000 08:01 349031                     /home/shiro/.m2/repository/log4j/log4j/1.2.17/log4j-1.2.17.jar
7fb91e1a9000-7fb91e1ab000 r--s 00009000 08:01 1189633                    /home/shiro/.m2/repository/org/slf4j/slf4j-api/1.7.26/slf4j-api-1.7.26.jar
7fb91e1ab000-7fb91e1b1000 r--s 0003c000 08:01 1189866                    /home/shiro/.m2/repository/org/apache/logging/log4j/log4j-api/2.11.2/log4j-api-2.11.2.jar
7fb91e1b1000-7fb91e1d2000 r--s 0016d000 08:01 1189854                    /home/shiro/.m2/repository/org/apache/logging/log4j/log4j-core/2.11.2/log4j-core-2.11.2.jar
7fb91e1d2000-7fb91e1dd000 r--s 000b4000 08:01 1189608                    /home/shiro/.m2/repository/org/javassist/javassist/3.25.0-GA/javassist-3.25.0-GA.jar
7fb91e1dd000-7fb91e1df000 r--s 0000e000 08:01 275762                     /home/shiro/.m2/repository/commons-logging/commons-logging/1.2/commons-logging-1.2.jar
7fb91e1df000-7fb91e1e5000 r--s 00045000 08:01 1189620                    /home/shiro/.m2/repository/cglib/cglib/3.2.11/cglib-3.2.11.jar
7fb91e1e5000-7fb91e204000 r--s 001ff000 08:01 1189596                    /home/shiro/.m2/repository/org/apache/ant/ant/1.10.5/ant-1.10.5.jar
7fb91e204000-7fb91e215000 r--s 000d0000 08:01 1189597                    /home/shiro/.m2/repository/org/springframework/spring-webmvc/4.3.18.RELEASE/spring-webmvc-4.3.18.RELEASE.jar
7fb91e215000-7fb91e227000 r--s 000b9000 08:01 1189609                    /home/shiro/.m2/repository/org/springframework/spring-web/4.3.18.RELEASE/spring-web-4.3.18.RELEASE.jar
7fb91e227000-7fb91e23e000 r--s 000fe000 08:01 1189624                    /home/shiro/.m2/repository/org/springframework/spring-core/4.3.18.RELEASE/spring-core-4.3.18.RELEASE.jar
7fb91e23e000-7fb91e23f000 ---p 00000000 00:00 0 
7fb91e23f000-7fb91e33f000 rw-p 00000000 00:00 0 
7fb91e33f000-7fb91e342000 ---p 00000000 00:00 0 
7fb91e342000-7fb91e440000 rw-p 00000000 00:00 0 
7fb91e440000-7fb91e456000 r-xp 00000000 08:01 399392                     /usr/lib/jdk/jdk1.8/jre/lib/amd64/libnet.so
7fb91e456000-7fb91e655000 ---p 00016000 08:01 399392                     /usr/lib/jdk/jdk1.8/jre/lib/amd64/libnet.so
7fb91e655000-7fb91e656000 r--p 00015000 08:01 399392                     /usr/lib/jdk/jdk1.8/jre/lib/amd64/libnet.so
7fb91e656000-7fb91e657000 rw-p 00016000 08:01 399392                     /usr/lib/jdk/jdk1.8/jre/lib/amd64/libnet.so
7fb91e657000-7fb91e658000 ---p 00000000 00:00 0 
7fb91e658000-7fb91e65b000 ---p 00000000 00:00 0 
7fb91e65b000-7fb91e758000 rw-p 00000000 00:00 0 
7fb91e758000-7fb91e759000 ---p 00000000 00:00 0 
7fb91e759000-7fb91e75c000 ---p 00000000 00:00 0 
7fb91e75c000-7fb91e859000 rw-p 00000000 00:00 0 
7fb91e859000-7fb91e85a000 ---p 00000000 00:00 0 
7fb91e85a000-7fb91e85d000 ---p 00000000 00:00 0 
7fb91e85d000-7fb91e95a000 rw-p 00000000 00:00 0 
7fb91e95a000-7fb91e95d000 ---p 00000000 00:00 0 
7fb91e95d000-7fb91ea5b000 rw-p 00000000 00:00 0 
7fb91ea5b000-7fb91ea5e000 ---p 00000000 00:00 0 
7fb91ea5e000-7fb91eb5c000 rw-p 00000000 00:00 0 
7fb91eb5c000-7fb91eff0000 r--p 00000000 08:01 262377                     /usr/lib/locale/locale-archive
7fb91eff0000-7fb91eff3000 ---p 00000000 00:00 0 
7fb91eff3000-7fb91f0f1000 rw-p 00000000 00:00 0 
7fb91f0f1000-7fb91f0f4000 ---p 00000000 00:00 0 
7fb91f0f4000-7fb91f1f2000 rw-p 00000000 00:00 0 
7fb91f1f2000-7fb91f1f3000 ---p 00000000 00:00 0 
7fb91f1f3000-7fb920000000 rw-p 00000000 00:00 0 
7fb920000000-7fb920021000 rw-p 00000000 00:00 0 
7fb920021000-7fb924000000 ---p 00000000 00:00 0 
7fb924000000-7fb924001000 r--s 00002000 08:01 1189618                    /home/shiro/.m2/repository/org/slf4j/slf4j-log4j12/1.7.26/slf4j-log4j12-1.7.26.jar
7fb924001000-7fb924003000 r--s 0001b000 08:01 1189603                    /home/shiro/.m2/repository/org/ow2/asm/asm/7.1/asm-7.1.jar
7fb924003000-7fb92400b000 r--s 0003a000 08:01 1189595                    /home/shiro/.m2/repository/org/springframework/spring-tx/4.3.18.RELEASE/spring-tx-4.3.18.RELEASE.jar
7fb92400b000-7fb924024000 r--s 000fe000 08:01 1189621                    /home/shiro/.m2/repository/org/springframework/spring-context/4.3.18.RELEASE/spring-context-4.3.18.RELEASE.jar
7fb924024000-7fb929000000 rw-p 00000000 00:00 0 
7fb929000000-7fb9299d0000 rwxp 00000000 00:00 0 
7fb9299d0000-7fb938000000 ---p 00000000 00:00 0 
7fb938000000-7fb9393a0000 rw-p 00000000 00:00 0 
7fb9393a0000-7fb93c000000 ---p 00000000 00:00 0 
7fb93c000000-7fb93c001000 r--s 00004000 08:01 1189617                    /home/shiro/.m2/repository/org/apache/ant/ant-launcher/1.10.5/ant-launcher-1.10.5.jar
7fb93c001000-7fb93c00b000 r--s 00060000 08:01 1189605                    /home/shiro/.m2/repository/org/springframework/spring-jdbc/4.3.18.RELEASE/spring-jdbc-4.3.18.RELEASE.jar
7fb93c00b000-7fb93c011000 r--s 0003e000 08:01 1189626                    /home/shiro/.m2/repository/org/springframework/spring-expression/4.3.18.RELEASE/spring-expression-4.3.18.RELEASE.jar
7fb93c011000-7fb93c01f000 r--s 000ad000 08:01 1189616                    /home/shiro/.m2/repository/org/springframework/spring-beans/4.3.18.RELEASE/spring-beans-4.3.18.RELEASE.jar
7fb93c01f000-7fb93c022000 r--s 0000c000 08:01 1189601                    /home/shiro/.m2/repository/org/springframework/spring-aspects/4.3.18.RELEASE/spring-aspects-4.3.18.RELEASE.jar
7fb93c022000-7fb93c02b000 r--s 00054000 08:01 1189614                    /home/shiro/.m2/repository/org/springframework/spring-aop/4.3.18.RELEASE/spring-aop-4.3.18.RELEASE.jar
7fb93c02b000-7fb93c044000 r--s 001de000 08:01 1189599                    /home/shiro/.m2/repository/org/aspectj/aspectjweaver/1.9.2/aspectjweaver-1.9.2.jar
7fb93c044000-7fb93c046000 r--s 00000000 08:01 696948                     /home/shiro/.m2/repository/aopalliance/aopalliance/1.0/aopalliance-1.0.jar
7fb93c046000-7fb93c048000 r--s 00009000 08:01 660154                     /home/shiro/.m2/repository/org/hamcrest/hamcrest-core/1.3/hamcrest-core-1.3.jar
7fb93c048000-7fb93c04e000 r--s 00036000 08:01 1189038                    /home/shiro/.m2/repository/junit/junit/4.11/junit-4.11.jar
7fb93c04e000-7fb93c061000 r--s 00345000 08:01 395044                     /usr/lib/jdk/jdk1.8/jre/lib/resources.jar
7fb93c061000-7fb93c074000 r--s 000d6000 08:01 394948                     /usr/lib/jdk/jdk1.8/jre/lib/plugin.jar
7fb93c074000-7fb93c079000 r--s 000a0000 08:01 395064                     /usr/lib/jdk/jdk1.8/jre/lib/jsse.jar
7fb93c079000-7fb93c07b000 r--s 00007000 08:01 399527                     /usr/lib/jdk/jdk1.8/jre/lib/jfxswt.jar
7fb93c07b000-7fb93c096000 r--s 0020c000 08:01 394924                     /usr/lib/jdk/jdk1.8/jre/lib/deploy.jar
7fb93c096000-7fb93c197000 rw-p 00000000 00:00 0 
7fb93c197000-7fb93c371000 r--s 03d6c000 08:01 395006                     /usr/lib/jdk/jdk1.8/jre/lib/rt.jar
7fb93c371000-7fb93c3e7000 rw-p 00000000 00:00 0 
7fb93c3e7000-7fb93c3e8000 ---p 00000000 00:00 0 
7fb93c3e8000-7fb93c4e8000 rw-p 00000000 00:00 0 
7fb93c4e8000-7fb93c4e9000 ---p 00000000 00:00 0 
7fb93c4e9000-7fb93c5e9000 rw-p 00000000 00:00 0 
7fb93c5e9000-7fb93c5ea000 ---p 00000000 00:00 0 
7fb93c5ea000-7fb93c6ea000 rw-p 00000000 00:00 0 
7fb93c6ea000-7fb93c6eb000 ---p 00000000 00:00 0 
7fb93c6eb000-7fb93c91a000 rw-p 00000000 00:00 0 
7fb93c91a000-7fb93cab3000 ---p 00000000 00:00 0 
7fb93cab3000-7fb93cbe2000 rw-p 00000000 00:00 0 
7fb93cbe2000-7fb93cd7a000 ---p 00000000 00:00 0 
7fb93cd7a000-7fb93cede000 rw-p 00000000 00:00 0 
7fb93cede000-7fb93cf07000 rw-p 00000000 00:00 0 
7fb93cf07000-7fb93d29f000 ---p 00000000 00:00 0 
7fb93d29f000-7fb93d2b9000 r-xp 00000000 08:01 399373                     /usr/lib/jdk/jdk1.8/jre/lib/amd64/libzip.so
7fb93d2b9000-7fb93d4b9000 ---p 0001a000 08:01 399373                     /usr/lib/jdk/jdk1.8/jre/lib/amd64/libzip.so
7fb93d4b9000-7fb93d4ba000 r--p 0001a000 08:01 399373                     /usr/lib/jdk/jdk1.8/jre/lib/amd64/libzip.so
7fb93d4ba000-7fb93d4bb000 rw-p 0001b000 08:01 399373                     /usr/lib/jdk/jdk1.8/jre/lib/amd64/libzip.so
7fb93d4bb000-7fb93d4c6000 r-xp 00000000 08:01 394856                     /lib/x86_64-linux-gnu/libnss_files-2.27.so
7fb93d4c6000-7fb93d6c5000 ---p 0000b000 08:01 394856                     /lib/x86_64-linux-gnu/libnss_files-2.27.so
7fb93d6c5000-7fb93d6c6000 r--p 0000a000 08:01 394856                     /lib/x86_64-linux-gnu/libnss_files-2.27.so
7fb93d6c6000-7fb93d6c7000 rw-p 0000b000 08:01 394856                     /lib/x86_64-linux-gnu/libnss_files-2.27.so
7fb93d6c7000-7fb93d6cd000 rw-p 00000000 00:00 0 
7fb93d6cd000-7fb93d6e4000 r-xp 00000000 08:01 394853                     /lib/x86_64-linux-gnu/libnsl-2.27.so
7fb93d6e4000-7fb93d8e3000 ---p 00017000 08:01 394853                     /lib/x86_64-linux-gnu/libnsl-2.27.so
7fb93d8e3000-7fb93d8e4000 r--p 00016000 08:01 394853                     /lib/x86_64-linux-gnu/libnsl-2.27.so
7fb93d8e4000-7fb93d8e5000 rw-p 00017000 08:01 394853                     /lib/x86_64-linux-gnu/libnsl-2.27.so
7fb93d8e5000-7fb93d8e7000 rw-p 00000000 00:00 0 
7fb93d8e7000-7fb93d8f2000 r-xp 00000000 08:01 399556                     /lib/x86_64-linux-gnu/libnss_nis-2.27.so
7fb93d8f2000-7fb93daf1000 ---p 0000b000 08:01 399556                     /lib/x86_64-linux-gnu/libnss_nis-2.27.so
7fb93daf1000-7fb93daf2000 r--p 0000a000 08:01 399556                     /lib/x86_64-linux-gnu/libnss_nis-2.27.so
7fb93daf2000-7fb93daf3000 rw-p 0000b000 08:01 399556                     /lib/x86_64-linux-gnu/libnss_nis-2.27.so
7fb93daf3000-7fb93dafb000 r-xp 00000000 08:01 394854                     /lib/x86_64-linux-gnu/libnss_compat-2.27.so
7fb93dafb000-7fb93dcfb000 ---p 00008000 08:01 394854                     /lib/x86_64-linux-gnu/libnss_compat-2.27.so
7fb93dcfb000-7fb93dcfc000 r--p 00008000 08:01 394854                     /lib/x86_64-linux-gnu/libnss_compat-2.27.so
7fb93dcfc000-7fb93dcfd000 rw-p 00009000 08:01 394854                     /lib/x86_64-linux-gnu/libnss_compat-2.27.so
7fb93dcfd000-7fb93dd07000 r-xp 00000000 08:01 399449                     /usr/lib/jdk/jdk1.8/jre/lib/amd64/libinstrument.so
7fb93dd07000-7fb93df06000 ---p 0000a000 08:01 399449                     /usr/lib/jdk/jdk1.8/jre/lib/amd64/libinstrument.so
7fb93df06000-7fb93df07000 r--p 00009000 08:01 399449                     /usr/lib/jdk/jdk1.8/jre/lib/amd64/libinstrument.so
7fb93df07000-7fb93df08000 rw-p 0000a000 08:01 399449                     /usr/lib/jdk/jdk1.8/jre/lib/amd64/libinstrument.so
7fb93df08000-7fb93df35000 r-xp 00000000 08:01 399348                     /usr/lib/jdk/jdk1.8/jre/lib/amd64/libjava.so
7fb93df35000-7fb93e134000 ---p 0002d000 08:01 399348                     /usr/lib/jdk/jdk1.8/jre/lib/amd64/libjava.so
7fb93e134000-7fb93e135000 r--p 0002c000 08:01 399348                     /usr/lib/jdk/jdk1.8/jre/lib/amd64/libjava.so
7fb93e135000-7fb93e137000 rw-p 0002d000 08:01 399348                     /usr/lib/jdk/jdk1.8/jre/lib/amd64/libjava.so
7fb93e137000-7fb93e144000 r-xp 00000000 08:01 399372                     /usr/lib/jdk/jdk1.8/jre/lib/amd64/libverify.so
7fb93e144000-7fb93e343000 ---p 0000d000 08:01 399372                     /usr/lib/jdk/jdk1.8/jre/lib/amd64/libverify.so
7fb93e343000-7fb93e345000 r--p 0000c000 08:01 399372                     /usr/lib/jdk/jdk1.8/jre/lib/amd64/libverify.so
7fb93e345000-7fb93e346000 rw-p 0000e000 08:01 399372                     /usr/lib/jdk/jdk1.8/jre/lib/amd64/libverify.so
7fb93e346000-7fb93e34d000 r-xp 00000000 08:01 400378                     /lib/x86_64-linux-gnu/librt-2.27.so
7fb93e34d000-7fb93e54c000 ---p 00007000 08:01 400378                     /lib/x86_64-linux-gnu/librt-2.27.so
7fb93e54c000-7fb93e54d000 r--p 00006000 08:01 400378                     /lib/x86_64-linux-gnu/librt-2.27.so
7fb93e54d000-7fb93e54e000 rw-p 00007000 08:01 400378                     /lib/x86_64-linux-gnu/librt-2.27.so
7fb93e54e000-7fb93e6eb000 r-xp 00000000 08:01 394850                     /lib/x86_64-linux-gnu/libm-2.27.so
7fb93e6eb000-7fb93e8ea000 ---p 0019d000 08:01 394850                     /lib/x86_64-linux-gnu/libm-2.27.so
7fb93e8ea000-7fb93e8eb000 r--p 0019c000 08:01 394850                     /lib/x86_64-linux-gnu/libm-2.27.so
7fb93e8eb000-7fb93e8ec000 rw-p 0019d000 08:01 394850                     /lib/x86_64-linux-gnu/libm-2.27.so
7fb93e8ec000-7fb93f5ce000 r-xp 00000000 08:01 399105                     /usr/lib/jdk/jdk1.8/jre/lib/amd64/server/libjvm.so
7fb93f5ce000-7fb93f7ce000 ---p 00ce2000 08:01 399105                     /usr/lib/jdk/jdk1.8/jre/lib/amd64/server/libjvm.so
7fb93f7ce000-7fb93f864000 r--p 00ce2000 08:01 399105                     /usr/lib/jdk/jdk1.8/jre/lib/amd64/server/libjvm.so
7fb93f864000-7fb93f895000 rw-p 00d78000 08:01 399105                     /usr/lib/jdk/jdk1.8/jre/lib/amd64/server/libjvm.so
7fb93f895000-7fb93f8d0000 rw-p 00000000 00:00 0 
7fb93f8d0000-7fb93fab7000 r-xp 00000000 08:01 394846                     /lib/x86_64-linux-gnu/libc-2.27.so
7fb93fab7000-7fb93fcb7000 ---p 001e7000 08:01 394846                     /lib/x86_64-linux-gnu/libc-2.27.so
7fb93fcb7000-7fb93fcbb000 r--p 001e7000 08:01 394846                     /lib/x86_64-linux-gnu/libc-2.27.so
7fb93fcbb000-7fb93fcbd000 rw-p 001eb000 08:01 394846                     /lib/x86_64-linux-gnu/libc-2.27.so
7fb93fcbd000-7fb93fcc1000 rw-p 00000000 00:00 0 
7fb93fcc1000-7fb93fcc4000 r-xp 00000000 08:01 394849                     /lib/x86_64-linux-gnu/libdl-2.27.so
7fb93fcc4000-7fb93fec3000 ---p 00003000 08:01 394849                     /lib/x86_64-linux-gnu/libdl-2.27.so
7fb93fec3000-7fb93fec4000 r--p 00002000 08:01 394849                     /lib/x86_64-linux-gnu/libdl-2.27.so
7fb93fec4000-7fb93fec5000 rw-p 00003000 08:01 394849                     /lib/x86_64-linux-gnu/libdl-2.27.so
7fb93fec5000-7fb93fedc000 r-xp 00000000 08:01 394905                     /usr/lib/jdk/jdk1.8/lib/amd64/jli/libjli.so
7fb93fedc000-7fb9400db000 ---p 00017000 08:01 394905                     /usr/lib/jdk/jdk1.8/lib/amd64/jli/libjli.so
7fb9400db000-7fb9400dc000 r--p 00016000 08:01 394905                     /usr/lib/jdk/jdk1.8/lib/amd64/jli/libjli.so
7fb9400dc000-7fb9400dd000 rw-p 00017000 08:01 394905                     /usr/lib/jdk/jdk1.8/lib/amd64/jli/libjli.so
7fb9400dd000-7fb9400f7000 r-xp 00000000 08:01 399705                     /lib/x86_64-linux-gnu/libpthread-2.27.so
7fb9400f7000-7fb9402f6000 ---p 0001a000 08:01 399705                     /lib/x86_64-linux-gnu/libpthread-2.27.so
7fb9402f6000-7fb9402f7000 r--p 00019000 08:01 399705                     /lib/x86_64-linux-gnu/libpthread-2.27.so
7fb9402f7000-7fb9402f8000 rw-p 0001a000 08:01 399705                     /lib/x86_64-linux-gnu/libpthread-2.27.so
7fb9402f8000-7fb9402fc000 rw-p 00000000 00:00 0 
7fb9402fc000-7fb940323000 r-xp 00000000 08:01 394842                     /lib/x86_64-linux-gnu/ld-2.27.so
7fb940323000-7fb94032d000 r--s 0006e000 08:01 394933                     /usr/lib/jdk/jdk1.8/jre/lib/javaws.jar
7fb94032d000-7fb940401000 rw-p 00000000 00:00 0 
7fb940401000-7fb940402000 ---p 00000000 00:00 0 
7fb940402000-7fb940405000 ---p 00000000 00:00 0 
7fb940405000-7fb940506000 rw-p 00000000 00:00 0 
7fb940506000-7fb940507000 r--s 00000000 08:01 394930                     /usr/lib/jdk/jdk1.8/jre/lib/management-agent.jar
7fb940507000-7fb94050c000 r--s 00084000 08:01 394923                     /usr/lib/jdk/jdk1.8/jre/lib/jfr.jar
7fb94050c000-7fb94050f000 r--s 0001a000 08:01 399522                     /usr/lib/jdk/jdk1.8/jre/lib/jce.jar
7fb94050f000-7fb940514000 r--s 002f9000 08:01 395004                     /usr/lib/jdk/jdk1.8/jre/lib/charsets.jar
7fb940514000-7fb940515000 r--s 0000a000 08:01 1065079                    /opt/idea/plugins/junit/lib/junit5-rt.jar
7fb940515000-7fb940517000 r--s 00020000 08:01 1065078                    /opt/idea/plugins/junit/lib/junit-rt.jar
7fb940517000-7fb940519000 r--s 0001b000 08:01 525752                     /opt/idea/lib/idea_rt.jar
7fb940519000-7fb940521000 rw-s 00000000 08:01 2299                       /tmp/hsperfdata_shiro/76183
7fb940521000-7fb940522000 rw-p 00000000 00:00 0 
7fb940522000-7fb940523000 ---p 00000000 00:00 0 
7fb940523000-7fb940524000 r--p 00027000 08:01 394842                     /lib/x86_64-linux-gnu/ld-2.27.so
7fb940524000-7fb940525000 rw-p 00028000 08:01 394842                     /lib/x86_64-linux-gnu/ld-2.27.so
7fb940525000-7fb940526000 rw-p 00000000 00:00 0 
7fff9802c000-7fff98051000 rw-p 00000000 00:00 0                          [stack]
7fff98097000-7fff9809a000 r--p 00000000 00:00 0                          [vvar]
7fff9809a000-7fff9809c000 r-xp 00000000 00:00 0                          [vdso]
ffffffffff600000-ffffffffff601000 r-xp 00000000 00:00 0                  [vsyscall]

VM Arguments:
jvm_args: -ea -Didea.test.cyclic.buffer.size=1048576 -javaagent:/opt/idea/lib/idea_rt.jar=39407:/opt/idea/bin -Dfile.encoding=UTF-8 
java_command: com.intellij.rt.execution.junit.JUnitStarter -ideVersion5 -junit4 servicetest.UserTest,insertLikeNote
java_class_path (initial): /opt/idea/lib/idea_rt.jar:/opt/idea/plugins/junit/lib/junit-rt.jar:/opt/idea/plugins/junit/lib/junit5-rt.jar:/usr/lib/jdk/jdk1.8/jre/lib/charsets.jar:/usr/lib/jdk/jdk1.8/jre/lib/deploy.jar:/usr/lib/jdk/jdk1.8/jre/lib/ext/cldrdata.jar:/usr/lib/jdk/jdk1.8/jre/lib/ext/dnsns.jar:/usr/lib/jdk/jdk1.8/jre/lib/ext/jaccess.jar:/usr/lib/jdk/jdk1.8/jre/lib/ext/jfxrt.jar:/usr/lib/jdk/jdk1.8/jre/lib/ext/localedata.jar:/usr/lib/jdk/jdk1.8/jre/lib/ext/nashorn.jar:/usr/lib/jdk/jdk1.8/jre/lib/ext/sunec.jar:/usr/lib/jdk/jdk1.8/jre/lib/ext/sunjce_provider.jar:/usr/lib/jdk/jdk1.8/jre/lib/ext/sunpkcs11.jar:/usr/lib/jdk/jdk1.8/jre/lib/ext/zipfs.jar:/usr/lib/jdk/jdk1.8/jre/lib/javaws.jar:/usr/lib/jdk/jdk1.8/jre/lib/jce.jar:/usr/lib/jdk/jdk1.8/jre/lib/jfr.jar:/usr/lib/jdk/jdk1.8/jre/lib/jfxswt.jar:/usr/lib/jdk/jdk1.8/jre/lib/jsse.jar:/usr/lib/jdk/jdk1.8/jre/lib/management-agent.jar:/usr/lib/jdk/jdk1.8/jre/lib/plugin.jar:/usr/lib/jdk/jdk1.8/jre/lib/resources.jar:/usr/lib/jdk/jdk1.8/jre/lib/rt.jar:/home/shiro/IdeaProjects/caviar/target/test-classes:/home/shiro/IdeaProjects/caviar/target/classes:/home/shiro/.IntelliJIdea2019.1/config/javascript/extLibs/http_cdn.bootcss.com_jquery-cookie_1.4.1_jquery.cookie.js:/home/shiro/.m2/repository/junit/junit/4.11/junit-4.11.jar:/home/shiro/.m2/repository/org/hamcrest/hamcrest-core/1.3/hamcrest-core-1.3.jar:/home/shiro/.m2/repository/aopalliance/aopalliance/1.0/aopalliance-1.0.jar:/home/shiro/.m2/repository/org/aspectj/aspectjweaver/1.9.2/aspectjweaver-1.9.2.jar:/home/shiro/.m2/repository/org/springframework/spring-aop/4.3.18.RELEASE/spring-aop-4.3.18.RELEASE.jar:/home/shiro/.m2/repository/org/springframework/spring-aspects/4.3.18.RELEASE/spring-aspects-4.3.18.RELEASE.jar:/home/shiro/.m2/repository/org/springframework/spring-beans/4.3.18.RELEASE/spring-beans-4.3.18.RELEASE.jar:/home/shiro/.m2/repository/org/springframework/spring-context/4.3.18.RELEASE/spring-context-4.3.18.RELEASE.jar:/home/shiro/.m2/repository/org/springfra
Launcher Type: SUN_STANDARD

Environment Variables:
JAVA_HOME=/usr/lib/jdk/jdk1.8
JRE_HOME=/usr/lib/jdk/jdk1.8/jre
CLASSPATH=/opt/idea/lib/bootstrap.jar:/opt/idea/lib/extensions.jar:/opt/idea/lib/util.jar:/opt/idea/lib/jdom.jar:/opt/idea/lib/log4j.jar:/opt/idea/lib/trove4j.jar:/opt/idea/lib/jna.jar:/opt/idea/jre64/lib/tools.jar
PATH=/home/shiro/bin:/home/shiro/.local/bin:.:/usr/lib/jdk/jdk1.8/bin:/opt/hadoop/bin:.:/usr/lib/jdk/jdk1.8/bin:/usr/local/sbin:/usr/local/bin:/usr/sbin:/usr/bin:/sbin:/bin:/usr/games:/usr/local/games:/snap/bin:/opt/scala/bin:/bin:/opt/kafka/bin:/opt/idea/bin:/opt/hbase/bin:/opt/hive/bin:/opt/browserDriver/chromedriver:/opt/browserDriver/geckodriver:/opt/browserDriver/phantomjs
USERNAME=shiro
SHELL=/bin/bash
DISPLAY=:0

Signal Handlers:
SIGSEGV: [libjvm.so+0xaced60], sa_mask[0]=11111111011111111101111111111110, sa_flags=SA_RESTART|SA_SIGINFO
SIGBUS: [libjvm.so+0xaced60], sa_mask[0]=11111111011111111101111111111110, sa_flags=SA_RESTART|SA_SIGINFO
SIGFPE: [libjvm.so+0x907ca0], sa_mask[0]=11111111011111111101111111111110, sa_flags=SA_RESTART|SA_SIGINFO
SIGPIPE: [libjvm.so+0x907ca0], sa_mask[0]=11111111011111111101111111111110, sa_flags=SA_RESTART|SA_SIGINFO
SIGXFSZ: [libjvm.so+0x907ca0], sa_mask[0]=11111111011111111101111111111110, sa_flags=SA_RESTART|SA_SIGINFO
SIGILL: [libjvm.so+0x907ca0], sa_mask[0]=11111111011111111101111111111110, sa_flags=SA_RESTART|SA_SIGINFO
SIGUSR1: SIG_DFL, sa_mask[0]=00000000000000000000000000000000, sa_flags=none
SIGUSR2: [libjvm.so+0x907b70], sa_mask[0]=00100000000000000000000000000000, sa_flags=SA_RESTART|SA_SIGINFO
SIGHUP: SIG_IGN, sa_mask[0]=00000000000000000000000000000000, sa_flags=none
SIGINT: [libjvm.so+0x908190], sa_mask[0]=11111111011111111101111111111110, sa_flags=SA_RESTART|SA_SIGINFO
SIGTERM: [libjvm.so+0x908190], sa_mask[0]=11111111011111111101111111111110, sa_flags=SA_RESTART|SA_SIGINFO
SIGQUIT: [libjvm.so+0x908190], sa_mask[0]=11111111011111111101111111111110, sa_flags=SA_RESTART|SA_SIGINFO


---------------  S Y S T E M  ---------------

OS:DISTRIB_ID=Ubuntu
DISTRIB_RELEASE=18.04
DISTRIB_CODENAME=bionic
DISTRIB_DESCRIPTION="Ubuntu 18.04.2 LTS"

uname:Linux 4.15.0-50-generic #54-Ubuntu SMP Mon May 6 18:46:08 UTC 2019 x86_64
libc:glibc 2.27 NPTL 2.27 
rlimit: STACK 8192k, CORE 0k, NPROC 33954, NOFILE 1048576, AS infinity
load average:1.26 0.96 0.94

/proc/meminfo:
MemTotal:        8736296 kB
MemFree:          114980 kB
MemAvailable:     130864 kB
Buffers:           14280 kB
Cached:           218604 kB
SwapCached:            0 kB
Active:          7322064 kB
Inactive:         139776 kB
Active(anon):    7230568 kB
Inactive(anon):    34660 kB
Active(file):      91496 kB
Inactive(file):   105116 kB
Unevictable:          56 kB
Mlocked:              56 kB
SwapTotal:             0 kB
SwapFree:              0 kB
Dirty:                96 kB
Writeback:             0 kB
AnonPages:       7229128 kB
Mapped:           132216 kB
Shmem:             36260 kB
Slab:             260280 kB
SReclaimable:      85776 kB
SUnreclaim:       174504 kB
KernelStack:       26848 kB
PageTables:        76764 kB
NFS_Unstable:          0 kB
Bounce:                0 kB
WritebackTmp:          0 kB
CommitLimit:     4368148 kB
Committed_AS:   15388712 kB
VmallocTotal:   34359738367 kB
VmallocUsed:           0 kB
VmallocChunk:          0 kB
HardwareCorrupted:     0 kB
AnonHugePages:         0 kB
ShmemHugePages:        0 kB
ShmemPmdMapped:        0 kB
CmaTotal:              0 kB
CmaFree:               0 kB
HugePages_Total:       0
HugePages_Free:        0
HugePages_Rsvd:        0
HugePages_Surp:        0
Hugepagesize:       2048 kB
DirectMap4k:     1007424 kB
DirectMap2M:     7983104 kB
DirectMap1G:           0 kB

container (cgroup) information:
container_type: cgroupv1
cpu_cpuset_cpus: 0-3
cpu_memory_nodes: 0
active_processor_count: 4
cpu_quota: -1
cpu_period: 100000
cpu_shares: -1
memory_limit_in_bytes: -1
memory_and_swap_limit_in_bytes: -2
memory_soft_limit_in_bytes: -1
memory_usage_in_bytes: 7295328256
memory_max_usage_in_bytes: 7515574272


CPU:total 4 (initial active 4) (2 cores per cpu, 1 threads per core) family 6 model 142 stepping 10, cmov, cx8, fxsr, mmx, sse, sse2, sse3, ssse3, sse4.1, sse4.2, popcnt, avx, avx2, aes, clmul, erms, 3dnowpref, lzcnt, tsc, tscinvbit, bmi1, bmi2, adx

/proc/cpuinfo:
processor	: 0
vendor_id	: GenuineIntel
cpu family	: 6
model		: 142
model name	: Intel(R) Core(TM) i7-8550U CPU @ 1.80GHz
stepping	: 10
microcode	: 0x96
cpu MHz		: 2001.000
cache size	: 8192 KB
physical id	: 0
siblings	: 2
core id		: 0
cpu cores	: 2
apicid		: 0
initial apicid	: 0
fpu		: yes
fpu_exception	: yes
cpuid level	: 22
wp		: yes
flags		: fpu vme de pse tsc msr pae mce cx8 apic sep mtrr pge mca cmov pat pse36 clflush mmx fxsr sse sse2 ss ht syscall nx pdpe1gb rdtscp lm constant_tsc arch_perfmon nopl xtopology tsc_reliable nonstop_tsc cpuid pni pclmulqdq ssse3 fma cx16 pcid sse4_1 sse4_2 x2apic movbe popcnt tsc_deadline_timer aes xsave avx f16c rdrand hypervisor lahf_lm abm 3dnowprefetch cpuid_fault invpcid_single pti ssbd ibrs ibpb stibp fsgsbase tsc_adjust bmi1 avx2 smep bmi2 invpcid mpx rdseed adx smap clflushopt xsaveopt xsavec xsaves arat flush_l1d arch_capabilities
bugs		: cpu_meltdown spectre_v1 spectre_v2 spec_store_bypass l1tf mds
bogomips	: 4002.00
clflush size	: 64
cache_alignment	: 64
address sizes	: 43 bits physical, 48 bits virtual
power management:

processor	: 1
vendor_id	: GenuineIntel
cpu family	: 6
model		: 142
model name	: Intel(R) Core(TM) i7-8550U CPU @ 1.80GHz
stepping	: 10
microcode	: 0x96
cpu MHz		: 2001.000
cache size	: 8192 KB
physical id	: 0
siblings	: 2
core id		: 1
cpu cores	: 2
apicid		: 1
initial apicid	: 1
fpu		: yes
fpu_exception	: yes
cpuid level	: 22
wp		: yes
flags		: fpu vme de pse tsc msr pae mce cx8 apic sep mtrr pge mca cmov pat pse36 clflush mmx fxsr sse sse2 ss ht syscall nx pdpe1gb rdtscp lm constant_tsc arch_perfmon nopl xtopology tsc_reliable nonstop_tsc cpuid pni pclmulqdq ssse3 fma cx16 pcid sse4_1 sse4_2 x2apic movbe popcnt tsc_deadline_timer aes xsave avx f16c rdrand hypervisor lahf_lm abm 3dnowprefetch cpuid_fault invpcid_single pti ssbd ibrs ibpb stibp fsgsbase tsc_adjust bmi1 avx2 smep bmi2 invpcid mpx rdseed adx smap clflushopt xsaveopt xsavec xsaves arat flush_l1d arch_capabilities
bugs		: cpu_meltdown spectre_v1 spectre_v2 spec_store_bypass l1tf mds
bogomips	: 4002.00
clflush size	: 64
cache_alignment	: 64
address sizes	: 43 bits physical, 48 bits virtual
power management:

processor	: 2
vendor_id	: GenuineIntel
cpu family	: 6
model		: 142
model name	: Intel(R) Core(TM) i7-8550U CPU @ 1.80GHz
stepping	: 10
microcode	: 0x96
cpu MHz		: 2001.000
cache size	: 8192 KB
physical id	: 1
siblings	: 2
core id		: 0
cpu cores	: 2
apicid		: 2
initial apicid	: 2
fpu		: yes
fpu_exception	: yes
cpuid level	: 22
wp		: yes
flags		: fpu vme de pse tsc msr pae mce cx8 apic sep mtrr pge mca cmov pat pse36 clflush mmx fxsr sse sse2 ss ht syscall nx pdpe1gb rdtscp lm constant_tsc arch_perfmon nopl xtopology tsc_reliable nonstop_tsc cpuid pni pclmulqdq ssse3 fma cx16 pcid sse4_1 sse4_2 x2apic movbe popcnt tsc_deadline_timer aes xsave avx f16c rdrand hypervisor lahf_lm abm 3dnowprefetch cpuid_fault invpcid_single pti ssbd ibrs ibpb stibp fsgsbase tsc_adjust bmi1 avx2 smep bmi2 invpcid mpx rdseed adx smap clflushopt xsaveopt xsavec xsaves arat flush_l1d arch_capabilities
bugs		: cpu_meltdown spectre_v1 spectre_v2 spec_store_bypass l1tf mds
bogomips	: 4002.00
clflush size	: 64
cache_alignment	: 64
address sizes	: 43 bits physical, 48 bits virtual
power management:

processor	: 3
vendor_id	: GenuineIntel
cpu family	: 6
model		: 142
model name	: Intel(R) Core(TM) i7-8550U CPU @ 1.80GHz
stepping	: 10
microcode	: 0x96
cpu MHz		: 2001.000
cache size	: 8192 KB
physical id	: 1
siblings	: 2
core id		: 1
cpu cores	: 2
apicid		: 3
initial apicid	: 3
fpu		: yes
fpu_exception	: yes
cpuid level	: 22
wp		: yes
flags		: fpu vme de pse tsc msr pae mce cx8 apic sep mtrr pge mca cmov pat pse36 clflush mmx fxsr sse sse2 ss ht syscall nx pdpe1gb rdtscp lm constant_tsc arch_perfmon nopl xtopology tsc_reliable nonstop_tsc cpuid pni pclmulqdq ssse3 fma cx16 pcid sse4_1 sse4_2 x2apic movbe popcnt tsc_deadline_timer aes xsave avx f16c rdrand hypervisor lahf_lm abm 3dnowprefetch cpuid_fault invpcid_single pti ssbd ibrs ibpb stibp fsgsbase tsc_adjust bmi1 avx2 smep bmi2 invpcid mpx rdseed adx smap clflushopt xsaveopt xsavec xsaves arat flush_l1d arch_capabilities
bugs		: cpu_meltdown spectre_v1 spectre_v2 spec_store_bypass l1tf mds
bogomips	: 4002.00
clflush size	: 64
cache_alignment	: 64
address sizes	: 43 bits physical, 48 bits virtual
power management:



Memory: 4k page, physical 8736296k(114980k free), swap 0k(0k free)

vm_info: Java HotSpot(TM) 64-Bit Server VM (25.191-b12) for linux-amd64 JRE (1.8.0_191-b12), built on Oct  6 2018 05:43:09 by "java_re" with gcc 7.3.0

time: Wed May 22 20:05:09 2019
elapsed time: 10 seconds (0d 0h 0m 10s)

